<?xml version="1.0" encoding="UTF-8"?>
<TestRun id="1e673527-6781-42af-bf5f-ac7fc8f93c81" name="angusm@ANGUS-LAPTOP 2015-03-15 23:55:46" runUser="ANGUS-LAPTOP\angusm" xmlns="http://microsoft.com/schemas/VisualStudio/TeamTest/2010">
  <TestSettings name="Local" id="c40bac2d-459a-4c41-b6e1-f7b7dbb1d2f8">
    <Description>These are default test settings for a local test run.</Description>
    <Deployment enabled="false" runDeploymentRoot="angusm_ANGUS-LAPTOP 2015-03-15 23_55_46">
      <DeploymentItem filename="C:\GITRepository\CSharp\Glib\Glib\bin\Release\Glib.dll" />
    </Deployment>
    <Execution>
      <TestTypeSpecific />
      <AgentRule name="Execution Agents">
      </AgentRule>
    </Execution>
  </TestSettings>
  <Times creation="2015-03-15T23:55:46.8521412+10:00" queuing="2015-03-15T23:55:47.9912014+10:00" start="2015-03-15T23:55:48.1102842+10:00" finish="2015-03-15T23:55:54.6821911+10:00" />
  <ResultSummary outcome="Completed">
    <Counters total="211" executed="211" passed="211" error="0" failed="0" timeout="0" aborted="0" inconclusive="0" passedButRunAborted="0" notRunnable="0" notExecuted="0" disconnected="0" warning="0" completed="0" inProgress="0" pending="0" />
  </ResultSummary>
  <TestDefinitions>
    <UnitTest name="ClearAllTest" storage="c:\gitrepository\csharp\glib\testprojectglib\bin\release\testprojectglib.dll" id="e3bd59e2-736a-a74c-a5b4-2b8060fad9ac">
      <Execution id="e5fa14c9-8fb8-430c-aa51-199374b92ca7" />
      <TestMethod codeBase="C:/GITRepository/CSharp/Glib/TestProjectGlib/bin/Release/TestProjectGlib.DLL" adapterTypeName="Microsoft.VisualStudio.TestTools.TestTypes.Unit.UnitTestAdapter, Microsoft.VisualStudio.QualityTools.Tips.UnitTest.Adapter, Version=10.0.0.0, Culture=neutral, PublicKeyToken=b03f5f7f11d50a3a" className="TestProjectGlib.SubComponentTest, TestProjectGlib, Version=1.0.0.0, Culture=neutral, PublicKeyToken=null" name="ClearAllTest" />
    </UnitTest>
    <UnitTest name="AsDateHourMinTest" storage="c:\gitrepository\csharp\glib\testprojectglib\bin\release\testprojectglib.dll" id="c37cc704-6571-4c7f-5e90-86db92e43e93">
      <Execution id="8c5861ef-badf-479e-ab07-532f4d1802d6" />
      <TestMethod codeBase="C:/GITRepository/CSharp/Glib/TestProjectGlib/bin/Release/TestProjectGlib.DLL" adapterTypeName="Microsoft.VisualStudio.TestTools.TestTypes.Unit.UnitTestAdapter, Microsoft.VisualStudio.QualityTools.Tips.UnitTest.Adapter, Version=10.0.0.0, Culture=neutral, PublicKeyToken=b03f5f7f11d50a3a" className="TestProjectGlib.DateTimeTools_ConvertDateTimeToStringTest, TestProjectGlib, Version=1.0.0.0, Culture=neutral, PublicKeyToken=null" name="AsDateHourMinTest" />
    </UnitTest>
    <UnitTest name="HasTimeMillisecondsAndTimeZoneTest" storage="c:\gitrepository\csharp\glib\testprojectglib\bin\release\testprojectglib.dll" id="69006a4b-2bb8-cd05-18cd-ebc04e54b06a">
      <DeploymentItems>
        <DeploymentItem filename="Glib.dll" />
      </DeploymentItems>
      <Execution id="465a87cf-53a7-4c8c-9136-45fcad2fa307" />
      <TestMethod codeBase="C:/GITRepository/CSharp/Glib/TestProjectGlib/bin/Release/TestProjectGlib.DLL" adapterTypeName="Microsoft.VisualStudio.TestTools.TestTypes.Unit.UnitTestAdapter, Microsoft.VisualStudio.QualityTools.Tips.UnitTest.Adapter, Version=10.0.0.0, Culture=neutral, PublicKeyToken=b03f5f7f11d50a3a" className="TestProjectGlib.DateTimeTools_ConvertStringToDateTimeTest, TestProjectGlib, Version=1.0.0.0, Culture=neutral, PublicKeyToken=null" name="HasTimeMillisecondsAndTimeZoneTest" />
    </UnitTest>
    <UnitTest name="InsertTest1" storage="c:\gitrepository\csharp\glib\testprojectglib\bin\release\testprojectglib.dll" id="bc0f9aee-af0e-309f-c331-5b7305dffd88">
      <Execution id="16fe3e38-97c8-4eb1-8edc-f8a1e16e8262" />
      <TestMethod codeBase="C:/GITRepository/CSharp/Glib/TestProjectGlib/bin/Release/TestProjectGlib.DLL" adapterTypeName="Microsoft.VisualStudio.TestTools.TestTypes.Unit.UnitTestAdapter, Microsoft.VisualStudio.QualityTools.Tips.UnitTest.Adapter, Version=10.0.0.0, Culture=neutral, PublicKeyToken=b03f5f7f11d50a3a" className="TestProjectGlib.ComponentTest, TestProjectGlib, Version=1.0.0.0, Culture=neutral, PublicKeyToken=null" name="InsertTest1" />
    </UnitTest>
    <UnitTest name="SegmentListTest" storage="c:\gitrepository\csharp\glib\testprojectglib\bin\release\testprojectglib.dll" id="b2eb1e14-bea9-e296-a2b0-1e95dd6e0f89">
      <Execution id="0eaad4b6-6e1b-44a2-99b1-9d6150535b17" />
      <TestMethod codeBase="C:/GITRepository/CSharp/Glib/TestProjectGlib/bin/Release/TestProjectGlib.DLL" adapterTypeName="Microsoft.VisualStudio.TestTools.TestTypes.Unit.UnitTestAdapter, Microsoft.VisualStudio.QualityTools.Tips.UnitTest.Adapter, Version=10.0.0.0, Culture=neutral, PublicKeyToken=b03f5f7f11d50a3a" className="TestProjectGlib.MessageTest, TestProjectGlib, Version=1.0.0.0, Culture=neutral, PublicKeyToken=null" name="SegmentListTest" />
    </UnitTest>
    <UnitTest name="ToStringTest" storage="c:\gitrepository\csharp\glib\testprojectglib\bin\release\testprojectglib.dll" id="50a4b4d5-a824-5b66-26bf-9124f5072895">
      <Execution id="d569dd43-ba27-4f50-8744-595789a421ea" />
      <TestMethod codeBase="C:/GITRepository/CSharp/Glib/TestProjectGlib/bin/Release/TestProjectGlib.DLL" adapterTypeName="Microsoft.VisualStudio.TestTools.TestTypes.Unit.UnitTestAdapter, Microsoft.VisualStudio.QualityTools.Tips.UnitTest.Adapter, Version=10.0.0.0, Culture=neutral, PublicKeyToken=b03f5f7f11d50a3a" className="TestProjectGlib.ElementTest, TestProjectGlib, Version=1.0.0.0, Culture=neutral, PublicKeyToken=null" name="ToStringTest" />
    </UnitTest>
    <UnitTest name="AsDateTest" storage="c:\gitrepository\csharp\glib\testprojectglib\bin\release\testprojectglib.dll" id="1ea9597c-d096-2afc-66c5-dd9341a18801">
      <Execution id="fc79c36d-ef4c-4d82-85db-266603810948" />
      <TestMethod codeBase="C:/GITRepository/CSharp/Glib/TestProjectGlib/bin/Release/TestProjectGlib.DLL" adapterTypeName="Microsoft.VisualStudio.TestTools.TestTypes.Unit.UnitTestAdapter, Microsoft.VisualStudio.QualityTools.Tips.UnitTest.Adapter, Version=10.0.0.0, Culture=neutral, PublicKeyToken=b03f5f7f11d50a3a" className="TestProjectGlib.DateTimeTools_ConvertDateTimeToStringTest, TestProjectGlib, Version=1.0.0.0, Culture=neutral, PublicKeyToken=null" name="AsDateTest" />
    </UnitTest>
    <UnitTest name="RemoveContentAtTest" storage="c:\gitrepository\csharp\glib\testprojectglib\bin\release\testprojectglib.dll" id="4bff0ad5-e896-1b4d-1081-a1490afafa42">
      <Execution id="5fc8d554-5bd4-44da-addd-4226d49849d5" />
      <TestMethod codeBase="C:/GITRepository/CSharp/Glib/TestProjectGlib/bin/Release/TestProjectGlib.DLL" adapterTypeName="Microsoft.VisualStudio.TestTools.TestTypes.Unit.UnitTestAdapter, Microsoft.VisualStudio.QualityTools.Tips.UnitTest.Adapter, Version=10.0.0.0, Culture=neutral, PublicKeyToken=b03f5f7f11d50a3a" className="TestProjectGlib.SubComponentTest, TestProjectGlib, Version=1.0.0.0, Culture=neutral, PublicKeyToken=null" name="RemoveContentAtTest" />
    </UnitTest>
    <UnitTest name="RemoveFieldAtTest" storage="c:\gitrepository\csharp\glib\testprojectglib\bin\release\testprojectglib.dll" id="62c24a39-3e15-9930-3a10-9e29e5408430">
      <Execution id="2cfe1393-b14b-47ac-8c0f-4559b93c3c89" />
      <TestMethod codeBase="C:/GITRepository/CSharp/Glib/TestProjectGlib/bin/Release/TestProjectGlib.DLL" adapterTypeName="Microsoft.VisualStudio.TestTools.TestTypes.Unit.UnitTestAdapter, Microsoft.VisualStudio.QualityTools.Tips.UnitTest.Adapter, Version=10.0.0.0, Culture=neutral, PublicKeyToken=b03f5f7f11d50a3a" className="TestProjectGlib.SegmentTest, TestProjectGlib, Version=1.0.0.0, Culture=neutral, PublicKeyToken=null" name="RemoveFieldAtTest" />
    </UnitTest>
    <UnitTest name="ContentConstructorTest6" storage="c:\gitrepository\csharp\glib\testprojectglib\bin\release\testprojectglib.dll" id="0f1104b0-2d82-7414-004c-52659e3b91e6">
      <Execution id="76d00eb6-7f1a-4833-90c5-4af06370d312" />
      <TestMethod codeBase="C:/GITRepository/CSharp/Glib/TestProjectGlib/bin/Release/TestProjectGlib.DLL" adapterTypeName="Microsoft.VisualStudio.TestTools.TestTypes.Unit.UnitTestAdapter, Microsoft.VisualStudio.QualityTools.Tips.UnitTest.Adapter, Version=10.0.0.0, Culture=neutral, PublicKeyToken=b03f5f7f11d50a3a" className="TestProjectGlib.ContentTest, TestProjectGlib, Version=1.0.0.0, Culture=neutral, PublicKeyToken=null" name="ContentConstructorTest6" />
    </UnitTest>
    <UnitTest name="ToStringTest" storage="c:\gitrepository\csharp\glib\testprojectglib\bin\release\testprojectglib.dll" id="068ee4da-4219-485f-f9a9-dc524fcc05e8">
      <Execution id="5059be58-736c-471f-b695-cd9056216736" />
      <TestMethod codeBase="C:/GITRepository/CSharp/Glib/TestProjectGlib/bin/Release/TestProjectGlib.DLL" adapterTypeName="Microsoft.VisualStudio.TestTools.TestTypes.Unit.UnitTestAdapter, Microsoft.VisualStudio.QualityTools.Tips.UnitTest.Adapter, Version=10.0.0.0, Culture=neutral, PublicKeyToken=b03f5f7f11d50a3a" className="TestProjectGlib.MessageTest, TestProjectGlib, Version=1.0.0.0, Culture=neutral, PublicKeyToken=null" name="ToStringTest" />
    </UnitTest>
    <UnitTest name="CloseTest" storage="c:\gitrepository\csharp\glib\testprojectglib\bin\release\testprojectglib.dll" id="53a4311b-e47e-284e-52cb-41e1adabe3b7">
      <Execution id="9c7323ed-8563-472a-895b-f3d3d6e8dd62" />
      <TestMethod codeBase="C:/GITRepository/CSharp/Glib/TestProjectGlib/bin/Release/TestProjectGlib.DLL" adapterTypeName="Microsoft.VisualStudio.TestTools.TestTypes.Unit.UnitTestAdapter, Microsoft.VisualStudio.QualityTools.Tips.UnitTest.Adapter, Version=10.0.0.0, Culture=neutral, PublicKeyToken=b03f5f7f11d50a3a" className="TestProjectGlib.Hl7ReaderTest, TestProjectGlib, Version=1.0.0.0, Culture=neutral, PublicKeyToken=null" name="CloseTest" />
    </UnitTest>
    <UnitTest name="FieldConstructorTest1" storage="c:\gitrepository\csharp\glib\testprojectglib\bin\release\testprojectglib.dll" id="f9fb7caa-10d0-d537-0bee-7128754a588f">
      <Execution id="15897dee-7a2c-4f35-82b1-968bcc7e6d33" />
      <TestMethod codeBase="C:/GITRepository/CSharp/Glib/TestProjectGlib/bin/Release/TestProjectGlib.DLL" adapterTypeName="Microsoft.VisualStudio.TestTools.TestTypes.Unit.UnitTestAdapter, Microsoft.VisualStudio.QualityTools.Tips.UnitTest.Adapter, Version=10.0.0.0, Culture=neutral, PublicKeyToken=b03f5f7f11d50a3a" className="TestProjectGlib.FieldTest, TestProjectGlib, Version=1.0.0.0, Culture=neutral, PublicKeyToken=null" name="FieldConstructorTest1" />
    </UnitTest>
    <UnitTest name="SegmentTest1" storage="c:\gitrepository\csharp\glib\testprojectglib\bin\release\testprojectglib.dll" id="657b03ae-c6ed-cf3b-d3fd-383cfaaed277">
      <Execution id="2a34c54b-f876-4976-abd0-32621111c1eb" />
      <TestMethod codeBase="C:/GITRepository/CSharp/Glib/TestProjectGlib/bin/Release/TestProjectGlib.DLL" adapterTypeName="Microsoft.VisualStudio.TestTools.TestTypes.Unit.UnitTestAdapter, Microsoft.VisualStudio.QualityTools.Tips.UnitTest.Adapter, Version=10.0.0.0, Culture=neutral, PublicKeyToken=b03f5f7f11d50a3a" className="TestProjectGlib.MessageTest, TestProjectGlib, Version=1.0.0.0, Culture=neutral, PublicKeyToken=null" name="SegmentTest1" />
    </UnitTest>
    <UnitTest name="MessageControlIDTest" storage="c:\gitrepository\csharp\glib\testprojectglib\bin\release\testprojectglib.dll" id="cc555133-a437-76ab-0a74-82c55de705e8">
      <Execution id="472e2d0f-a01d-41f6-ad09-0c8980ee07f8" />
      <TestMethod codeBase="C:/GITRepository/CSharp/Glib/TestProjectGlib/bin/Release/TestProjectGlib.DLL" adapterTypeName="Microsoft.VisualStudio.TestTools.TestTypes.Unit.UnitTestAdapter, Microsoft.VisualStudio.QualityTools.Tips.UnitTest.Adapter, Version=10.0.0.0, Culture=neutral, PublicKeyToken=b03f5f7f11d50a3a" className="TestProjectGlib.MessageTest, TestProjectGlib, Version=1.0.0.0, Culture=neutral, PublicKeyToken=null" name="MessageControlIDTest" />
    </UnitTest>
    <UnitTest name="ContentConstructorTest4" storage="c:\gitrepository\csharp\glib\testprojectglib\bin\release\testprojectglib.dll" id="e74d6791-3965-d5cc-acd4-9d778742eb75">
      <Execution id="4599128e-69d3-4c0f-afcf-834f89441d87" />
      <TestMethod codeBase="C:/GITRepository/CSharp/Glib/TestProjectGlib/bin/Release/TestProjectGlib.DLL" adapterTypeName="Microsoft.VisualStudio.TestTools.TestTypes.Unit.UnitTestAdapter, Microsoft.VisualStudio.QualityTools.Tips.UnitTest.Adapter, Version=10.0.0.0, Culture=neutral, PublicKeyToken=b03f5f7f11d50a3a" className="TestProjectGlib.ContentTest, TestProjectGlib, Version=1.0.0.0, Culture=neutral, PublicKeyToken=null" name="ContentConstructorTest4" />
    </UnitTest>
    <UnitTest name="RemoveSubComponentAtTest" storage="c:\gitrepository\csharp\glib\testprojectglib\bin\release\testprojectglib.dll" id="f68c8a02-1470-d08d-1c7b-4369d1481c87">
      <Execution id="65a96141-0e4b-4137-aa40-0432aa3c3cb0" />
      <TestMethod codeBase="C:/GITRepository/CSharp/Glib/TestProjectGlib/bin/Release/TestProjectGlib.DLL" adapterTypeName="Microsoft.VisualStudio.TestTools.TestTypes.Unit.UnitTestAdapter, Microsoft.VisualStudio.QualityTools.Tips.UnitTest.Adapter, Version=10.0.0.0, Culture=neutral, PublicKeyToken=b03f5f7f11d50a3a" className="TestProjectGlib.ComponentTest, TestProjectGlib, Version=1.0.0.0, Culture=neutral, PublicKeyToken=null" name="RemoveSubComponentAtTest" />
    </UnitTest>
    <UnitTest name="FieldConstructorTest2" storage="c:\gitrepository\csharp\glib\testprojectglib\bin\release\testprojectglib.dll" id="5425a998-6ae1-bd4a-2828-b41e0f99ea29">
      <Execution id="1b82709b-79b0-4a7d-a5fb-65d707a89fff" />
      <TestMethod codeBase="C:/GITRepository/CSharp/Glib/TestProjectGlib/bin/Release/TestProjectGlib.DLL" adapterTypeName="Microsoft.VisualStudio.TestTools.TestTypes.Unit.UnitTestAdapter, Microsoft.VisualStudio.QualityTools.Tips.UnitTest.Adapter, Version=10.0.0.0, Culture=neutral, PublicKeyToken=b03f5f7f11d50a3a" className="TestProjectGlib.FieldTest, TestProjectGlib, Version=1.0.0.0, Culture=neutral, PublicKeyToken=null" name="FieldConstructorTest2" />
    </UnitTest>
    <UnitTest name="MessageConstructorTest" storage="c:\gitrepository\csharp\glib\testprojectglib\bin\release\testprojectglib.dll" id="0f69c36b-493c-8fb0-e292-61a29a24b837">
      <Execution id="75047644-4f30-4fdc-91c8-9108e17da8f1" />
      <TestMethod codeBase="C:/GITRepository/CSharp/Glib/TestProjectGlib/bin/Release/TestProjectGlib.DLL" adapterTypeName="Microsoft.VisualStudio.TestTools.TestTypes.Unit.UnitTestAdapter, Microsoft.VisualStudio.QualityTools.Tips.UnitTest.Adapter, Version=10.0.0.0, Culture=neutral, PublicKeyToken=b03f5f7f11d50a3a" className="TestProjectGlib.MessageTest, TestProjectGlib, Version=1.0.0.0, Culture=neutral, PublicKeyToken=null" name="MessageConstructorTest" />
    </UnitTest>
    <UnitTest name="ComponentConstructorTest3" storage="c:\gitrepository\csharp\glib\testprojectglib\bin\release\testprojectglib.dll" id="185dc60c-75d6-b20a-81be-f0dc0aef7d75">
      <Execution id="c86f79d2-b607-426a-b2e1-1e85e2ea2351" />
      <TestMethod codeBase="C:/GITRepository/CSharp/Glib/TestProjectGlib/bin/Release/TestProjectGlib.DLL" adapterTypeName="Microsoft.VisualStudio.TestTools.TestTypes.Unit.UnitTestAdapter, Microsoft.VisualStudio.QualityTools.Tips.UnitTest.Adapter, Version=10.0.0.0, Culture=neutral, PublicKeyToken=b03f5f7f11d50a3a" className="TestProjectGlib.ComponentTest, TestProjectGlib, Version=1.0.0.0, Culture=neutral, PublicKeyToken=null" name="ComponentConstructorTest3" />
    </UnitTest>
    <UnitTest name="MainSeparatorTest" storage="c:\gitrepository\csharp\glib\testprojectglib\bin\release\testprojectglib.dll" id="282e4e5e-978c-9145-a967-60e02e5af049">
      <Execution id="df5d89d9-01df-4c7f-a57a-cd1d1f541139" />
      <TestMethod codeBase="C:/GITRepository/CSharp/Glib/TestProjectGlib/bin/Release/TestProjectGlib.DLL" adapterTypeName="Microsoft.VisualStudio.TestTools.TestTypes.Unit.UnitTestAdapter, Microsoft.VisualStudio.QualityTools.Tips.UnitTest.Adapter, Version=10.0.0.0, Culture=neutral, PublicKeyToken=b03f5f7f11d50a3a" className="TestProjectGlib.MessageTest, TestProjectGlib, Version=1.0.0.0, Culture=neutral, PublicKeyToken=null" name="MainSeparatorTest" />
    </UnitTest>
    <UnitTest name="MessageConstructorTest1" storage="c:\gitrepository\csharp\glib\testprojectglib\bin\release\testprojectglib.dll" id="2f654289-9617-b10b-e542-e8186ac6ae6d">
      <Execution id="964f227b-2e58-4807-ba02-e79b7bafe9a1" />
      <TestMethod codeBase="C:/GITRepository/CSharp/Glib/TestProjectGlib/bin/Release/TestProjectGlib.DLL" adapterTypeName="Microsoft.VisualStudio.TestTools.TestTypes.Unit.UnitTestAdapter, Microsoft.VisualStudio.QualityTools.Tips.UnitTest.Adapter, Version=10.0.0.0, Culture=neutral, PublicKeyToken=b03f5f7f11d50a3a" className="TestProjectGlib.MessageTest, TestProjectGlib, Version=1.0.0.0, Culture=neutral, PublicKeyToken=null" name="MessageConstructorTest1" />
    </UnitTest>
    <UnitTest name="InsertTest1" storage="c:\gitrepository\csharp\glib\testprojectglib\bin\release\testprojectglib.dll" id="e9992c95-3268-77fc-18a7-b02c1de4585f">
      <Execution id="5f442330-a8f0-4e42-b017-3962bf298ac2" />
      <TestMethod codeBase="C:/GITRepository/CSharp/Glib/TestProjectGlib/bin/Release/TestProjectGlib.DLL" adapterTypeName="Microsoft.VisualStudio.TestTools.TestTypes.Unit.UnitTestAdapter, Microsoft.VisualStudio.QualityTools.Tips.UnitTest.Adapter, Version=10.0.0.0, Culture=neutral, PublicKeyToken=b03f5f7f11d50a3a" className="TestProjectGlib.SubComponentTest, TestProjectGlib, Version=1.0.0.0, Culture=neutral, PublicKeyToken=null" name="InsertTest1" />
    </UnitTest>
    <UnitTest name="AddTest" storage="c:\gitrepository\csharp\glib\testprojectglib\bin\release\testprojectglib.dll" id="851ef1d3-a812-cf2f-2423-ef5e5794b37d">
      <Execution id="dd48d8a3-7950-4c6f-96c8-d0b598e4b400" />
      <TestMethod codeBase="C:/GITRepository/CSharp/Glib/TestProjectGlib/bin/Release/TestProjectGlib.DLL" adapterTypeName="Microsoft.VisualStudio.TestTools.TestTypes.Unit.UnitTestAdapter, Microsoft.VisualStudio.QualityTools.Tips.UnitTest.Adapter, Version=10.0.0.0, Culture=neutral, PublicKeyToken=b03f5f7f11d50a3a" className="TestProjectGlib.ElementTest, TestProjectGlib, Version=1.0.0.0, Culture=neutral, PublicKeyToken=null" name="AddTest" />
    </UnitTest>
    <UnitTest name="DecoderTest" storage="c:\gitrepository\csharp\glib\testprojectglib\bin\release\testprojectglib.dll" id="dc5c1174-a19a-b858-78d3-868e90f52906">
      <Execution id="93dd1249-ca1e-4fe7-ad80-69120dea5d25" />
      <TestMethod codeBase="C:/GITRepository/CSharp/Glib/TestProjectGlib/bin/Release/TestProjectGlib.DLL" adapterTypeName="Microsoft.VisualStudio.TestTools.TestTypes.Unit.UnitTestAdapter, Microsoft.VisualStudio.QualityTools.Tips.UnitTest.Adapter, Version=10.0.0.0, Culture=neutral, PublicKeyToken=b03f5f7f11d50a3a" className="TestProjectGlib.Base64Test, TestProjectGlib, Version=1.0.0.0, Culture=neutral, PublicKeyToken=null" name="DecoderTest" />
    </UnitTest>
    <UnitTest name="AsStringRawTest" storage="c:\gitrepository\csharp\glib\testprojectglib\bin\release\testprojectglib.dll" id="103ae38f-7bdb-fa7e-61ed-44691586c811">
      <Execution id="8c8e90bd-8079-4fbb-9c08-f487044d3c13" />
      <TestMethod codeBase="C:/GITRepository/CSharp/Glib/TestProjectGlib/bin/Release/TestProjectGlib.DLL" adapterTypeName="Microsoft.VisualStudio.TestTools.TestTypes.Unit.UnitTestAdapter, Microsoft.VisualStudio.QualityTools.Tips.UnitTest.Adapter, Version=10.0.0.0, Culture=neutral, PublicKeyToken=b03f5f7f11d50a3a" className="TestProjectGlib.ComponentTest, TestProjectGlib, Version=1.0.0.0, Culture=neutral, PublicKeyToken=null" name="AsStringRawTest" />
    </UnitTest>
    <UnitTest name="TestSubComponentAddingContent" storage="c:\gitrepository\csharp\glib\testprojectglib\bin\release\testprojectglib.dll" id="81c8be9e-d70b-1223-942f-8fd68c01deff">
      <Execution id="ed5e4b14-28bd-43c0-ae79-658152a6dc30" />
      <TestMethod codeBase="C:/GITRepository/CSharp/Glib/TestProjectGlib/bin/Release/TestProjectGlib.DLL" adapterTypeName="Microsoft.VisualStudio.TestTools.TestTypes.Unit.UnitTestAdapter, Microsoft.VisualStudio.QualityTools.Tips.UnitTest.Adapter, Version=10.0.0.0, Culture=neutral, PublicKeyToken=b03f5f7f11d50a3a" className="TestProjectGlib.UnitTestSubComponentModel, TestProjectGlib, Version=1.0.0.0, Culture=neutral, PublicKeyToken=null" name="TestSubComponentAddingContent" />
    </UnitTest>
    <UnitTest name="RemoveRepeatAtTest" storage="c:\gitrepository\csharp\glib\testprojectglib\bin\release\testprojectglib.dll" id="2bc46832-ff39-471c-cab0-e60265a8cf1a">
      <Execution id="fdec38e2-cf56-4aa6-b883-c7d010ac54af" />
      <TestMethod codeBase="C:/GITRepository/CSharp/Glib/TestProjectGlib/bin/Release/TestProjectGlib.DLL" adapterTypeName="Microsoft.VisualStudio.TestTools.TestTypes.Unit.UnitTestAdapter, Microsoft.VisualStudio.QualityTools.Tips.UnitTest.Adapter, Version=10.0.0.0, Culture=neutral, PublicKeyToken=b03f5f7f11d50a3a" className="TestProjectGlib.ElementTest, TestProjectGlib, Version=1.0.0.0, Culture=neutral, PublicKeyToken=null" name="RemoveRepeatAtTest" />
    </UnitTest>
    <UnitTest name="MessageVersionTest" storage="c:\gitrepository\csharp\glib\testprojectglib\bin\release\testprojectglib.dll" id="ca074321-703a-c011-3524-71ae90f517d5">
      <Execution id="ccbbd6d9-6130-4ff8-9be8-ab718d1ee7ab" />
      <TestMethod codeBase="C:/GITRepository/CSharp/Glib/TestProjectGlib/bin/Release/TestProjectGlib.DLL" adapterTypeName="Microsoft.VisualStudio.TestTools.TestTypes.Unit.UnitTestAdapter, Microsoft.VisualStudio.QualityTools.Tips.UnitTest.Adapter, Version=10.0.0.0, Culture=neutral, PublicKeyToken=b03f5f7f11d50a3a" className="TestProjectGlib.MessageTest, TestProjectGlib, Version=1.0.0.0, Culture=neutral, PublicKeyToken=null" name="MessageVersionTest" />
    </UnitTest>
    <UnitTest name="SubComponentListTest" storage="c:\gitrepository\csharp\glib\testprojectglib\bin\release\testprojectglib.dll" id="485fbc4e-b87e-c449-d941-c4ad880a6114">
      <Execution id="8baf508b-b8ee-4704-a7a4-e3788a47d9a4" />
      <TestMethod codeBase="C:/GITRepository/CSharp/Glib/TestProjectGlib/bin/Release/TestProjectGlib.DLL" adapterTypeName="Microsoft.VisualStudio.TestTools.TestTypes.Unit.UnitTestAdapter, Microsoft.VisualStudio.QualityTools.Tips.UnitTest.Adapter, Version=10.0.0.0, Culture=neutral, PublicKeyToken=b03f5f7f11d50a3a" className="TestProjectGlib.ComponentTest, TestProjectGlib, Version=1.0.0.0, Culture=neutral, PublicKeyToken=null" name="SubComponentListTest" />
    </UnitTest>
    <UnitTest name="IsEmptyTest" storage="c:\gitrepository\csharp\glib\testprojectglib\bin\release\testprojectglib.dll" id="07a45700-0b26-e484-c6c1-cc15104bb68b">
      <Execution id="8080073d-f7da-426c-9417-7eab7ab3ba17" />
      <TestMethod codeBase="C:/GITRepository/CSharp/Glib/TestProjectGlib/bin/Release/TestProjectGlib.DLL" adapterTypeName="Microsoft.VisualStudio.TestTools.TestTypes.Unit.UnitTestAdapter, Microsoft.VisualStudio.QualityTools.Tips.UnitTest.Adapter, Version=10.0.0.0, Culture=neutral, PublicKeyToken=b03f5f7f11d50a3a" className="TestProjectGlib.ComponentTest, TestProjectGlib, Version=1.0.0.0, Culture=neutral, PublicKeyToken=null" name="IsEmptyTest" />
    </UnitTest>
    <UnitTest name="CloneTest" storage="c:\gitrepository\csharp\glib\testprojectglib\bin\release\testprojectglib.dll" id="faec3610-6546-8bf2-fdbe-dee7799c6609">
      <Execution id="3836a746-b909-4f91-bbae-584bc7b8be47" />
      <TestMethod codeBase="C:/GITRepository/CSharp/Glib/TestProjectGlib/bin/Release/TestProjectGlib.DLL" adapterTypeName="Microsoft.VisualStudio.TestTools.TestTypes.Unit.UnitTestAdapter, Microsoft.VisualStudio.QualityTools.Tips.UnitTest.Adapter, Version=10.0.0.0, Culture=neutral, PublicKeyToken=b03f5f7f11d50a3a" className="TestProjectGlib.MessageTest, TestProjectGlib, Version=1.0.0.0, Culture=neutral, PublicKeyToken=null" name="CloneTest" />
    </UnitTest>
    <UnitTest name="ContentCountTest" storage="c:\gitrepository\csharp\glib\testprojectglib\bin\release\testprojectglib.dll" id="50d2563d-2a72-e20a-d402-ebae14660478">
      <Execution id="bf6652c9-85cf-4d78-956e-cc10e44466f3" />
      <TestMethod codeBase="C:/GITRepository/CSharp/Glib/TestProjectGlib/bin/Release/TestProjectGlib.DLL" adapterTypeName="Microsoft.VisualStudio.TestTools.TestTypes.Unit.UnitTestAdapter, Microsoft.VisualStudio.QualityTools.Tips.UnitTest.Adapter, Version=10.0.0.0, Culture=neutral, PublicKeyToken=b03f5f7f11d50a3a" className="TestProjectGlib.FieldTest, TestProjectGlib, Version=1.0.0.0, Culture=neutral, PublicKeyToken=null" name="ContentCountTest" />
    </UnitTest>
    <UnitTest name="CodeTest" storage="c:\gitrepository\csharp\glib\testprojectglib\bin\release\testprojectglib.dll" id="2c490933-23ca-68f4-cbd9-a962f93322ae">
      <Execution id="ad882b35-2372-4721-bc10-ff99769bbbf7" />
      <TestMethod codeBase="C:/GITRepository/CSharp/Glib/TestProjectGlib/bin/Release/TestProjectGlib.DLL" adapterTypeName="Microsoft.VisualStudio.TestTools.TestTypes.Unit.UnitTestAdapter, Microsoft.VisualStudio.QualityTools.Tips.UnitTest.Adapter, Version=10.0.0.0, Culture=neutral, PublicKeyToken=b03f5f7f11d50a3a" className="TestProjectGlib.SegmentTest, TestProjectGlib, Version=1.0.0.0, Culture=neutral, PublicKeyToken=null" name="CodeTest" />
    </UnitTest>
    <UnitTest name="SetTest1" storage="c:\gitrepository\csharp\glib\testprojectglib\bin\release\testprojectglib.dll" id="e8981139-2ae8-16f1-196c-8bb762fef77c">
      <Execution id="13f35ed4-72c4-4dbb-aac5-bdc3e74b87cd" />
      <TestMethod codeBase="C:/GITRepository/CSharp/Glib/TestProjectGlib/bin/Release/TestProjectGlib.DLL" adapterTypeName="Microsoft.VisualStudio.TestTools.TestTypes.Unit.UnitTestAdapter, Microsoft.VisualStudio.QualityTools.Tips.UnitTest.Adapter, Version=10.0.0.0, Culture=neutral, PublicKeyToken=b03f5f7f11d50a3a" className="TestProjectGlib.FieldTest, TestProjectGlib, Version=1.0.0.0, Culture=neutral, PublicKeyToken=null" name="SetTest1" />
    </UnitTest>
    <UnitTest name="SegmentListTest1" storage="c:\gitrepository\csharp\glib\testprojectglib\bin\release\testprojectglib.dll" id="beb508f7-d47b-8ea2-828f-479b5652e52a">
      <Execution id="7cc48a52-d35e-43ab-a9ba-07253860a53a" />
      <TestMethod codeBase="C:/GITRepository/CSharp/Glib/TestProjectGlib/bin/Release/TestProjectGlib.DLL" adapterTypeName="Microsoft.VisualStudio.TestTools.TestTypes.Unit.UnitTestAdapter, Microsoft.VisualStudio.QualityTools.Tips.UnitTest.Adapter, Version=10.0.0.0, Culture=neutral, PublicKeyToken=b03f5f7f11d50a3a" className="TestProjectGlib.MessageTest, TestProjectGlib, Version=1.0.0.0, Culture=neutral, PublicKeyToken=null" name="SegmentListTest1" />
    </UnitTest>
    <UnitTest name="ComponentCountTest" storage="c:\gitrepository\csharp\glib\testprojectglib\bin\release\testprojectglib.dll" id="7f2316ab-329b-9b41-b4ce-ccb71981bb17">
      <Execution id="ef4e175b-5866-4603-8e51-9cc34d860484" />
      <TestMethod codeBase="C:/GITRepository/CSharp/Glib/TestProjectGlib/bin/Release/TestProjectGlib.DLL" adapterTypeName="Microsoft.VisualStudio.TestTools.TestTypes.Unit.UnitTestAdapter, Microsoft.VisualStudio.QualityTools.Tips.UnitTest.Adapter, Version=10.0.0.0, Culture=neutral, PublicKeyToken=b03f5f7f11d50a3a" className="TestProjectGlib.FieldTest, TestProjectGlib, Version=1.0.0.0, Culture=neutral, PublicKeyToken=null" name="ComponentCountTest" />
    </UnitTest>
    <UnitTest name="CloneTest" storage="c:\gitrepository\csharp\glib\testprojectglib\bin\release\testprojectglib.dll" id="c3f602b3-e22c-03e3-9482-4e48793ee541">
      <Execution id="1a22f390-bc1e-4d0a-b797-febcb3397262" />
      <TestMethod codeBase="C:/GITRepository/CSharp/Glib/TestProjectGlib/bin/Release/TestProjectGlib.DLL" adapterTypeName="Microsoft.VisualStudio.TestTools.TestTypes.Unit.UnitTestAdapter, Microsoft.VisualStudio.QualityTools.Tips.UnitTest.Adapter, Version=10.0.0.0, Culture=neutral, PublicKeyToken=b03f5f7f11d50a3a" className="TestProjectGlib.SegmentTest, TestProjectGlib, Version=1.0.0.0, Culture=neutral, PublicKeyToken=null" name="CloneTest" />
    </UnitTest>
    <UnitTest name="TestFieldCreate" storage="c:\gitrepository\csharp\glib\testprojectglib\bin\release\testprojectglib.dll" id="73fcddfd-0abf-4092-fa36-e303fa699e43">
      <Execution id="d399473e-6a78-4f75-a937-a53335327b07" />
      <TestMethod codeBase="C:/GITRepository/CSharp/Glib/TestProjectGlib/bin/Release/TestProjectGlib.DLL" adapterTypeName="Microsoft.VisualStudio.TestTools.TestTypes.Unit.UnitTestAdapter, Microsoft.VisualStudio.QualityTools.Tips.UnitTest.Adapter, Version=10.0.0.0, Culture=neutral, PublicKeyToken=b03f5f7f11d50a3a" className="TestProjectGlib.UnitTestElementModel, TestProjectGlib, Version=1.0.0.0, Culture=neutral, PublicKeyToken=null" name="TestFieldCreate" />
    </UnitTest>
    <UnitTest name="IsHL7NullTest" storage="c:\gitrepository\csharp\glib\testprojectglib\bin\release\testprojectglib.dll" id="42fa85c9-4d31-c930-f249-93b92ee77398">
      <Execution id="ad021f43-1051-45c2-9a9e-af52179fe92e" />
      <TestMethod codeBase="C:/GITRepository/CSharp/Glib/TestProjectGlib/bin/Release/TestProjectGlib.DLL" adapterTypeName="Microsoft.VisualStudio.TestTools.TestTypes.Unit.UnitTestAdapter, Microsoft.VisualStudio.QualityTools.Tips.UnitTest.Adapter, Version=10.0.0.0, Culture=neutral, PublicKeyToken=b03f5f7f11d50a3a" className="TestProjectGlib.SubComponentTest, TestProjectGlib, Version=1.0.0.0, Culture=neutral, PublicKeyToken=null" name="IsHL7NullTest" />
    </UnitTest>
    <UnitTest name="ToStringTest" storage="c:\gitrepository\csharp\glib\testprojectglib\bin\release\testprojectglib.dll" id="c812c44a-5c44-51b8-b655-5885aea417c4">
      <Execution id="1890472a-7824-4c0b-9696-d59c92d092af" />
      <TestMethod codeBase="C:/GITRepository/CSharp/Glib/TestProjectGlib/bin/Release/TestProjectGlib.DLL" adapterTypeName="Microsoft.VisualStudio.TestTools.TestTypes.Unit.UnitTestAdapter, Microsoft.VisualStudio.QualityTools.Tips.UnitTest.Adapter, Version=10.0.0.0, Culture=neutral, PublicKeyToken=b03f5f7f11d50a3a" className="TestProjectGlib.SubComponentTest, TestProjectGlib, Version=1.0.0.0, Culture=neutral, PublicKeyToken=null" name="ToStringTest" />
    </UnitTest>
    <UnitTest name="AsDateHourMinSecTest1" storage="c:\gitrepository\csharp\glib\testprojectglib\bin\release\testprojectglib.dll" id="93964659-b15c-c098-848e-862a0968f755">
      <Execution id="6fbe2a9c-a380-46e7-9c54-6c88a572f67e" />
      <TestMethod codeBase="C:/GITRepository/CSharp/Glib/TestProjectGlib/bin/Release/TestProjectGlib.DLL" adapterTypeName="Microsoft.VisualStudio.TestTools.TestTypes.Unit.UnitTestAdapter, Microsoft.VisualStudio.QualityTools.Tips.UnitTest.Adapter, Version=10.0.0.0, Culture=neutral, PublicKeyToken=b03f5f7f11d50a3a" className="TestProjectGlib.DateTimeTools_ConvertDateTimeToStringTest, TestProjectGlib, Version=1.0.0.0, Culture=neutral, PublicKeyToken=null" name="AsDateHourMinSecTest1" />
    </UnitTest>
    <UnitTest name="SetTest" storage="c:\gitrepository\csharp\glib\testprojectglib\bin\release\testprojectglib.dll" id="3bbb9637-de42-44c8-d031-1764421810d0">
      <Execution id="3ffdc912-cc7a-445e-8c32-50c6e442f6a0" />
      <TestMethod codeBase="C:/GITRepository/CSharp/Glib/TestProjectGlib/bin/Release/TestProjectGlib.DLL" adapterTypeName="Microsoft.VisualStudio.TestTools.TestTypes.Unit.UnitTestAdapter, Microsoft.VisualStudio.QualityTools.Tips.UnitTest.Adapter, Version=10.0.0.0, Culture=neutral, PublicKeyToken=b03f5f7f11d50a3a" className="TestProjectGlib.ComponentTest, TestProjectGlib, Version=1.0.0.0, Culture=neutral, PublicKeyToken=null" name="SetTest" />
    </UnitTest>
    <UnitTest name="IsHL7NullTest" storage="c:\gitrepository\csharp\glib\testprojectglib\bin\release\testprojectglib.dll" id="50d49a3d-17d9-5e0e-5cbe-1c50f8116688">
      <Execution id="d9df132e-2d7f-4591-a8cd-f5d68e9e8498" />
      <TestMethod codeBase="C:/GITRepository/CSharp/Glib/TestProjectGlib/bin/Release/TestProjectGlib.DLL" adapterTypeName="Microsoft.VisualStudio.TestTools.TestTypes.Unit.UnitTestAdapter, Microsoft.VisualStudio.QualityTools.Tips.UnitTest.Adapter, Version=10.0.0.0, Culture=neutral, PublicKeyToken=b03f5f7f11d50a3a" className="TestProjectGlib.FieldTest, TestProjectGlib, Version=1.0.0.0, Culture=neutral, PublicKeyToken=null" name="IsHL7NullTest" />
    </UnitTest>
    <UnitTest name="ElementConstructorTest2" storage="c:\gitrepository\csharp\glib\testprojectglib\bin\release\testprojectglib.dll" id="b2d02903-6680-8875-02e1-f43f070be79a">
      <Execution id="140447ec-8709-4b2b-a7f2-f5032f50781e" />
      <TestMethod codeBase="C:/GITRepository/CSharp/Glib/TestProjectGlib/bin/Release/TestProjectGlib.DLL" adapterTypeName="Microsoft.VisualStudio.TestTools.TestTypes.Unit.UnitTestAdapter, Microsoft.VisualStudio.QualityTools.Tips.UnitTest.Adapter, Version=10.0.0.0, Culture=neutral, PublicKeyToken=b03f5f7f11d50a3a" className="TestProjectGlib.ElementTest, TestProjectGlib, Version=1.0.0.0, Culture=neutral, PublicKeyToken=null" name="ElementConstructorTest2" />
    </UnitTest>
    <UnitTest name="PathInformationTest" storage="c:\gitrepository\csharp\glib\testprojectglib\bin\release\testprojectglib.dll" id="13544595-507e-d695-622a-6081f0d95c5b">
      <Execution id="ea1f28cc-2bd1-43c5-9533-02cfb6563d82" />
      <TestMethod codeBase="C:/GITRepository/CSharp/Glib/TestProjectGlib/bin/Release/TestProjectGlib.DLL" adapterTypeName="Microsoft.VisualStudio.TestTools.TestTypes.Unit.UnitTestAdapter, Microsoft.VisualStudio.QualityTools.Tips.UnitTest.Adapter, Version=10.0.0.0, Culture=neutral, PublicKeyToken=b03f5f7f11d50a3a" className="TestProjectGlib.ContentTest, TestProjectGlib, Version=1.0.0.0, Culture=neutral, PublicKeyToken=null" name="PathInformationTest" />
    </UnitTest>
    <UnitTest name="RepeatTest" storage="c:\gitrepository\csharp\glib\testprojectglib\bin\release\testprojectglib.dll" id="54d22d6e-b1e8-99d3-007a-f749383ad8ab">
      <Execution id="3c7350d2-bd47-40dc-8da3-2136b54cefdb" />
      <TestMethod codeBase="C:/GITRepository/CSharp/Glib/TestProjectGlib/bin/Release/TestProjectGlib.DLL" adapterTypeName="Microsoft.VisualStudio.TestTools.TestTypes.Unit.UnitTestAdapter, Microsoft.VisualStudio.QualityTools.Tips.UnitTest.Adapter, Version=10.0.0.0, Culture=neutral, PublicKeyToken=b03f5f7f11d50a3a" className="TestProjectGlib.ElementTest, TestProjectGlib, Version=1.0.0.0, Culture=neutral, PublicKeyToken=null" name="RepeatTest" />
    </UnitTest>
    <UnitTest name="HasNoMillisecondsOrTimeZoneTest" storage="c:\gitrepository\csharp\glib\testprojectglib\bin\release\testprojectglib.dll" id="4b69f646-3fd7-1906-dc9c-283732d9870f">
      <DeploymentItems>
        <DeploymentItem filename="Glib.dll" />
      </DeploymentItems>
      <Execution id="80b69de6-c911-480f-920e-fa4c67edbe8b" />
      <TestMethod codeBase="C:/GITRepository/CSharp/Glib/TestProjectGlib/bin/Release/TestProjectGlib.DLL" adapterTypeName="Microsoft.VisualStudio.TestTools.TestTypes.Unit.UnitTestAdapter, Microsoft.VisualStudio.QualityTools.Tips.UnitTest.Adapter, Version=10.0.0.0, Culture=neutral, PublicKeyToken=b03f5f7f11d50a3a" className="TestProjectGlib.DateTimeTools_ConvertStringToDateTimeTest, TestProjectGlib, Version=1.0.0.0, Culture=neutral, PublicKeyToken=null" name="HasNoMillisecondsOrTimeZoneTest" />
    </UnitTest>
    <UnitTest name="PathInformationTest" storage="c:\gitrepository\csharp\glib\testprojectglib\bin\release\testprojectglib.dll" id="648e5a6a-2e35-f5f3-d102-39cad7148c87">
      <Execution id="19c5b062-f45f-4f8c-ab17-7ab4ec87a3d3" />
      <TestMethod codeBase="C:/GITRepository/CSharp/Glib/TestProjectGlib/bin/Release/TestProjectGlib.DLL" adapterTypeName="Microsoft.VisualStudio.TestTools.TestTypes.Unit.UnitTestAdapter, Microsoft.VisualStudio.QualityTools.Tips.UnitTest.Adapter, Version=10.0.0.0, Culture=neutral, PublicKeyToken=b03f5f7f11d50a3a" className="TestProjectGlib.SubComponentTest, TestProjectGlib, Version=1.0.0.0, Culture=neutral, PublicKeyToken=null" name="PathInformationTest" />
    </UnitTest>
    <UnitTest name="AddTest" storage="c:\gitrepository\csharp\glib\testprojectglib\bin\release\testprojectglib.dll" id="321aa608-7a9b-7841-b54e-f15e58034604">
      <Execution id="7be8f768-fe62-4ba0-b551-13a56b712c72" />
      <TestMethod codeBase="C:/GITRepository/CSharp/Glib/TestProjectGlib/bin/Release/TestProjectGlib.DLL" adapterTypeName="Microsoft.VisualStudio.TestTools.TestTypes.Unit.UnitTestAdapter, Microsoft.VisualStudio.QualityTools.Tips.UnitTest.Adapter, Version=10.0.0.0, Culture=neutral, PublicKeyToken=b03f5f7f11d50a3a" className="TestProjectGlib.FieldTest, TestProjectGlib, Version=1.0.0.0, Culture=neutral, PublicKeyToken=null" name="AddTest" />
    </UnitTest>
    <UnitTest name="ElementConstructorTest3" storage="c:\gitrepository\csharp\glib\testprojectglib\bin\release\testprojectglib.dll" id="5554022a-d932-fcb6-1c69-d229745140fe">
      <Execution id="b112b150-5788-40b8-9dd1-8bf5f63592af" />
      <TestMethod codeBase="C:/GITRepository/CSharp/Glib/TestProjectGlib/bin/Release/TestProjectGlib.DLL" adapterTypeName="Microsoft.VisualStudio.TestTools.TestTypes.Unit.UnitTestAdapter, Microsoft.VisualStudio.QualityTools.Tips.UnitTest.Adapter, Version=10.0.0.0, Culture=neutral, PublicKeyToken=b03f5f7f11d50a3a" className="TestProjectGlib.ElementTest, TestProjectGlib, Version=1.0.0.0, Culture=neutral, PublicKeyToken=null" name="ElementConstructorTest3" />
    </UnitTest>
    <UnitTest name="AsStringTest" storage="c:\gitrepository\csharp\glib\testprojectglib\bin\release\testprojectglib.dll" id="cdf5132f-c1f2-db0a-dfd5-cf7b67696beb">
      <Execution id="5d1d6d60-3bc4-49af-9941-7ddd87b64772" />
      <TestMethod codeBase="C:/GITRepository/CSharp/Glib/TestProjectGlib/bin/Release/TestProjectGlib.DLL" adapterTypeName="Microsoft.VisualStudio.TestTools.TestTypes.Unit.UnitTestAdapter, Microsoft.VisualStudio.QualityTools.Tips.UnitTest.Adapter, Version=10.0.0.0, Culture=neutral, PublicKeyToken=b03f5f7f11d50a3a" className="TestProjectGlib.ContentTest, TestProjectGlib, Version=1.0.0.0, Culture=neutral, PublicKeyToken=null" name="AsStringTest" />
    </UnitTest>
    <UnitTest name="TestSubComponentContentCount" storage="c:\gitrepository\csharp\glib\testprojectglib\bin\release\testprojectglib.dll" id="0fd8a5b0-4bab-92d7-9503-d011125db49e">
      <Execution id="325ac483-88bf-49ef-8e16-3f3e31168e19" />
      <TestMethod codeBase="C:/GITRepository/CSharp/Glib/TestProjectGlib/bin/Release/TestProjectGlib.DLL" adapterTypeName="Microsoft.VisualStudio.TestTools.TestTypes.Unit.UnitTestAdapter, Microsoft.VisualStudio.QualityTools.Tips.UnitTest.Adapter, Version=10.0.0.0, Culture=neutral, PublicKeyToken=b03f5f7f11d50a3a" className="TestProjectGlib.UnitTestSubComponentModel, TestProjectGlib, Version=1.0.0.0, Culture=neutral, PublicKeyToken=null" name="TestSubComponentContentCount" />
    </UnitTest>
    <UnitTest name="ElementListTest" storage="c:\gitrepository\csharp\glib\testprojectglib\bin\release\testprojectglib.dll" id="a377d093-f83b-e7bd-a0ac-c17a19edb172">
      <Execution id="689ea702-aa11-4325-af31-f7c7c83ef179" />
      <TestMethod codeBase="C:/GITRepository/CSharp/Glib/TestProjectGlib/bin/Release/TestProjectGlib.DLL" adapterTypeName="Microsoft.VisualStudio.TestTools.TestTypes.Unit.UnitTestAdapter, Microsoft.VisualStudio.QualityTools.Tips.UnitTest.Adapter, Version=10.0.0.0, Culture=neutral, PublicKeyToken=b03f5f7f11d50a3a" className="TestProjectGlib.SegmentTest, TestProjectGlib, Version=1.0.0.0, Culture=neutral, PublicKeyToken=null" name="ElementListTest" />
    </UnitTest>
    <UnitTest name="ComponentListTest" storage="c:\gitrepository\csharp\glib\testprojectglib\bin\release\testprojectglib.dll" id="63e4b650-5ea8-ac21-8786-3238a13ec018">
      <Execution id="69851e82-37a5-45a4-af4f-42f804c696ba" />
      <TestMethod codeBase="C:/GITRepository/CSharp/Glib/TestProjectGlib/bin/Release/TestProjectGlib.DLL" adapterTypeName="Microsoft.VisualStudio.TestTools.TestTypes.Unit.UnitTestAdapter, Microsoft.VisualStudio.QualityTools.Tips.UnitTest.Adapter, Version=10.0.0.0, Culture=neutral, PublicKeyToken=b03f5f7f11d50a3a" className="TestProjectGlib.FieldTest, TestProjectGlib, Version=1.0.0.0, Culture=neutral, PublicKeyToken=null" name="ComponentListTest" />
    </UnitTest>
    <UnitTest name="SubComponentCountTest" storage="c:\gitrepository\csharp\glib\testprojectglib\bin\release\testprojectglib.dll" id="76556cc0-de36-73f1-566c-5319b2859489">
      <Execution id="970d171e-5383-4b12-8a7a-6b29e801df9e" />
      <TestMethod codeBase="C:/GITRepository/CSharp/Glib/TestProjectGlib/bin/Release/TestProjectGlib.DLL" adapterTypeName="Microsoft.VisualStudio.TestTools.TestTypes.Unit.UnitTestAdapter, Microsoft.VisualStudio.QualityTools.Tips.UnitTest.Adapter, Version=10.0.0.0, Culture=neutral, PublicKeyToken=b03f5f7f11d50a3a" className="TestProjectGlib.FieldTest, TestProjectGlib, Version=1.0.0.0, Culture=neutral, PublicKeyToken=null" name="SubComponentCountTest" />
    </UnitTest>
    <UnitTest name="AddTest2" storage="c:\gitrepository\csharp\glib\testprojectglib\bin\release\testprojectglib.dll" id="e5714616-1e44-1e54-e2e4-663133e56676">
      <Execution id="5fac9ca6-77f0-48a0-bbfc-8df1897ce498" />
      <TestMethod codeBase="C:/GITRepository/CSharp/Glib/TestProjectGlib/bin/Release/TestProjectGlib.DLL" adapterTypeName="Microsoft.VisualStudio.TestTools.TestTypes.Unit.UnitTestAdapter, Microsoft.VisualStudio.QualityTools.Tips.UnitTest.Adapter, Version=10.0.0.0, Culture=neutral, PublicKeyToken=b03f5f7f11d50a3a" className="TestProjectGlib.FieldTest, TestProjectGlib, Version=1.0.0.0, Culture=neutral, PublicKeyToken=null" name="AddTest2" />
    </UnitTest>
    <UnitTest name="AddTest2" storage="c:\gitrepository\csharp\glib\testprojectglib\bin\release\testprojectglib.dll" id="0ea72b90-d965-177f-3b59-b23d18e2180f">
      <Execution id="b061cad7-5a5b-4d70-b01a-fd75cdb38833" />
      <TestMethod codeBase="C:/GITRepository/CSharp/Glib/TestProjectGlib/bin/Release/TestProjectGlib.DLL" adapterTypeName="Microsoft.VisualStudio.TestTools.TestTypes.Unit.UnitTestAdapter, Microsoft.VisualStudio.QualityTools.Tips.UnitTest.Adapter, Version=10.0.0.0, Culture=neutral, PublicKeyToken=b03f5f7f11d50a3a" className="TestProjectGlib.SegmentTest, TestProjectGlib, Version=1.0.0.0, Culture=neutral, PublicKeyToken=null" name="AddTest2" />
    </UnitTest>
    <UnitTest name="ContentConstructorTest9" storage="c:\gitrepository\csharp\glib\testprojectglib\bin\release\testprojectglib.dll" id="9cafc2d5-2a5b-c544-f728-205945656c33">
      <Execution id="1c338450-6df9-490d-a466-9867aa1c1e25" />
      <TestMethod codeBase="C:/GITRepository/CSharp/Glib/TestProjectGlib/bin/Release/TestProjectGlib.DLL" adapterTypeName="Microsoft.VisualStudio.TestTools.TestTypes.Unit.UnitTestAdapter, Microsoft.VisualStudio.QualityTools.Tips.UnitTest.Adapter, Version=10.0.0.0, Culture=neutral, PublicKeyToken=b03f5f7f11d50a3a" className="TestProjectGlib.ContentTest, TestProjectGlib, Version=1.0.0.0, Culture=neutral, PublicKeyToken=null" name="ContentConstructorTest9" />
    </UnitTest>
    <UnitTest name="InsertTest" storage="c:\gitrepository\csharp\glib\testprojectglib\bin\release\testprojectglib.dll" id="cdedd3c0-bda1-235c-e0f5-4f5e8fe72a55">
      <Execution id="a20b23f4-e40f-4f7a-8cd3-b5fa40781b17" />
      <TestMethod codeBase="C:/GITRepository/CSharp/Glib/TestProjectGlib/bin/Release/TestProjectGlib.DLL" adapterTypeName="Microsoft.VisualStudio.TestTools.TestTypes.Unit.UnitTestAdapter, Microsoft.VisualStudio.QualityTools.Tips.UnitTest.Adapter, Version=10.0.0.0, Culture=neutral, PublicKeyToken=b03f5f7f11d50a3a" className="TestProjectGlib.ElementTest, TestProjectGlib, Version=1.0.0.0, Culture=neutral, PublicKeyToken=null" name="InsertTest" />
    </UnitTest>
    <UnitTest name="SetDataToEncodingCharactersTest" storage="c:\gitrepository\csharp\glib\testprojectglib\bin\release\testprojectglib.dll" id="18b8880e-d414-f397-2932-f5be2dbae673">
      <DeploymentItems>
        <DeploymentItem filename="Glib.dll" />
      </DeploymentItems>
      <Execution id="c4c4b890-309c-4537-94b5-e888f2842163" />
      <TestMethod codeBase="C:/GITRepository/CSharp/Glib/TestProjectGlib/bin/Release/TestProjectGlib.DLL" adapterTypeName="Microsoft.VisualStudio.TestTools.TestTypes.Unit.UnitTestAdapter, Microsoft.VisualStudio.QualityTools.Tips.UnitTest.Adapter, Version=10.0.0.0, Culture=neutral, PublicKeyToken=b03f5f7f11d50a3a" className="TestProjectGlib.ContentTest, TestProjectGlib, Version=1.0.0.0, Culture=neutral, PublicKeyToken=null" name="SetDataToEncodingCharactersTest" />
    </UnitTest>
    <UnitTest name="RemoveSegmentAtTest" storage="c:\gitrepository\csharp\glib\testprojectglib\bin\release\testprojectglib.dll" id="64d2a0a5-d6a5-16ae-7d91-b88c49d33cb5">
      <Execution id="3a43a915-851e-4cff-8f7f-3e0a60ef8402" />
      <TestMethod codeBase="C:/GITRepository/CSharp/Glib/TestProjectGlib/bin/Release/TestProjectGlib.DLL" adapterTypeName="Microsoft.VisualStudio.TestTools.TestTypes.Unit.UnitTestAdapter, Microsoft.VisualStudio.QualityTools.Tips.UnitTest.Adapter, Version=10.0.0.0, Culture=neutral, PublicKeyToken=b03f5f7f11d50a3a" className="TestProjectGlib.MessageTest, TestProjectGlib, Version=1.0.0.0, Culture=neutral, PublicKeyToken=null" name="RemoveSegmentAtTest" />
    </UnitTest>
    <UnitTest name="InsertTest1" storage="c:\gitrepository\csharp\glib\testprojectglib\bin\release\testprojectglib.dll" id="02d2aff2-ce9d-fe06-68b5-f219adb05152">
      <Execution id="a5b6deba-1283-4a2f-a9b8-5beb3a25304a" />
      <TestMethod codeBase="C:/GITRepository/CSharp/Glib/TestProjectGlib/bin/Release/TestProjectGlib.DLL" adapterTypeName="Microsoft.VisualStudio.TestTools.TestTypes.Unit.UnitTestAdapter, Microsoft.VisualStudio.QualityTools.Tips.UnitTest.Adapter, Version=10.0.0.0, Culture=neutral, PublicKeyToken=b03f5f7f11d50a3a" className="TestProjectGlib.ElementTest, TestProjectGlib, Version=1.0.0.0, Culture=neutral, PublicKeyToken=null" name="InsertTest1" />
    </UnitTest>
    <UnitTest name="SubComponentTest" storage="c:\gitrepository\csharp\glib\testprojectglib\bin\release\testprojectglib.dll" id="8dddbeb0-c173-6d10-e733-8b21ad046454">
      <Execution id="4085f3f9-1644-468c-9fa2-c1f61797151d" />
      <TestMethod codeBase="C:/GITRepository/CSharp/Glib/TestProjectGlib/bin/Release/TestProjectGlib.DLL" adapterTypeName="Microsoft.VisualStudio.TestTools.TestTypes.Unit.UnitTestAdapter, Microsoft.VisualStudio.QualityTools.Tips.UnitTest.Adapter, Version=10.0.0.0, Culture=neutral, PublicKeyToken=b03f5f7f11d50a3a" className="TestProjectGlib.ElementTest, TestProjectGlib, Version=1.0.0.0, Culture=neutral, PublicKeyToken=null" name="SubComponentTest" />
    </UnitTest>
    <UnitTest name="InsertTest1" storage="c:\gitrepository\csharp\glib\testprojectglib\bin\release\testprojectglib.dll" id="6dbc6246-dac8-b085-dab5-ae377dd35ff4">
      <Execution id="21fab31b-9c12-49ec-b054-f7be347ff710" />
      <TestMethod codeBase="C:/GITRepository/CSharp/Glib/TestProjectGlib/bin/Release/TestProjectGlib.DLL" adapterTypeName="Microsoft.VisualStudio.TestTools.TestTypes.Unit.UnitTestAdapter, Microsoft.VisualStudio.QualityTools.Tips.UnitTest.Adapter, Version=10.0.0.0, Culture=neutral, PublicKeyToken=b03f5f7f11d50a3a" className="TestProjectGlib.SegmentTest, TestProjectGlib, Version=1.0.0.0, Culture=neutral, PublicKeyToken=null" name="InsertTest1" />
    </UnitTest>
    <UnitTest name="ClearAllTest" storage="c:\gitrepository\csharp\glib\testprojectglib\bin\release\testprojectglib.dll" id="90fdd12e-0421-b4a1-ef81-0bb83465e065">
      <Execution id="0521f4c8-5e89-4a16-9803-1f6fbf0c8fb4" />
      <TestMethod codeBase="C:/GITRepository/CSharp/Glib/TestProjectGlib/bin/Release/TestProjectGlib.DLL" adapterTypeName="Microsoft.VisualStudio.TestTools.TestTypes.Unit.UnitTestAdapter, Microsoft.VisualStudio.QualityTools.Tips.UnitTest.Adapter, Version=10.0.0.0, Culture=neutral, PublicKeyToken=b03f5f7f11d50a3a" className="TestProjectGlib.MessageTest, TestProjectGlib, Version=1.0.0.0, Culture=neutral, PublicKeyToken=null" name="ClearAllTest" />
    </UnitTest>
    <UnitTest name="SubComponentConstructorTest3" storage="c:\gitrepository\csharp\glib\testprojectglib\bin\release\testprojectglib.dll" id="ab3c72e7-916d-9271-7490-63c98d311b23">
      <Execution id="ee551962-caf6-4893-ba1d-8bc9d7a08ff7" />
      <TestMethod codeBase="C:/GITRepository/CSharp/Glib/TestProjectGlib/bin/Release/TestProjectGlib.DLL" adapterTypeName="Microsoft.VisualStudio.TestTools.TestTypes.Unit.UnitTestAdapter, Microsoft.VisualStudio.QualityTools.Tips.UnitTest.Adapter, Version=10.0.0.0, Culture=neutral, PublicKeyToken=b03f5f7f11d50a3a" className="TestProjectGlib.SubComponentTest, TestProjectGlib, Version=1.0.0.0, Culture=neutral, PublicKeyToken=null" name="SubComponentConstructorTest3" />
    </UnitTest>
    <UnitTest name="ContentConstructorTest2" storage="c:\gitrepository\csharp\glib\testprojectglib\bin\release\testprojectglib.dll" id="23e5c416-83c2-b89c-6451-ae249e7194e2">
      <Execution id="f824d76f-fbc1-42f8-ad78-aa6b60436eaf" />
      <TestMethod codeBase="C:/GITRepository/CSharp/Glib/TestProjectGlib/bin/Release/TestProjectGlib.DLL" adapterTypeName="Microsoft.VisualStudio.TestTools.TestTypes.Unit.UnitTestAdapter, Microsoft.VisualStudio.QualityTools.Tips.UnitTest.Adapter, Version=10.0.0.0, Culture=neutral, PublicKeyToken=b03f5f7f11d50a3a" className="TestProjectGlib.ContentTest, TestProjectGlib, Version=1.0.0.0, Culture=neutral, PublicKeyToken=null" name="ContentConstructorTest2" />
    </UnitTest>
    <UnitTest name="IsHL7NullTest" storage="c:\gitrepository\csharp\glib\testprojectglib\bin\release\testprojectglib.dll" id="3296d32a-d554-a5a0-56b4-4587df1a76bd">
      <Execution id="da9dac78-3d4c-4add-aae5-3dc84b1b126a" />
      <TestMethod codeBase="C:/GITRepository/CSharp/Glib/TestProjectGlib/bin/Release/TestProjectGlib.DLL" adapterTypeName="Microsoft.VisualStudio.TestTools.TestTypes.Unit.UnitTestAdapter, Microsoft.VisualStudio.QualityTools.Tips.UnitTest.Adapter, Version=10.0.0.0, Culture=neutral, PublicKeyToken=b03f5f7f11d50a3a" className="TestProjectGlib.ComponentTest, TestProjectGlib, Version=1.0.0.0, Culture=neutral, PublicKeyToken=null" name="IsHL7NullTest" />
    </UnitTest>
    <UnitTest name="ContentCountTest" storage="c:\gitrepository\csharp\glib\testprojectglib\bin\release\testprojectglib.dll" id="ff6bcfba-0ee9-cdf0-d001-087d61640fd4">
      <Execution id="92574cbc-9c1f-4877-b60a-f91e66fcd72d" />
      <TestMethod codeBase="C:/GITRepository/CSharp/Glib/TestProjectGlib/bin/Release/TestProjectGlib.DLL" adapterTypeName="Microsoft.VisualStudio.TestTools.TestTypes.Unit.UnitTestAdapter, Microsoft.VisualStudio.QualityTools.Tips.UnitTest.Adapter, Version=10.0.0.0, Culture=neutral, PublicKeyToken=b03f5f7f11d50a3a" className="TestProjectGlib.SubComponentTest, TestProjectGlib, Version=1.0.0.0, Culture=neutral, PublicKeyToken=null" name="ContentCountTest" />
    </UnitTest>
    <UnitTest name="InsertTest" storage="c:\gitrepository\csharp\glib\testprojectglib\bin\release\testprojectglib.dll" id="b66803f3-d1c3-75df-448f-f4647b60ee70">
      <Execution id="1bf7a710-77b0-4c02-97ed-a098be128f8d" />
      <TestMethod codeBase="C:/GITRepository/CSharp/Glib/TestProjectGlib/bin/Release/TestProjectGlib.DLL" adapterTypeName="Microsoft.VisualStudio.TestTools.TestTypes.Unit.UnitTestAdapter, Microsoft.VisualStudio.QualityTools.Tips.UnitTest.Adapter, Version=10.0.0.0, Culture=neutral, PublicKeyToken=b03f5f7f11d50a3a" className="TestProjectGlib.SegmentTest, TestProjectGlib, Version=1.0.0.0, Culture=neutral, PublicKeyToken=null" name="InsertTest" />
    </UnitTest>
    <UnitTest name="ContentConstructorTest1" storage="c:\gitrepository\csharp\glib\testprojectglib\bin\release\testprojectglib.dll" id="4de93258-7862-c912-9fdf-2b137104121a">
      <Execution id="d6cc00d8-ca95-4f5a-aa4c-3885a4bdf7fb" />
      <TestMethod codeBase="C:/GITRepository/CSharp/Glib/TestProjectGlib/bin/Release/TestProjectGlib.DLL" adapterTypeName="Microsoft.VisualStudio.TestTools.TestTypes.Unit.UnitTestAdapter, Microsoft.VisualStudio.QualityTools.Tips.UnitTest.Adapter, Version=10.0.0.0, Culture=neutral, PublicKeyToken=b03f5f7f11d50a3a" className="TestProjectGlib.ContentTest, TestProjectGlib, Version=1.0.0.0, Culture=neutral, PublicKeyToken=null" name="ContentConstructorTest1" />
    </UnitTest>
    <UnitTest name="AsStringTest" storage="c:\gitrepository\csharp\glib\testprojectglib\bin\release\testprojectglib.dll" id="5e302a5a-64aa-d67b-fb8f-15049ebc8f93">
      <Execution id="a1b47d30-74ab-4478-987f-b8df6179c0f5" />
      <TestMethod codeBase="C:/GITRepository/CSharp/Glib/TestProjectGlib/bin/Release/TestProjectGlib.DLL" adapterTypeName="Microsoft.VisualStudio.TestTools.TestTypes.Unit.UnitTestAdapter, Microsoft.VisualStudio.QualityTools.Tips.UnitTest.Adapter, Version=10.0.0.0, Culture=neutral, PublicKeyToken=b03f5f7f11d50a3a" className="TestProjectGlib.MessageTest, TestProjectGlib, Version=1.0.0.0, Culture=neutral, PublicKeyToken=null" name="AsStringTest" />
    </UnitTest>
    <UnitTest name="RemoveSubComponentAtTest" storage="c:\gitrepository\csharp\glib\testprojectglib\bin\release\testprojectglib.dll" id="99583d31-1c36-6097-f41d-addc2fc02480">
      <Execution id="16985db9-0d9b-4110-93d3-80473e8d17cc" />
      <TestMethod codeBase="C:/GITRepository/CSharp/Glib/TestProjectGlib/bin/Release/TestProjectGlib.DLL" adapterTypeName="Microsoft.VisualStudio.TestTools.TestTypes.Unit.UnitTestAdapter, Microsoft.VisualStudio.QualityTools.Tips.UnitTest.Adapter, Version=10.0.0.0, Culture=neutral, PublicKeyToken=b03f5f7f11d50a3a" className="TestProjectGlib.FieldTest, TestProjectGlib, Version=1.0.0.0, Culture=neutral, PublicKeyToken=null" name="RemoveSubComponentAtTest" />
    </UnitTest>
    <UnitTest name="RemoveComponentAtTest" storage="c:\gitrepository\csharp\glib\testprojectglib\bin\release\testprojectglib.dll" id="f0c57047-78c8-1e43-ef78-f12b7472219d">
      <Execution id="3f83d8dc-4e1f-4f42-9f4f-0a4aaba25606" />
      <TestMethod codeBase="C:/GITRepository/CSharp/Glib/TestProjectGlib/bin/Release/TestProjectGlib.DLL" adapterTypeName="Microsoft.VisualStudio.TestTools.TestTypes.Unit.UnitTestAdapter, Microsoft.VisualStudio.QualityTools.Tips.UnitTest.Adapter, Version=10.0.0.0, Culture=neutral, PublicKeyToken=b03f5f7f11d50a3a" className="TestProjectGlib.ElementTest, TestProjectGlib, Version=1.0.0.0, Culture=neutral, PublicKeyToken=null" name="RemoveComponentAtTest" />
    </UnitTest>
    <UnitTest name="ElementConstructorTest" storage="c:\gitrepository\csharp\glib\testprojectglib\bin\release\testprojectglib.dll" id="f00783f7-5de7-c5be-765a-7ed93a96a4fd">
      <Execution id="2e98e7ad-8fa4-44b0-b97c-dcb12e0aa124" />
      <TestMethod codeBase="C:/GITRepository/CSharp/Glib/TestProjectGlib/bin/Release/TestProjectGlib.DLL" adapterTypeName="Microsoft.VisualStudio.TestTools.TestTypes.Unit.UnitTestAdapter, Microsoft.VisualStudio.QualityTools.Tips.UnitTest.Adapter, Version=10.0.0.0, Culture=neutral, PublicKeyToken=b03f5f7f11d50a3a" className="TestProjectGlib.ElementTest, TestProjectGlib, Version=1.0.0.0, Culture=neutral, PublicKeyToken=null" name="ElementConstructorTest" />
    </UnitTest>
    <UnitTest name="ComponentConstructorTest1" storage="c:\gitrepository\csharp\glib\testprojectglib\bin\release\testprojectglib.dll" id="a6eb57c4-f127-befd-4cff-cd6450458a49">
      <Execution id="98473fae-186d-41a4-8bf9-07888415b969" />
      <TestMethod codeBase="C:/GITRepository/CSharp/Glib/TestProjectGlib/bin/Release/TestProjectGlib.DLL" adapterTypeName="Microsoft.VisualStudio.TestTools.TestTypes.Unit.UnitTestAdapter, Microsoft.VisualStudio.QualityTools.Tips.UnitTest.Adapter, Version=10.0.0.0, Culture=neutral, PublicKeyToken=b03f5f7f11d50a3a" className="TestProjectGlib.ComponentTest, TestProjectGlib, Version=1.0.0.0, Culture=neutral, PublicKeyToken=null" name="ComponentConstructorTest1" />
    </UnitTest>
    <UnitTest name="AsStringTest" storage="c:\gitrepository\csharp\glib\testprojectglib\bin\release\testprojectglib.dll" id="53408e81-9390-b885-d3ba-48cc087e6fa9">
      <Execution id="532542fd-05d9-484e-9c09-b3011440c9a8" />
      <TestMethod codeBase="C:/GITRepository/CSharp/Glib/TestProjectGlib/bin/Release/TestProjectGlib.DLL" adapterTypeName="Microsoft.VisualStudio.TestTools.TestTypes.Unit.UnitTestAdapter, Microsoft.VisualStudio.QualityTools.Tips.UnitTest.Adapter, Version=10.0.0.0, Culture=neutral, PublicKeyToken=b03f5f7f11d50a3a" className="TestProjectGlib.SubComponentTest, TestProjectGlib, Version=1.0.0.0, Culture=neutral, PublicKeyToken=null" name="AsStringTest" />
    </UnitTest>
    <UnitTest name="SetTest1" storage="c:\gitrepository\csharp\glib\testprojectglib\bin\release\testprojectglib.dll" id="b3d350c4-b091-6fe0-74e1-34517bbb2e68">
      <Execution id="a8f03acc-5a4e-4215-afb6-cec21592d66c" />
      <TestMethod codeBase="C:/GITRepository/CSharp/Glib/TestProjectGlib/bin/Release/TestProjectGlib.DLL" adapterTypeName="Microsoft.VisualStudio.TestTools.TestTypes.Unit.UnitTestAdapter, Microsoft.VisualStudio.QualityTools.Tips.UnitTest.Adapter, Version=10.0.0.0, Culture=neutral, PublicKeyToken=b03f5f7f11d50a3a" className="TestProjectGlib.ComponentTest, TestProjectGlib, Version=1.0.0.0, Culture=neutral, PublicKeyToken=null" name="SetTest1" />
    </UnitTest>
    <UnitTest name="ElementConstructorTest1" storage="c:\gitrepository\csharp\glib\testprojectglib\bin\release\testprojectglib.dll" id="5a1cbec0-3ed5-0725-94d8-13b5e4a631b1">
      <Execution id="46cd5e35-24b0-4710-a83a-c53a3233ac72" />
      <TestMethod codeBase="C:/GITRepository/CSharp/Glib/TestProjectGlib/bin/Release/TestProjectGlib.DLL" adapterTypeName="Microsoft.VisualStudio.TestTools.TestTypes.Unit.UnitTestAdapter, Microsoft.VisualStudio.QualityTools.Tips.UnitTest.Adapter, Version=10.0.0.0, Culture=neutral, PublicKeyToken=b03f5f7f11d50a3a" className="TestProjectGlib.ElementTest, TestProjectGlib, Version=1.0.0.0, Culture=neutral, PublicKeyToken=null" name="ElementConstructorTest1" />
    </UnitTest>
    <UnitTest name="ContentCountTest" storage="c:\gitrepository\csharp\glib\testprojectglib\bin\release\testprojectglib.dll" id="f3b5fa79-f57f-0b76-e80c-298750ed9763">
      <Execution id="cd2bb57f-7550-4a00-9349-05b15bb2c57a" />
      <TestMethod codeBase="C:/GITRepository/CSharp/Glib/TestProjectGlib/bin/Release/TestProjectGlib.DLL" adapterTypeName="Microsoft.VisualStudio.TestTools.TestTypes.Unit.UnitTestAdapter, Microsoft.VisualStudio.QualityTools.Tips.UnitTest.Adapter, Version=10.0.0.0, Culture=neutral, PublicKeyToken=b03f5f7f11d50a3a" className="TestProjectGlib.ElementTest, TestProjectGlib, Version=1.0.0.0, Culture=neutral, PublicKeyToken=null" name="ContentCountTest" />
    </UnitTest>
    <UnitTest name="ElementCountTest" storage="c:\gitrepository\csharp\glib\testprojectglib\bin\release\testprojectglib.dll" id="ec189549-039f-45e1-76a6-e98207878bbb">
      <Execution id="418f99db-f735-43ad-a056-1c2d45e42f3c" />
      <TestMethod codeBase="C:/GITRepository/CSharp/Glib/TestProjectGlib/bin/Release/TestProjectGlib.DLL" adapterTypeName="Microsoft.VisualStudio.TestTools.TestTypes.Unit.UnitTestAdapter, Microsoft.VisualStudio.QualityTools.Tips.UnitTest.Adapter, Version=10.0.0.0, Culture=neutral, PublicKeyToken=b03f5f7f11d50a3a" className="TestProjectGlib.SegmentTest, TestProjectGlib, Version=1.0.0.0, Culture=neutral, PublicKeyToken=null" name="ElementCountTest" />
    </UnitTest>
    <UnitTest name="IsEmptyTest" storage="c:\gitrepository\csharp\glib\testprojectglib\bin\release\testprojectglib.dll" id="cf4312db-1cfd-c36c-6be2-11038648e5ab">
      <Execution id="7bfd23f8-cfb4-4a5e-bcb6-af0e0b8936a3" />
      <TestMethod codeBase="C:/GITRepository/CSharp/Glib/TestProjectGlib/bin/Release/TestProjectGlib.DLL" adapterTypeName="Microsoft.VisualStudio.TestTools.TestTypes.Unit.UnitTestAdapter, Microsoft.VisualStudio.QualityTools.Tips.UnitTest.Adapter, Version=10.0.0.0, Culture=neutral, PublicKeyToken=b03f5f7f11d50a3a" className="TestProjectGlib.SegmentTest, TestProjectGlib, Version=1.0.0.0, Culture=neutral, PublicKeyToken=null" name="IsEmptyTest" />
    </UnitTest>
    <UnitTest name="AsDateHourMinSecMilliTest1" storage="c:\gitrepository\csharp\glib\testprojectglib\bin\release\testprojectglib.dll" id="638b813b-f5f3-3cde-3911-0c6b74e7e82c">
      <Execution id="c5191563-9744-4508-ac3b-36929bc1ec2d" />
      <TestMethod codeBase="C:/GITRepository/CSharp/Glib/TestProjectGlib/bin/Release/TestProjectGlib.DLL" adapterTypeName="Microsoft.VisualStudio.TestTools.TestTypes.Unit.UnitTestAdapter, Microsoft.VisualStudio.QualityTools.Tips.UnitTest.Adapter, Version=10.0.0.0, Culture=neutral, PublicKeyToken=b03f5f7f11d50a3a" className="TestProjectGlib.DateTimeTools_ConvertDateTimeToStringTest, TestProjectGlib, Version=1.0.0.0, Culture=neutral, PublicKeyToken=null" name="AsDateHourMinSecMilliTest1" />
    </UnitTest>
    <UnitTest name="EscapeSequenceTest" storage="c:\gitrepository\csharp\glib\testprojectglib\bin\release\testprojectglib.dll" id="5768ccdc-d49c-7975-171c-f0931bc421e3">
      <Execution id="b76d4c80-0d9d-43e7-8c74-9e798335475a" />
      <TestMethod codeBase="C:/GITRepository/CSharp/Glib/TestProjectGlib/bin/Release/TestProjectGlib.DLL" adapterTypeName="Microsoft.VisualStudio.TestTools.TestTypes.Unit.UnitTestAdapter, Microsoft.VisualStudio.QualityTools.Tips.UnitTest.Adapter, Version=10.0.0.0, Culture=neutral, PublicKeyToken=b03f5f7f11d50a3a" className="TestProjectGlib.MessageTest, TestProjectGlib, Version=1.0.0.0, Culture=neutral, PublicKeyToken=null" name="EscapeSequenceTest" />
    </UnitTest>
    <UnitTest name="InsertTest" storage="c:\gitrepository\csharp\glib\testprojectglib\bin\release\testprojectglib.dll" id="21308188-2899-03f3-f5ad-a4d7b165cda3">
      <Execution id="a5279a1c-df40-4be8-87b2-62cef65b3f55" />
      <TestMethod codeBase="C:/GITRepository/CSharp/Glib/TestProjectGlib/bin/Release/TestProjectGlib.DLL" adapterTypeName="Microsoft.VisualStudio.TestTools.TestTypes.Unit.UnitTestAdapter, Microsoft.VisualStudio.QualityTools.Tips.UnitTest.Adapter, Version=10.0.0.0, Culture=neutral, PublicKeyToken=b03f5f7f11d50a3a" className="TestProjectGlib.FieldTest, TestProjectGlib, Version=1.0.0.0, Culture=neutral, PublicKeyToken=null" name="InsertTest" />
    </UnitTest>
    <UnitTest name="AddTest2" storage="c:\gitrepository\csharp\glib\testprojectglib\bin\release\testprojectglib.dll" id="23c4aeb9-f4c9-04a2-5c17-b8e061238b00">
      <Execution id="0a6120f6-ae58-45f6-9b3c-45afa36dd66d" />
      <TestMethod codeBase="C:/GITRepository/CSharp/Glib/TestProjectGlib/bin/Release/TestProjectGlib.DLL" adapterTypeName="Microsoft.VisualStudio.TestTools.TestTypes.Unit.UnitTestAdapter, Microsoft.VisualStudio.QualityTools.Tips.UnitTest.Adapter, Version=10.0.0.0, Culture=neutral, PublicKeyToken=b03f5f7f11d50a3a" className="TestProjectGlib.ElementTest, TestProjectGlib, Version=1.0.0.0, Culture=neutral, PublicKeyToken=null" name="AddTest2" />
    </UnitTest>
    <UnitTest name="ContentConstructorTest" storage="c:\gitrepository\csharp\glib\testprojectglib\bin\release\testprojectglib.dll" id="f7eb110f-bd56-2839-cb99-ced5d14e4f61">
      <Execution id="e4e67b22-0d17-419d-b7c3-971e03e37701" />
      <TestMethod codeBase="C:/GITRepository/CSharp/Glib/TestProjectGlib/bin/Release/TestProjectGlib.DLL" adapterTypeName="Microsoft.VisualStudio.TestTools.TestTypes.Unit.UnitTestAdapter, Microsoft.VisualStudio.QualityTools.Tips.UnitTest.Adapter, Version=10.0.0.0, Culture=neutral, PublicKeyToken=b03f5f7f11d50a3a" className="TestProjectGlib.ContentTest, TestProjectGlib, Version=1.0.0.0, Culture=neutral, PublicKeyToken=null" name="ContentConstructorTest" />
    </UnitTest>
    <UnitTest name="AsStringRawTest" storage="c:\gitrepository\csharp\glib\testprojectglib\bin\release\testprojectglib.dll" id="a13c16dd-eb35-6dc4-e44a-3c831bb7b60e">
      <Execution id="bee7d9cd-7631-4fa3-ba89-171a5cd3a846" />
      <TestMethod codeBase="C:/GITRepository/CSharp/Glib/TestProjectGlib/bin/Release/TestProjectGlib.DLL" adapterTypeName="Microsoft.VisualStudio.TestTools.TestTypes.Unit.UnitTestAdapter, Microsoft.VisualStudio.QualityTools.Tips.UnitTest.Adapter, Version=10.0.0.0, Culture=neutral, PublicKeyToken=b03f5f7f11d50a3a" className="TestProjectGlib.SubComponentTest, TestProjectGlib, Version=1.0.0.0, Culture=neutral, PublicKeyToken=null" name="AsStringRawTest" />
    </UnitTest>
    <UnitTest name="AsDateHourMinTest1" storage="c:\gitrepository\csharp\glib\testprojectglib\bin\release\testprojectglib.dll" id="97412ae8-eeb8-6cdb-0444-db75e31093fd">
      <Execution id="50b084b0-7d16-4019-8315-44e25c419f13" />
      <TestMethod codeBase="C:/GITRepository/CSharp/Glib/TestProjectGlib/bin/Release/TestProjectGlib.DLL" adapterTypeName="Microsoft.VisualStudio.TestTools.TestTypes.Unit.UnitTestAdapter, Microsoft.VisualStudio.QualityTools.Tips.UnitTest.Adapter, Version=10.0.0.0, Culture=neutral, PublicKeyToken=b03f5f7f11d50a3a" className="TestProjectGlib.DateTimeTools_ConvertDateTimeToStringTest, TestProjectGlib, Version=1.0.0.0, Culture=neutral, PublicKeyToken=null" name="AsDateHourMinTest1" />
    </UnitTest>
    <UnitTest name="ContentTest" storage="c:\gitrepository\csharp\glib\testprojectglib\bin\release\testprojectglib.dll" id="469b4d55-6f41-2a07-a79f-1311a5b57e9f">
      <Execution id="063cec45-9db2-4760-b0ac-73dcb933ba6e" />
      <TestMethod codeBase="C:/GITRepository/CSharp/Glib/TestProjectGlib/bin/Release/TestProjectGlib.DLL" adapterTypeName="Microsoft.VisualStudio.TestTools.TestTypes.Unit.UnitTestAdapter, Microsoft.VisualStudio.QualityTools.Tips.UnitTest.Adapter, Version=10.0.0.0, Culture=neutral, PublicKeyToken=b03f5f7f11d50a3a" className="TestProjectGlib.SubComponentTest, TestProjectGlib, Version=1.0.0.0, Culture=neutral, PublicKeyToken=null" name="ContentTest" />
    </UnitTest>
    <UnitTest name="SetTest" storage="c:\gitrepository\csharp\glib\testprojectglib\bin\release\testprojectglib.dll" id="1e73b624-71f1-d2fd-5336-60d44d8232e1">
      <Execution id="277c20af-068f-4782-b722-342785121903" />
      <TestMethod codeBase="C:/GITRepository/CSharp/Glib/TestProjectGlib/bin/Release/TestProjectGlib.DLL" adapterTypeName="Microsoft.VisualStudio.TestTools.TestTypes.Unit.UnitTestAdapter, Microsoft.VisualStudio.QualityTools.Tips.UnitTest.Adapter, Version=10.0.0.0, Culture=neutral, PublicKeyToken=b03f5f7f11d50a3a" className="TestProjectGlib.FieldTest, TestProjectGlib, Version=1.0.0.0, Culture=neutral, PublicKeyToken=null" name="SetTest" />
    </UnitTest>
    <UnitTest name="TestContentTypeCreate" storage="c:\gitrepository\csharp\glib\testprojectglib\bin\release\testprojectglib.dll" id="36f5ba8b-e83d-21a6-6b46-234c7d076dfc">
      <Execution id="f6fc6e02-2cf4-4b0b-b90b-5d4a2fc3c71d" />
      <TestMethod codeBase="C:/GITRepository/CSharp/Glib/TestProjectGlib/bin/Release/TestProjectGlib.DLL" adapterTypeName="Microsoft.VisualStudio.TestTools.TestTypes.Unit.UnitTestAdapter, Microsoft.VisualStudio.QualityTools.Tips.UnitTest.Adapter, Version=10.0.0.0, Culture=neutral, PublicKeyToken=b03f5f7f11d50a3a" className="TestProjectGlib.UnitTestContentModel, TestProjectGlib, Version=1.0.0.0, Culture=neutral, PublicKeyToken=null" name="TestContentTypeCreate" />
    </UnitTest>
    <UnitTest name="MessageStructureTest" storage="c:\gitrepository\csharp\glib\testprojectglib\bin\release\testprojectglib.dll" id="9eda4ff3-53a4-53d4-9c19-a43129d94713">
      <Execution id="ee9827fe-acbe-404f-9e74-b812af68664b" />
      <TestMethod codeBase="C:/GITRepository/CSharp/Glib/TestProjectGlib/bin/Release/TestProjectGlib.DLL" adapterTypeName="Microsoft.VisualStudio.TestTools.TestTypes.Unit.UnitTestAdapter, Microsoft.VisualStudio.QualityTools.Tips.UnitTest.Adapter, Version=10.0.0.0, Culture=neutral, PublicKeyToken=b03f5f7f11d50a3a" className="TestProjectGlib.MessageTest, TestProjectGlib, Version=1.0.0.0, Culture=neutral, PublicKeyToken=null" name="MessageStructureTest" />
    </UnitTest>
    <UnitTest name="Hl7ReaderConstructorTest1" storage="c:\gitrepository\csharp\glib\testprojectglib\bin\release\testprojectglib.dll" id="1fdf3423-5057-166d-6cc4-43ee4b0483a3">
      <Execution id="490c4ef2-cca0-4e30-835f-98140c483407" />
      <TestMethod codeBase="C:/GITRepository/CSharp/Glib/TestProjectGlib/bin/Release/TestProjectGlib.DLL" adapterTypeName="Microsoft.VisualStudio.TestTools.TestTypes.Unit.UnitTestAdapter, Microsoft.VisualStudio.QualityTools.Tips.UnitTest.Adapter, Version=10.0.0.0, Culture=neutral, PublicKeyToken=b03f5f7f11d50a3a" className="TestProjectGlib.Hl7ReaderTest, TestProjectGlib, Version=1.0.0.0, Culture=neutral, PublicKeyToken=null" name="Hl7ReaderConstructorTest1" />
    </UnitTest>
    <UnitTest name="FieldTest" storage="c:\gitrepository\csharp\glib\testprojectglib\bin\release\testprojectglib.dll" id="37d7cf32-7d6e-fd8d-c748-95a5f9978a3b">
      <Execution id="aea9edfd-765a-4499-8c96-af1a5daa24c4" />
      <TestMethod codeBase="C:/GITRepository/CSharp/Glib/TestProjectGlib/bin/Release/TestProjectGlib.DLL" adapterTypeName="Microsoft.VisualStudio.TestTools.TestTypes.Unit.UnitTestAdapter, Microsoft.VisualStudio.QualityTools.Tips.UnitTest.Adapter, Version=10.0.0.0, Culture=neutral, PublicKeyToken=b03f5f7f11d50a3a" className="TestProjectGlib.SegmentTest, TestProjectGlib, Version=1.0.0.0, Culture=neutral, PublicKeyToken=null" name="FieldTest" />
    </UnitTest>
    <UnitTest name="InsertTest1" storage="c:\gitrepository\csharp\glib\testprojectglib\bin\release\testprojectglib.dll" id="93c7dcb2-08f2-6cf2-908a-95f88cd0e48b">
      <Execution id="303c1c75-d485-4eb1-a2ab-244ee4a97e8a" />
      <TestMethod codeBase="C:/GITRepository/CSharp/Glib/TestProjectGlib/bin/Release/TestProjectGlib.DLL" adapterTypeName="Microsoft.VisualStudio.TestTools.TestTypes.Unit.UnitTestAdapter, Microsoft.VisualStudio.QualityTools.Tips.UnitTest.Adapter, Version=10.0.0.0, Culture=neutral, PublicKeyToken=b03f5f7f11d50a3a" className="TestProjectGlib.FieldTest, TestProjectGlib, Version=1.0.0.0, Culture=neutral, PublicKeyToken=null" name="InsertTest1" />
    </UnitTest>
    <UnitTest name="AddTest1" storage="c:\gitrepository\csharp\glib\testprojectglib\bin\release\testprojectglib.dll" id="41a40ccb-4f8b-eaf2-a926-d8737431f0a1">
      <Execution id="7ac7812c-1a70-473f-8eb9-5eba3ebabec0" />
      <TestMethod codeBase="C:/GITRepository/CSharp/Glib/TestProjectGlib/bin/Release/TestProjectGlib.DLL" adapterTypeName="Microsoft.VisualStudio.TestTools.TestTypes.Unit.UnitTestAdapter, Microsoft.VisualStudio.QualityTools.Tips.UnitTest.Adapter, Version=10.0.0.0, Culture=neutral, PublicKeyToken=b03f5f7f11d50a3a" className="TestProjectGlib.SegmentTest, TestProjectGlib, Version=1.0.0.0, Culture=neutral, PublicKeyToken=null" name="AddTest1" />
    </UnitTest>
    <UnitTest name="IsEmptyTest" storage="c:\gitrepository\csharp\glib\testprojectglib\bin\release\testprojectglib.dll" id="41a93314-d5e8-4dd8-ced8-9e20cd240813">
      <Execution id="cdea7421-8290-41a7-b2d8-ae570de09261" />
      <TestMethod codeBase="C:/GITRepository/CSharp/Glib/TestProjectGlib/bin/Release/TestProjectGlib.DLL" adapterTypeName="Microsoft.VisualStudio.TestTools.TestTypes.Unit.UnitTestAdapter, Microsoft.VisualStudio.QualityTools.Tips.UnitTest.Adapter, Version=10.0.0.0, Culture=neutral, PublicKeyToken=b03f5f7f11d50a3a" className="TestProjectGlib.ElementTest, TestProjectGlib, Version=1.0.0.0, Culture=neutral, PublicKeyToken=null" name="IsEmptyTest" />
    </UnitTest>
    <UnitTest name="AsStringTest" storage="c:\gitrepository\csharp\glib\testprojectglib\bin\release\testprojectglib.dll" id="4ee5a15f-21cf-08a1-ea1f-d52493ca2cfc">
      <Execution id="2c50e633-10b5-4be3-a49c-a3901d5d2bb1" />
      <TestMethod codeBase="C:/GITRepository/CSharp/Glib/TestProjectGlib/bin/Release/TestProjectGlib.DLL" adapterTypeName="Microsoft.VisualStudio.TestTools.TestTypes.Unit.UnitTestAdapter, Microsoft.VisualStudio.QualityTools.Tips.UnitTest.Adapter, Version=10.0.0.0, Culture=neutral, PublicKeyToken=b03f5f7f11d50a3a" className="TestProjectGlib.ElementTest, TestProjectGlib, Version=1.0.0.0, Culture=neutral, PublicKeyToken=null" name="AsStringTest" />
    </UnitTest>
    <UnitTest name="ValidateDataTest" storage="c:\gitrepository\csharp\glib\testprojectglib\bin\release\testprojectglib.dll" id="f1b88517-e382-5d2f-f17a-00c6d0bdd696">
      <DeploymentItems>
        <DeploymentItem filename="Glib.dll" />
      </DeploymentItems>
      <Execution id="4f8c7148-0be3-4157-ac33-24bfd6f57679" />
      <TestMethod codeBase="C:/GITRepository/CSharp/Glib/TestProjectGlib/bin/Release/TestProjectGlib.DLL" adapterTypeName="Microsoft.VisualStudio.TestTools.TestTypes.Unit.UnitTestAdapter, Microsoft.VisualStudio.QualityTools.Tips.UnitTest.Adapter, Version=10.0.0.0, Culture=neutral, PublicKeyToken=b03f5f7f11d50a3a" className="TestProjectGlib.ContentTest, TestProjectGlib, Version=1.0.0.0, Culture=neutral, PublicKeyToken=null" name="ValidateDataTest" />
    </UnitTest>
    <UnitTest name="ReadTest" storage="c:\gitrepository\csharp\glib\testprojectglib\bin\release\testprojectglib.dll" id="d63f8a04-ccde-1680-a6f1-a61a292c418d">
      <Execution id="3d23e049-81f9-4e7f-a7a4-1e01a3d17206" />
      <TestMethod codeBase="C:/GITRepository/CSharp/Glib/TestProjectGlib/bin/Release/TestProjectGlib.DLL" adapterTypeName="Microsoft.VisualStudio.TestTools.TestTypes.Unit.UnitTestAdapter, Microsoft.VisualStudio.QualityTools.Tips.UnitTest.Adapter, Version=10.0.0.0, Culture=neutral, PublicKeyToken=b03f5f7f11d50a3a" className="TestProjectGlib.Hl7ReaderTest, TestProjectGlib, Version=1.0.0.0, Culture=neutral, PublicKeyToken=null" name="ReadTest" />
    </UnitTest>
    <UnitTest name="TestContentTypeExceptions" storage="c:\gitrepository\csharp\glib\testprojectglib\bin\release\testprojectglib.dll" id="3653eb47-0ee9-b8ab-b11b-85c637b1195f">
      <Execution id="8ba71e10-b769-4188-9601-8b3b3682c02d" />
      <TestMethod codeBase="C:/GITRepository/CSharp/Glib/TestProjectGlib/bin/Release/TestProjectGlib.DLL" adapterTypeName="Microsoft.VisualStudio.TestTools.TestTypes.Unit.UnitTestAdapter, Microsoft.VisualStudio.QualityTools.Tips.UnitTest.Adapter, Version=10.0.0.0, Culture=neutral, PublicKeyToken=b03f5f7f11d50a3a" className="TestProjectGlib.UnitTestContentModel, TestProjectGlib, Version=1.0.0.0, Culture=neutral, PublicKeyToken=null" name="TestContentTypeExceptions" />
    </UnitTest>
    <UnitTest name="SegmentConstructorTest1" storage="c:\gitrepository\csharp\glib\testprojectglib\bin\release\testprojectglib.dll" id="cf0331c5-2fa8-bf12-d782-16ed1b688031">
      <Execution id="4d4e1624-edc7-47d1-99f3-c63fa465ed98" />
      <TestMethod codeBase="C:/GITRepository/CSharp/Glib/TestProjectGlib/bin/Release/TestProjectGlib.DLL" adapterTypeName="Microsoft.VisualStudio.TestTools.TestTypes.Unit.UnitTestAdapter, Microsoft.VisualStudio.QualityTools.Tips.UnitTest.Adapter, Version=10.0.0.0, Culture=neutral, PublicKeyToken=b03f5f7f11d50a3a" className="TestProjectGlib.SegmentTest, TestProjectGlib, Version=1.0.0.0, Culture=neutral, PublicKeyToken=null" name="SegmentConstructorTest1" />
    </UnitTest>
    <UnitTest name="SubComponentTest" storage="c:\gitrepository\csharp\glib\testprojectglib\bin\release\testprojectglib.dll" id="c3d2d8ae-14f9-c6cb-f090-b1bbcb1098e1">
      <Execution id="3c040b3e-9faa-47a1-8b80-eac4b6219fea" />
      <TestMethod codeBase="C:/GITRepository/CSharp/Glib/TestProjectGlib/bin/Release/TestProjectGlib.DLL" adapterTypeName="Microsoft.VisualStudio.TestTools.TestTypes.Unit.UnitTestAdapter, Microsoft.VisualStudio.QualityTools.Tips.UnitTest.Adapter, Version=10.0.0.0, Culture=neutral, PublicKeyToken=b03f5f7f11d50a3a" className="TestProjectGlib.ComponentTest, TestProjectGlib, Version=1.0.0.0, Culture=neutral, PublicKeyToken=null" name="SubComponentTest" />
    </UnitTest>
    <UnitTest name="AddTest1" storage="c:\gitrepository\csharp\glib\testprojectglib\bin\release\testprojectglib.dll" id="9d575baf-4a71-ba25-05e3-403d9f9e7372">
      <Execution id="c3c787d0-4c1a-4b91-a6e5-165dd7489b4f" />
      <TestMethod codeBase="C:/GITRepository/CSharp/Glib/TestProjectGlib/bin/Release/TestProjectGlib.DLL" adapterTypeName="Microsoft.VisualStudio.TestTools.TestTypes.Unit.UnitTestAdapter, Microsoft.VisualStudio.QualityTools.Tips.UnitTest.Adapter, Version=10.0.0.0, Culture=neutral, PublicKeyToken=b03f5f7f11d50a3a" className="TestProjectGlib.MessageTest, TestProjectGlib, Version=1.0.0.0, Culture=neutral, PublicKeyToken=null" name="AddTest1" />
    </UnitTest>
    <UnitTest name="SubComponentConstructorTest2" storage="c:\gitrepository\csharp\glib\testprojectglib\bin\release\testprojectglib.dll" id="2c6c7854-ef7a-d4b6-6939-43da5173b8d2">
      <Execution id="b770f226-5451-4217-ac74-d06bee2d7308" />
      <TestMethod codeBase="C:/GITRepository/CSharp/Glib/TestProjectGlib/bin/Release/TestProjectGlib.DLL" adapterTypeName="Microsoft.VisualStudio.TestTools.TestTypes.Unit.UnitTestAdapter, Microsoft.VisualStudio.QualityTools.Tips.UnitTest.Adapter, Version=10.0.0.0, Culture=neutral, PublicKeyToken=b03f5f7f11d50a3a" className="TestProjectGlib.SubComponentTest, TestProjectGlib, Version=1.0.0.0, Culture=neutral, PublicKeyToken=null" name="SubComponentConstructorTest2" />
    </UnitTest>
    <UnitTest name="AddTest" storage="c:\gitrepository\csharp\glib\testprojectglib\bin\release\testprojectglib.dll" id="02778758-cc49-b70f-4d9e-207bdf0cd24c">
      <Execution id="243bad06-cb12-4f95-8716-0161eb553d40" />
      <TestMethod codeBase="C:/GITRepository/CSharp/Glib/TestProjectGlib/bin/Release/TestProjectGlib.DLL" adapterTypeName="Microsoft.VisualStudio.TestTools.TestTypes.Unit.UnitTestAdapter, Microsoft.VisualStudio.QualityTools.Tips.UnitTest.Adapter, Version=10.0.0.0, Culture=neutral, PublicKeyToken=b03f5f7f11d50a3a" className="TestProjectGlib.SubComponentTest, TestProjectGlib, Version=1.0.0.0, Culture=neutral, PublicKeyToken=null" name="AddTest" />
    </UnitTest>
    <UnitTest name="SetTest" storage="c:\gitrepository\csharp\glib\testprojectglib\bin\release\testprojectglib.dll" id="fb7784f1-99b0-c059-267d-2499f2992897">
      <Execution id="437501ae-f6ed-4d83-beda-314e24241744" />
      <TestMethod codeBase="C:/GITRepository/CSharp/Glib/TestProjectGlib/bin/Release/TestProjectGlib.DLL" adapterTypeName="Microsoft.VisualStudio.TestTools.TestTypes.Unit.UnitTestAdapter, Microsoft.VisualStudio.QualityTools.Tips.UnitTest.Adapter, Version=10.0.0.0, Culture=neutral, PublicKeyToken=b03f5f7f11d50a3a" className="TestProjectGlib.SubComponentTest, TestProjectGlib, Version=1.0.0.0, Culture=neutral, PublicKeyToken=null" name="SetTest" />
    </UnitTest>
    <UnitTest name="AsStringRawTest" storage="c:\gitrepository\csharp\glib\testprojectglib\bin\release\testprojectglib.dll" id="58b07de1-f862-1419-af55-ea8965b5801d">
      <Execution id="95bb7846-a6b5-46ce-b185-2a6cc813c00c" />
      <TestMethod codeBase="C:/GITRepository/CSharp/Glib/TestProjectGlib/bin/Release/TestProjectGlib.DLL" adapterTypeName="Microsoft.VisualStudio.TestTools.TestTypes.Unit.UnitTestAdapter, Microsoft.VisualStudio.QualityTools.Tips.UnitTest.Adapter, Version=10.0.0.0, Culture=neutral, PublicKeyToken=b03f5f7f11d50a3a" className="TestProjectGlib.ElementTest, TestProjectGlib, Version=1.0.0.0, Culture=neutral, PublicKeyToken=null" name="AsStringRawTest" />
    </UnitTest>
    <UnitTest name="HasTimeZoneTest" storage="c:\gitrepository\csharp\glib\testprojectglib\bin\release\testprojectglib.dll" id="d10f3995-53c1-d99d-5076-8ce0ff32fead">
      <DeploymentItems>
        <DeploymentItem filename="Glib.dll" />
      </DeploymentItems>
      <Execution id="487b38c3-b7b3-433f-9802-e4a256d03079" />
      <TestMethod codeBase="C:/GITRepository/CSharp/Glib/TestProjectGlib/bin/Release/TestProjectGlib.DLL" adapterTypeName="Microsoft.VisualStudio.TestTools.TestTypes.Unit.UnitTestAdapter, Microsoft.VisualStudio.QualityTools.Tips.UnitTest.Adapter, Version=10.0.0.0, Culture=neutral, PublicKeyToken=b03f5f7f11d50a3a" className="TestProjectGlib.DateTimeTools_ConvertStringToDateTimeTest, TestProjectGlib, Version=1.0.0.0, Culture=neutral, PublicKeyToken=null" name="HasTimeZoneTest" />
    </UnitTest>
[...]
    </UnitTestResult>
    <UnitTestResult executionId="fc79c36d-ef4c-4d82-85db-266603810948" testId="1ea9597c-d096-2afc-66c5-dd9341a18801" testName="AsDateTest" computerName="ANGUS-LAPTOP" duration="00:00:00.0006756" startTime="2015-03-15T23:55:53.2343612+10:00" endTime="2015-03-15T23:55:53.2393643+10:00" testType="13cdc9d9-ddb5-4fa4-a97d-d965ccfc6d4b" outcome="Passed" testListId="8c84fa94-04c1-424b-9868-57a2d4851a1d" relativeResultsDirectory="fc79c36d-ef4c-4d82-85db-266603810948">
    </UnitTestResult>
    <UnitTestResult executionId="af67afde-6e83-4132-992d-0f28c873cddd" testId="f9673aa5-17be-58f4-0a16-6981b295f410" testName="AsDateTest1" computerName="ANGUS-LAPTOP" duration="00:00:00.0005354" startTime="2015-03-15T23:55:53.2473700+10:00" endTime="2015-03-15T23:55:53.2523731+10:00" testType="13cdc9d9-ddb5-4fa4-a97d-d965ccfc6d4b" outcome="Passed" testListId="8c84fa94-04c1-424b-9868-57a2d4851a1d" relativeResultsDirectory="af67afde-6e83-4132-992d-0f28c873cddd">
    </UnitTestResult>
    <UnitTestResult executionId="8c5861ef-badf-479e-ab07-532f4d1802d6" testId="c37cc704-6571-4c7f-5e90-86db92e43e93" testName="AsDateHourMinTest" computerName="ANGUS-LAPTOP" duration="00:00:00.0003874" startTime="2015-03-15T23:55:53.2613800+10:00" endTime="2015-03-15T23:55:53.2663831+10:00" testType="13cdc9d9-ddb5-4fa4-a97d-d965ccfc6d4b" outcome="Passed" testListId="8c84fa94-04c1-424b-9868-57a2d4851a1d" relativeResultsDirectory="8c5861ef-badf-479e-ab07-532f4d1802d6">
    </UnitTestResult>
    <UnitTestResult executionId="50b084b0-7d16-4019-8315-44e25c419f13" testId="97412ae8-eeb8-6cdb-0444-db75e31093fd" testName="AsDateHourMinTest1" computerName="ANGUS-LAPTOP" duration="00:00:00.0004990" startTime="2015-03-15T23:55:53.2733885+10:00" endTime="2015-03-15T23:55:53.2783920+10:00" testType="13cdc9d9-ddb5-4fa4-a97d-d965ccfc6d4b" outcome="Passed" testListId="8c84fa94-04c1-424b-9868-57a2d4851a1d" relativeResultsDirectory="50b084b0-7d16-4019-8315-44e25c419f13">
    </UnitTestResult>
    <UnitTestResult executionId="099bed15-b1d0-4a3b-b946-f7cbc6710f11" testId="b81e40bb-9e67-676f-d4eb-65f20abf3117" testName="AsDateHourMinSecTest" computerName="ANGUS-LAPTOP" duration="00:00:00.0003895" startTime="2015-03-15T23:55:53.2863981+10:00" endTime="2015-03-15T23:55:53.2914008+10:00" testType="13cdc9d9-ddb5-4fa4-a97d-d965ccfc6d4b" outcome="Passed" testListId="8c84fa94-04c1-424b-9868-57a2d4851a1d" relativeResultsDirectory="099bed15-b1d0-4a3b-b946-f7cbc6710f11">
    </UnitTestResult>
    <UnitTestResult executionId="6fbe2a9c-a380-46e7-9c54-6c88a572f67e" testId="93964659-b15c-c098-848e-862a0968f755" testName="AsDateHourMinSecTest1" computerName="ANGUS-LAPTOP" duration="00:00:00.0005110" startTime="2015-03-15T23:55:53.2984067+10:00" endTime="2015-03-15T23:55:53.3034094+10:00" testType="13cdc9d9-ddb5-4fa4-a97d-d965ccfc6d4b" outcome="Passed" testListId="8c84fa94-04c1-424b-9868-57a2d4851a1d" relativeResultsDirectory="6fbe2a9c-a380-46e7-9c54-6c88a572f67e">
    </UnitTestResult>
    <UnitTestResult executionId="a4d4d293-1ccb-4d6d-b13e-6789ca2cfa05" testId="1e4a7732-fdaf-ca78-bc58-8b24e73cf4bb" testName="AsDateHourMinSecMilliTest" computerName="ANGUS-LAPTOP" duration="00:00:00.0002587" startTime="2015-03-15T23:55:53.3104152+10:00" endTime="2015-03-15T23:55:53.3154187+10:00" testType="13cdc9d9-ddb5-4fa4-a97d-d965ccfc6d4b" outcome="Passed" testListId="8c84fa94-04c1-424b-9868-57a2d4851a1d" relativeResultsDirectory="a4d4d293-1ccb-4d6d-b13e-6789ca2cfa05">
    </UnitTestResult>
    <UnitTestResult executionId="c5191563-9744-4508-ac3b-36929bc1ec2d" testId="638b813b-f5f3-3cde-3911-0c6b74e7e82c" testName="AsDateHourMinSecMilliTest1" computerName="ANGUS-LAPTOP" duration="00:00:00.0005683" startTime="2015-03-15T23:55:53.3224229+10:00" endTime="2015-03-15T23:55:53.3274264+10:00" testType="13cdc9d9-ddb5-4fa4-a97d-d965ccfc6d4b" outcome="Passed" testListId="8c84fa94-04c1-424b-9868-57a2d4851a1d" relativeResultsDirectory="c5191563-9744-4508-ac3b-36929bc1ec2d">
    </UnitTestResult>
    <UnitTestResult executionId="9dbb0bb2-5e20-48fe-b26b-250146a7aca2" testId="11268daa-86b0-d173-199b-25bae719712c" testName="SubComponentConstructorTest" computerName="ANGUS-LAPTOP" duration="00:00:00.0008159" startTime="2015-03-15T23:55:53.3364332+10:00" endTime="2015-03-15T23:55:53.3444385+10:00" testType="13cdc9d9-ddb5-4fa4-a97d-d965ccfc6d4b" outcome="Passed" testListId="8c84fa94-04c1-424b-9868-57a2d4851a1d" relativeResultsDirectory="9dbb0bb2-5e20-48fe-b26b-250146a7aca2">
    </UnitTestResult>
    <UnitTestResult executionId="b10f772d-b42d-4d59-aaa7-24daed4d39a7" testId="d3943c0f-ce5d-ed19-da04-4c5b640e1ebe" testName="SubComponentConstructorTest1" computerName="ANGUS-LAPTOP" duration="00:00:00.0004819" startTime="2015-03-15T23:55:53.3524446+10:00" endTime="2015-03-15T23:55:53.3574477+10:00" testType="13cdc9d9-ddb5-4fa4-a97d-d965ccfc6d4b" outcome="Passed" testListId="8c84fa94-04c1-424b-9868-57a2d4851a1d" relativeResultsDirectory="b10f772d-b42d-4d59-aaa7-24daed4d39a7">
    </UnitTestResult>
    <UnitTestResult executionId="b770f226-5451-4217-ac74-d06bee2d7308" testId="2c6c7854-ef7a-d4b6-6939-43da5173b8d2" testName="SubComponentConstructorTest2" computerName="ANGUS-LAPTOP" duration="00:00:00.0004601" startTime="2015-03-15T23:55:53.3654534+10:00" endTime="2015-03-15T23:55:53.3714581+10:00" testType="13cdc9d9-ddb5-4fa4-a97d-d965ccfc6d4b" outcome="Passed" testListId="8c84fa94-04c1-424b-9868-57a2d4851a1d" relativeResultsDirectory="b770f226-5451-4217-ac74-d06bee2d7308">
    </UnitTestResult>
    <UnitTestResult executionId="ee551962-caf6-4893-ba1d-8bc9d7a08ff7" testId="ab3c72e7-916d-9271-7490-63c98d311b23" testName="SubComponentConstructorTest3" computerName="ANGUS-LAPTOP" duration="00:00:00.0004879" startTime="2015-03-15T23:55:53.3784639+10:00" endTime="2015-03-15T23:55:53.3844669+10:00" testType="13cdc9d9-ddb5-4fa4-a97d-d965ccfc6d4b" outcome="Passed" testListId="8c84fa94-04c1-424b-9868-57a2d4851a1d" relativeResultsDirectory="ee551962-caf6-4893-ba1d-8bc9d7a08ff7">
    </UnitTestResult>
    <UnitTestResult executionId="243bad06-cb12-4f95-8716-0161eb553d40" testId="02778758-cc49-b70f-4d9e-207bdf0cd24c" testName="AddTest" computerName="ANGUS-LAPTOP" duration="00:00:00.0004823" startTime="2015-03-15T23:55:53.3914719+10:00" endTime="2015-03-15T23:55:53.3964754+10:00" testType="13cdc9d9-ddb5-4fa4-a97d-d965ccfc6d4b" outcome="Passed" testListId="8c84fa94-04c1-424b-9868-57a2d4851a1d" relativeResultsDirectory="243bad06-cb12-4f95-8716-0161eb553d40">
    </UnitTestResult>
    <UnitTestResult executionId="e5fa14c9-8fb8-430c-aa51-199374b92ca7" testId="e3bd59e2-736a-a74c-a5b4-2b8060fad9ac" testName="ClearAllTest" computerName="ANGUS-LAPTOP" duration="00:00:00.0008313" startTime="2015-03-15T23:55:53.4044815+10:00" endTime="2015-03-15T23:55:53.4104858+10:00" testType="13cdc9d9-ddb5-4fa4-a97d-d965ccfc6d4b" outcome="Passed" testListId="8c84fa94-04c1-424b-9868-57a2d4851a1d" relativeResultsDirectory="e5fa14c9-8fb8-430c-aa51-199374b92ca7">
    </UnitTestResult>
    <UnitTestResult executionId="80e1d2c5-fda5-4b69-b59f-74b0fbaff039" testId="39e3a354-d606-9be4-bb97-f5bfd0567f79" testName="CloneTest" computerName="ANGUS-LAPTOP" duration="00:00:00.0005243" startTime="2015-03-15T23:55:53.4194918+10:00" endTime="2015-03-15T23:55:53.4244953+10:00" testType="13cdc9d9-ddb5-4fa4-a97d-d965ccfc6d4b" outcome="Passed" testListId="8c84fa94-04c1-424b-9868-57a2d4851a1d" relativeResultsDirectory="80e1d2c5-fda5-4b69-b59f-74b0fbaff039">
    </UnitTestResult>
    <UnitTestResult executionId="063cec45-9db2-4760-b0ac-73dcb933ba6e" testId="469b4d55-6f41-2a07-a79f-1311a5b57e9f" testName="ContentTest" computerName="ANGUS-LAPTOP" duration="00:00:00.0003130" startTime="2015-03-15T23:55:53.4325027+10:00" endTime="2015-03-15T23:55:53.4375041+10:00" testType="13cdc9d9-ddb5-4fa4-a97d-d965ccfc6d4b" outcome="Passed" testListId="8c84fa94-04c1-424b-9868-57a2d4851a1d" relativeResultsDirectory="063cec45-9db2-4760-b0ac-73dcb933ba6e">
    </UnitTestResult>
    <UnitTestResult executionId="5f442330-a8f0-4e42-b017-3962bf298ac2" testId="e9992c95-3268-77fc-18a7-b02c1de4585f" testName="InsertTest1" computerName="ANGUS-LAPTOP" duration="00:00:00.0004421" startTime="2015-03-15T23:55:53.4465122+10:00" endTime="2015-03-15T23:55:53.4515145+10:00" testType="13cdc9d9-ddb5-4fa4-a97d-d965ccfc6d4b" outcome="Passed" testListId="8c84fa94-04c1-424b-9868-57a2d4851a1d" relativeResultsDirectory="5f442330-a8f0-4e42-b017-3962bf298ac2">
    </UnitTestResult>
    <UnitTestResult executionId="5fc8d554-5bd4-44da-addd-4226d49849d5" testId="4bff0ad5-e896-1b4d-1081-a1490afafa42" testName="RemoveContentAtTest" computerName="ANGUS-LAPTOP" duration="00:00:00.0003955" startTime="2015-03-15T23:55:53.4585203+10:00" endTime="2015-03-15T23:55:53.4635230+10:00" testType="13cdc9d9-ddb5-4fa4-a97d-d965ccfc6d4b" outcome="Passed" testListId="8c84fa94-04c1-424b-9868-57a2d4851a1d" relativeResultsDirectory="5fc8d554-5bd4-44da-addd-4226d49849d5">
    </UnitTestResult>
    <UnitTestResult executionId="437501ae-f6ed-4d83-beda-314e24241744" testId="fb7784f1-99b0-c059-267d-2499f2992897" testName="SetTest" computerName="ANGUS-LAPTOP" duration="00:00:00.0004353" startTime="2015-03-15T23:55:53.4715287+10:00" endTime="2015-03-15T23:55:53.4765344+10:00" testType="13cdc9d9-ddb5-4fa4-a97d-d965ccfc6d4b" outcome="Passed" testListId="8c84fa94-04c1-424b-9868-57a2d4851a1d" relativeResultsDirectory="437501ae-f6ed-4d83-beda-314e24241744">
    </UnitTestResult>
    <UnitTestResult executionId="1890472a-7824-4c0b-9696-d59c92d092af" testId="c812c44a-5c44-51b8-b655-5885aea417c4" testName="ToStringTest" computerName="ANGUS-LAPTOP" duration="00:00:00.0003806" startTime="2015-03-15T23:55:53.4835377+10:00" endTime="2015-03-15T23:55:53.4885412+10:00" testType="13cdc9d9-ddb5-4fa4-a97d-d965ccfc6d4b" outcome="Passed" testListId="8c84fa94-04c1-424b-9868-57a2d4851a1d" relativeResultsDirectory="1890472a-7824-4c0b-9696-d59c92d092af">
    </UnitTestResult>
    <UnitTestResult executionId="532542fd-05d9-484e-9c09-b3011440c9a8" testId="53408e81-9390-b885-d3ba-48cc087e6fa9" testName="AsStringTest" computerName="ANGUS-LAPTOP" duration="00:00:00.0002848" startTime="2015-03-15T23:55:53.4965473+10:00" endTime="2015-03-15T23:55:53.5015500+10:00" testType="13cdc9d9-ddb5-4fa4-a97d-d965ccfc6d4b" outcome="Passed" testListId="8c84fa94-04c1-424b-9868-57a2d4851a1d" relativeResultsDirectory="532542fd-05d9-484e-9c09-b3011440c9a8">
    </UnitTestResult>
    <UnitTestResult executionId="bee7d9cd-7631-4fa3-ba89-171a5cd3a846" testId="a13c16dd-eb35-6dc4-e44a-3c831bb7b60e" testName="AsStringRawTest" computerName="ANGUS-LAPTOP" duration="00:00:00.0004841" startTime="2015-03-15T23:55:53.5095561+10:00" endTime="2015-03-15T23:55:53.5145592+10:00" testType="13cdc9d9-ddb5-4fa4-a97d-d965ccfc6d4b" outcome="Passed" testListId="8c84fa94-04c1-424b-9868-57a2d4851a1d" relativeResultsDirectory="bee7d9cd-7631-4fa3-ba89-171a5cd3a846">
    </UnitTestResult>
    <UnitTestResult executionId="92574cbc-9c1f-4877-b60a-f91e66fcd72d" testId="ff6bcfba-0ee9-cdf0-d001-087d61640fd4" testName="ContentCountTest" computerName="ANGUS-LAPTOP" duration="00:00:00.0003891" startTime="2015-03-15T23:55:53.5225654+10:00" endTime="2015-03-15T23:55:53.5275685+10:00" testType="13cdc9d9-ddb5-4fa4-a97d-d965ccfc6d4b" outcome="Passed" testListId="8c84fa94-04c1-424b-9868-57a2d4851a1d" relativeResultsDirectory="92574cbc-9c1f-4877-b60a-f91e66fcd72d">
    </UnitTestResult>
    <UnitTestResult executionId="2eb00098-ec43-4880-ae73-93614a76daa8" testId="095f8059-d018-ce3b-36fe-2dc31b1660f3" testName="ContentListTest" computerName="ANGUS-LAPTOP" duration="00:00:00.0029696" startTime="2015-03-15T23:55:53.5345739+10:00" endTime="2015-03-15T23:55:53.5575902+10:00" testType="13cdc9d9-ddb5-4fa4-a97d-d965ccfc6d4b" outcome="Passed" testListId="8c84fa94-04c1-424b-9868-57a2d4851a1d" relativeResultsDirectory="2eb00098-ec43-4880-ae73-93614a76daa8">
    </UnitTestResult>
    <UnitTestResult executionId="4a98efbf-a4b3-420d-8c40-cd8c0a0c5279" testId="192175a3-4aa5-7081-0062-e07d677a3e35" testName="IsEmptyTest" computerName="ANGUS-LAPTOP" duration="00:00:00.0002878" startTime="2015-03-15T23:55:53.5645948+10:00" endTime="2015-03-15T23:55:53.5695983+10:00" testType="13cdc9d9-ddb5-4fa4-a97d-d965ccfc6d4b" outcome="Passed" testListId="8c84fa94-04c1-424b-9868-57a2d4851a1d" relativeResultsDirectory="4a98efbf-a4b3-420d-8c40-cd8c0a0c5279">
    </UnitTestResult>
    <UnitTestResult executionId="ad021f43-1051-45c2-9a9e-af52179fe92e" testId="42fa85c9-4d31-c930-f249-93b92ee77398" testName="IsHL7NullTest" computerName="ANGUS-LAPTOP" duration="00:00:00.0003053" startTime="2015-03-15T23:55:53.5776057+10:00" endTime="2015-03-15T23:55:53.5826080+10:00" testType="13cdc9d9-ddb5-4fa4-a97d-d965ccfc6d4b" outcome="Passed" testListId="8c84fa94-04c1-424b-9868-57a2d4851a1d" relativeResultsDirectory="ad021f43-1051-45c2-9a9e-af52179fe92e">
    </UnitTestResult>
    <UnitTestResult executionId="19c5b062-f45f-4f8c-ab17-7ab4ec87a3d3" testId="648e5a6a-2e35-f5f3-d102-39cad7148c87" testName="PathInformationTest" computerName="ANGUS-LAPTOP" duration="00:00:00.0004764" startTime="2015-03-15T23:55:53.5896125+10:00" endTime="2015-03-15T23:55:53.5946156+10:00" testType="13cdc9d9-ddb5-4fa4-a97d-d965ccfc6d4b" outcome="Passed" testListId="8c84fa94-04c1-424b-9868-57a2d4851a1d" relativeResultsDirectory="19c5b062-f45f-4f8c-ab17-7ab4ec87a3d3">
    </UnitTestResult>
    <UnitTestResult executionId="4ad1f873-cc87-47ff-946d-5d45a2992635" testId="b477f252-4b79-f949-3b9c-3d4c20a0c9c3" testName="AcknowledgementConstructorTest" computerName="ANGUS-LAPTOP" duration="00:00:00.0005999" startTime="2015-03-15T23:55:53.6016210+10:00" endTime="2015-03-15T23:55:53.6066267+10:00" testType="13cdc9d9-ddb5-4fa4-a97d-d965ccfc6d4b" outcome="Passed" testListId="8c84fa94-04c1-424b-9868-57a2d4851a1d" relativeResultsDirectory="4ad1f873-cc87-47ff-946d-5d45a2992635">
    </UnitTestResult>
    <UnitTestResult executionId="dd98427c-d6c3-4c42-b9f9-d4c3626355ad" testId="a2c198f3-307a-8289-8d73-7794fd4a6088" testName="GenerateAcknowledgementMessageTest" computerName="ANGUS-LAPTOP" duration="00:00:00.0053439" startTime="2015-03-15T23:55:53.6156318+10:00" endTime="2015-03-15T23:55:53.6256389+10:00" testType="13cdc9d9-ddb5-4fa4-a97d-d965ccfc6d4b" outcome="Passed" testListId="8c84fa94-04c1-424b-9868-57a2d4851a1d" relativeResultsDirectory="dd98427c-d6c3-4c42-b9f9-d4c3626355ad">
    </UnitTestResult>
    <UnitTestResult executionId="f6fc6e02-2cf4-4b0b-b90b-5d4a2fc3c71d" testId="36f5ba8b-e83d-21a6-6b46-234c7d076dfc" testName="TestContentTypeCreate" computerName="ANGUS-LAPTOP" duration="00:00:00.0010062" startTime="2015-03-15T23:55:53.7134333+10:00" endTime="2015-03-15T23:55:53.7264537+10:00" testType="13cdc9d9-ddb5-4fa4-a97d-d965ccfc6d4b" outcome="Passed" testListId="8c84fa94-04c1-424b-9868-57a2d4851a1d" relativeResultsDirectory="f6fc6e02-2cf4-4b0b-b90b-5d4a2fc3c71d">
    </UnitTestResult>
    <UnitTestResult executionId="8ba71e10-b769-4188-9601-8b3b3682c02d" testId="3653eb47-0ee9-b8ab-b11b-85c637b1195f" testName="TestContentTypeExceptions" computerName="ANGUS-LAPTOP" duration="00:00:00.1873979" startTime="2015-03-15T23:55:53.7444545+10:00" endTime="2015-03-15T23:55:53.9426020+10:00" testType="13cdc9d9-ddb5-4fa4-a97d-d965ccfc6d4b" outcome="Passed" testListId="8c84fa94-04c1-424b-9868-57a2d4851a1d" relativeResultsDirectory="8ba71e10-b769-4188-9601-8b3b3682c02d">
    </UnitTestResult>
    <UnitTestResult executionId="fe8649c5-15d2-4ef8-b27b-c4b9f76942f8" testId="012d2315-4e42-4667-a443-62fef4ef445f" testName="TestSubComponentCreate" computerName="ANGUS-LAPTOP" duration="00:00:00.0008407" startTime="2015-03-15T23:55:53.9626149+10:00" endTime="2015-03-15T23:55:53.9736172+10:00" testType="13cdc9d9-ddb5-4fa4-a97d-d965ccfc6d4b" outcome="Passed" testListId="8c84fa94-04c1-424b-9868-57a2d4851a1d" relativeResultsDirectory="fe8649c5-15d2-4ef8-b27b-c4b9f76942f8">
    </UnitTestResult>
    <UnitTestResult executionId="ed5e4b14-28bd-43c0-ae79-658152a6dc30" testId="81c8be9e-d70b-1223-942f-8fd68c01deff" testName="TestSubComponentAddingContent" computerName="ANGUS-LAPTOP" duration="00:00:00.0020920" startTime="2015-03-15T23:55:53.9936326+10:00" endTime="2015-03-15T23:55:54.0026378+10:00" testType="13cdc9d9-ddb5-4fa4-a97d-d965ccfc6d4b" outcome="Passed" testListId="8c84fa94-04c1-424b-9868-57a2d4851a1d" relativeResultsDirectory="ed5e4b14-28bd-43c0-ae79-658152a6dc30">
    </UnitTestResult>
    <UnitTestResult executionId="8e7d2775-bfe2-4d40-a65c-bd152981450b" testId="bddb2672-714c-c0cc-af8d-4f49c9398348" testName="TestSubComponentSettingContent" computerName="ANGUS-LAPTOP" duration="00:00:00.0025282" startTime="2015-03-15T23:55:54.0146458+10:00" endTime="2015-03-15T23:55:54.0236522+10:00" testType="13cdc9d9-ddb5-4fa4-a97d-d965ccfc6d4b" outcome="Passed" testListId="8c84fa94-04c1-424b-9868-57a2d4851a1d" relativeResultsDirectory="8e7d2775-bfe2-4d40-a65c-bd152981450b">
    </UnitTestResult>
    <UnitTestResult executionId="325ac483-88bf-49ef-8e16-3f3e31168e19" testId="0fd8a5b0-4bab-92d7-9503-d011125db49e" testName="TestSubComponentContentCount" computerName="ANGUS-LAPTOP" duration="00:00:00.0012149" startTime="2015-03-15T23:55:54.0346601+10:00" endTime="2015-03-15T23:55:54.0426687+10:00" testType="13cdc9d9-ddb5-4fa4-a97d-d965ccfc6d4b" outcome="Passed" testListId="8c84fa94-04c1-424b-9868-57a2d4851a1d" relativeResultsDirectory="325ac483-88bf-49ef-8e16-3f3e31168e19">
    </UnitTestResult>
    <UnitTestResult executionId="49ae30ec-53de-4419-97ae-c916dbc8755b" testId="ca96ed79-94d8-04a6-bf7b-d63d87b091a4" testName="TestComponentCreate" computerName="ANGUS-LAPTOP" duration="00:00:00.0214814" startTime="2015-03-15T23:55:54.0526741+10:00" endTime="2015-03-15T23:55:54.0816934+10:00" testType="13cdc9d9-ddb5-4fa4-a97d-d965ccfc6d4b" outcome="Passed" testListId="8c84fa94-04c1-424b-9868-57a2d4851a1d" relativeResultsDirectory="49ae30ec-53de-4419-97ae-c916dbc8755b">
    </UnitTestResult>
    <UnitTestResult executionId="6c2855d0-302b-455c-9fed-713e19884b32" testId="32b9b9f5-4397-465f-7bd1-b23ce1b18f86" testName="TestFieldCreate" computerName="ANGUS-LAPTOP" duration="00:00:00.0247226" startTime="2015-03-15T23:55:54.0937037+10:00" endTime="2015-03-15T23:55:54.1257247+10:00" testType="13cdc9d9-ddb5-4fa4-a97d-d965ccfc6d4b" outcome="Passed" testListId="8c84fa94-04c1-424b-9868-57a2d4851a1d" relativeResultsDirectory="6c2855d0-302b-455c-9fed-713e19884b32">
    </UnitTestResult>
    <UnitTestResult executionId="d399473e-6a78-4f75-a937-a53335327b07" testId="73fcddfd-0abf-4092-fa36-e303fa699e43" testName="TestFieldCreate" computerName="ANGUS-LAPTOP" duration="00:00:00.0246362" startTime="2015-03-15T23:55:54.1367637+10:00" endTime="2015-03-15T23:55:54.1678080+10:00" testType="13cdc9d9-ddb5-4fa4-a97d-d965ccfc6d4b" outcome="Passed" testListId="8c84fa94-04c1-424b-9868-57a2d4851a1d" relativeResultsDirectory="d399473e-6a78-4f75-a937-a53335327b07">
    </UnitTestResult>
    <UnitTestResult executionId="6c272889-6241-4df3-bd48-e3f07cd8ffcf" testId="261a082e-e443-898e-1e84-d8529ce1f285" testName="TestFieldCreate" computerName="ANGUS-LAPTOP" duration="00:00:00.0294799" startTime="2015-03-15T23:55:54.1777924+10:00" endTime="2015-03-15T23:55:54.2138394+10:00" testType="13cdc9d9-ddb5-4fa4-a97d-d965ccfc6d4b" outcome="Passed" testListId="8c84fa94-04c1-424b-9868-57a2d4851a1d" relativeResultsDirectory="6c272889-6241-4df3-bd48-e3f07cd8ffcf">
    </UnitTestResult>
    <UnitTestResult executionId="31817639-c0fa-448a-bca3-b141ca3c98af" testId="f772f6d6-23ef-6c93-47fe-814b8ff01373" testName="TestMessageCreate" computerName="ANGUS-LAPTOP" duration="00:00:00.3646909" startTime="2015-03-15T23:55:54.2258269+10:00" endTime="2015-03-15T23:55:54.5981369+10:00" testType="13cdc9d9-ddb5-4fa4-a97d-d965ccfc6d4b" outcome="Passed" testListId="8c84fa94-04c1-424b-9868-57a2d4851a1d" relativeResultsDirectory="31817639-c0fa-448a-bca3-b141ca3c98af">
    </UnitTestResult>
  </Results>
</TestRun>