<?xml version="1.0" encoding="UTF-8"?>
<TestRun id="5b700df7-e7a3-424d-8ffa-193f13d611d5" name="angusm@ANGUS-LAPTOP 2015-03-15 23:55:29" runUser="ANGUS-LAPTOP\angusm" xmlns="http://microsoft.com/schemas/VisualStudio/TeamTest/2010">
  <TestSettings name="Local" id="c40bac2d-459a-4c41-b6e1-f7b7dbb1d2f8">
    <Description>These are default test settings for a local test run.</Description>
    <Deployment enabled="false" runDeploymentRoot="angusm_ANGUS-LAPTOP 2015-03-15 23_55_29">
      <DeploymentItem filename="C:\GITRepository\CSharp\Glib\Glib\bin\Debug\Glib.dll" />
    </Deployment>
    <Execution>
      <TestTypeSpecific />
      <AgentRule name="Execution Agents">
      </AgentRule>
    </Execution>
  </TestSettings>
  <Times creation="2015-03-15T23:55:29.0317139+10:00" queuing="2015-03-15T23:55:30.4424333+10:00" start="2015-03-15T23:55:30.5985569+10:00" finish="2015-03-15T23:55:38.0758735+10:00" />
  <ResultSummary outcome="Completed">
    <Counters total="211" executed="211" passed="211" error="0" failed="0" timeout="0" aborted="0" inconclusive="0" passedButRunAborted="0" notRunnable="0" notExecuted="0" disconnected="0" warning="0" completed="0" inProgress="0" pending="0" />
  </ResultSummary>
  <TestDefinitions>
    <UnitTest name="ClearAllTest" storage="c:\gitrepository\csharp\glib\testprojectglib\bin\debug\testprojectglib.dll" id="e3bd59e2-736a-a74c-a5b4-2b8060fad9ac">
      <Execution id="92bc61d0-9441-4e9a-a58e-b06242abec3b" />
      <TestMethod codeBase="C:/GITRepository/CSharp/Glib/TestProjectGlib/bin/Debug/TestProjectGlib.DLL" adapterTypeName="Microsoft.VisualStudio.TestTools.TestTypes.Unit.UnitTestAdapter, Microsoft.VisualStudio.QualityTools.Tips.UnitTest.Adapter, Version=10.0.0.0, Culture=neutral, PublicKeyToken=b03f5f7f11d50a3a" className="TestProjectGlib.SubComponentTest, TestProjectGlib, Version=1.0.0.0, Culture=neutral, PublicKeyToken=null" name="ClearAllTest" />
    </UnitTest>
    <UnitTest name="AsDateHourMinTest" storage="c:\gitrepository\csharp\glib\testprojectglib\bin\debug\testprojectglib.dll" id="c37cc704-6571-4c7f-5e90-86db92e43e93">
      <Execution id="4bbede37-86fa-4486-ad5b-acbfe4ffcba8" />
      <TestMethod codeBase="C:/GITRepository/CSharp/Glib/TestProjectGlib/bin/Debug/TestProjectGlib.DLL" adapterTypeName="Microsoft.VisualStudio.TestTools.TestTypes.Unit.UnitTestAdapter, Microsoft.VisualStudio.QualityTools.Tips.UnitTest.Adapter, Version=10.0.0.0, Culture=neutral, PublicKeyToken=b03f5f7f11d50a3a" className="TestProjectGlib.DateTimeTools_ConvertDateTimeToStringTest, TestProjectGlib, Version=1.0.0.0, Culture=neutral, PublicKeyToken=null" name="AsDateHourMinTest" />
    </UnitTest>
    <UnitTest name="HasTimeMillisecondsAndTimeZoneTest" storage="c:\gitrepository\csharp\glib\testprojectglib\bin\debug\testprojectglib.dll" id="69006a4b-2bb8-cd05-18cd-ebc04e54b06a">
      <DeploymentItems>
        <DeploymentItem filename="Glib.dll" />
      </DeploymentItems>
      <Execution id="d3912b57-c2e4-41d8-86e3-2812ec687ca2" />
      <TestMethod codeBase="C:/GITRepository/CSharp/Glib/TestProjectGlib/bin/Debug/TestProjectGlib.DLL" adapterTypeName="Microsoft.VisualStudio.TestTools.TestTypes.Unit.UnitTestAdapter, Microsoft.VisualStudio.QualityTools.Tips.UnitTest.Adapter, Version=10.0.0.0, Culture=neutral, PublicKeyToken=b03f5f7f11d50a3a" className="TestProjectGlib.DateTimeTools_ConvertStringToDateTimeTest, TestProjectGlib, Version=1.0.0.0, Culture=neutral, PublicKeyToken=null" name="HasTimeMillisecondsAndTimeZoneTest" />
    </UnitTest>
    <UnitTest name="InsertTest1" storage="c:\gitrepository\csharp\glib\testprojectglib\bin\debug\testprojectglib.dll" id="bc0f9aee-af0e-309f-c331-5b7305dffd88">
      <Execution id="0213a81a-416c-489f-a3f8-3ac059e38e46" />
      <TestMethod codeBase="C:/GITRepository/CSharp/Glib/TestProjectGlib/bin/Debug/TestProjectGlib.DLL" adapterTypeName="Microsoft.VisualStudio.TestTools.TestTypes.Unit.UnitTestAdapter, Microsoft.VisualStudio.QualityTools.Tips.UnitTest.Adapter, Version=10.0.0.0, Culture=neutral, PublicKeyToken=b03f5f7f11d50a3a" className="TestProjectGlib.ComponentTest, TestProjectGlib, Version=1.0.0.0, Culture=neutral, PublicKeyToken=null" name="InsertTest1" />
    </UnitTest>
    <UnitTest name="SegmentListTest" storage="c:\gitrepository\csharp\glib\testprojectglib\bin\debug\testprojectglib.dll" id="b2eb1e14-bea9-e296-a2b0-1e95dd6e0f89">
      <Execution id="ae79c844-2b52-47dc-bf7f-1efe26e09357" />
      <TestMethod codeBase="C:/GITRepository/CSharp/Glib/TestProjectGlib/bin/Debug/TestProjectGlib.DLL" adapterTypeName="Microsoft.VisualStudio.TestTools.TestTypes.Unit.UnitTestAdapter, Microsoft.VisualStudio.QualityTools.Tips.UnitTest.Adapter, Version=10.0.0.0, Culture=neutral, PublicKeyToken=b03f5f7f11d50a3a" className="TestProjectGlib.MessageTest, TestProjectGlib, Version=1.0.0.0, Culture=neutral, PublicKeyToken=null" name="SegmentListTest" />
    </UnitTest>
    <UnitTest name="ToStringTest" storage="c:\gitrepository\csharp\glib\testprojectglib\bin\debug\testprojectglib.dll" id="50a4b4d5-a824-5b66-26bf-9124f5072895">
      <Execution id="3865da75-02f1-48f0-9083-0a64508213aa" />
      <TestMethod codeBase="C:/GITRepository/CSharp/Glib/TestProjectGlib/bin/Debug/TestProjectGlib.DLL" adapterTypeName="Microsoft.VisualStudio.TestTools.TestTypes.Unit.UnitTestAdapter, Microsoft.VisualStudio.QualityTools.Tips.UnitTest.Adapter, Version=10.0.0.0, Culture=neutral, PublicKeyToken=b03f5f7f11d50a3a" className="TestProjectGlib.ElementTest, TestProjectGlib, Version=1.0.0.0, Culture=neutral, PublicKeyToken=null" name="ToStringTest" />
    </UnitTest>
    <UnitTest name="AsDateTest" storage="c:\gitrepository\csharp\glib\testprojectglib\bin\debug\testprojectglib.dll" id="1ea9597c-d096-2afc-66c5-dd9341a18801">
      <Execution id="93218c8b-18cf-4aa6-9380-a0995f44ff62" />
      <TestMethod codeBase="C:/GITRepository/CSharp/Glib/TestProjectGlib/bin/Debug/TestProjectGlib.DLL" adapterTypeName="Microsoft.VisualStudio.TestTools.TestTypes.Unit.UnitTestAdapter, Microsoft.VisualStudio.QualityTools.Tips.UnitTest.Adapter, Version=10.0.0.0, Culture=neutral, PublicKeyToken=b03f5f7f11d50a3a" className="TestProjectGlib.DateTimeTools_ConvertDateTimeToStringTest, TestProjectGlib, Version=1.0.0.0, Culture=neutral, PublicKeyToken=null" name="AsDateTest" />
    </UnitTest>
    <UnitTest name="RemoveContentAtTest" storage="c:\gitrepository\csharp\glib\testprojectglib\bin\debug\testprojectglib.dll" id="4bff0ad5-e896-1b4d-1081-a1490afafa42">
      <Execution id="61fe71c2-14d9-4b18-a69b-86799a539c7a" />
      <TestMethod codeBase="C:/GITRepository/CSharp/Glib/TestProjectGlib/bin/Debug/TestProjectGlib.DLL" adapterTypeName="Microsoft.VisualStudio.TestTools.TestTypes.Unit.UnitTestAdapter, Microsoft.VisualStudio.QualityTools.Tips.UnitTest.Adapter, Version=10.0.0.0, Culture=neutral, PublicKeyToken=b03f5f7f11d50a3a" className="TestProjectGlib.SubComponentTest, TestProjectGlib, Version=1.0.0.0, Culture=neutral, PublicKeyToken=null" name="RemoveContentAtTest" />
    </UnitTest>
    <UnitTest name="RemoveFieldAtTest" storage="c:\gitrepository\csharp\glib\testprojectglib\bin\debug\testprojectglib.dll" id="62c24a39-3e15-9930-3a10-9e29e5408430">
      <Execution id="bb579248-e011-4d38-99db-958e8a3b4524" />
      <TestMethod codeBase="C:/GITRepository/CSharp/Glib/TestProjectGlib/bin/Debug/TestProjectGlib.DLL" adapterTypeName="Microsoft.VisualStudio.TestTools.TestTypes.Unit.UnitTestAdapter, Microsoft.VisualStudio.QualityTools.Tips.UnitTest.Adapter, Version=10.0.0.0, Culture=neutral, PublicKeyToken=b03f5f7f11d50a3a" className="TestProjectGlib.SegmentTest, TestProjectGlib, Version=1.0.0.0, Culture=neutral, PublicKeyToken=null" name="RemoveFieldAtTest" />
    </UnitTest>
    <UnitTest name="ContentConstructorTest6" storage="c:\gitrepository\csharp\glib\testprojectglib\bin\debug\testprojectglib.dll" id="0f1104b0-2d82-7414-004c-52659e3b91e6">
      <Execution id="6a400e87-ca1c-4a43-8039-e9f0cf9e6e7c" />
      <TestMethod codeBase="C:/GITRepository/CSharp/Glib/TestProjectGlib/bin/Debug/TestProjectGlib.DLL" adapterTypeName="Microsoft.VisualStudio.TestTools.TestTypes.Unit.UnitTestAdapter, Microsoft.VisualStudio.QualityTools.Tips.UnitTest.Adapter, Version=10.0.0.0, Culture=neutral, PublicKeyToken=b03f5f7f11d50a3a" className="TestProjectGlib.ContentTest, TestProjectGlib, Version=1.0.0.0, Culture=neutral, PublicKeyToken=null" name="ContentConstructorTest6" />
    </UnitTest>
    <UnitTest name="ToStringTest" storage="c:\gitrepository\csharp\glib\testprojectglib\bin\debug\testprojectglib.dll" id="068ee4da-4219-485f-f9a9-dc524fcc05e8">
      <Execution id="a42ed7e3-aa8a-46db-99a6-58e73eb43ec8" />
      <TestMethod codeBase="C:/GITRepository/CSharp/Glib/TestProjectGlib/bin/Debug/TestProjectGlib.DLL" adapterTypeName="Microsoft.VisualStudio.TestTools.TestTypes.Unit.UnitTestAdapter, Microsoft.VisualStudio.QualityTools.Tips.UnitTest.Adapter, Version=10.0.0.0, Culture=neutral, PublicKeyToken=b03f5f7f11d50a3a" className="TestProjectGlib.MessageTest, TestProjectGlib, Version=1.0.0.0, Culture=neutral, PublicKeyToken=null" name="ToStringTest" />
    </UnitTest>
    <UnitTest name="CloseTest" storage="c:\gitrepository\csharp\glib\testprojectglib\bin\debug\testprojectglib.dll" id="53a4311b-e47e-284e-52cb-41e1adabe3b7">
      <Execution id="01adc949-5ada-44b4-9048-177efef4744b" />
      <TestMethod codeBase="C:/GITRepository/CSharp/Glib/TestProjectGlib/bin/Debug/TestProjectGlib.DLL" adapterTypeName="Microsoft.VisualStudio.TestTools.TestTypes.Unit.UnitTestAdapter, Microsoft.VisualStudio.QualityTools.Tips.UnitTest.Adapter, Version=10.0.0.0, Culture=neutral, PublicKeyToken=b03f5f7f11d50a3a" className="TestProjectGlib.Hl7ReaderTest, TestProjectGlib, Version=1.0.0.0, Culture=neutral, PublicKeyToken=null" name="CloseTest" />
    </UnitTest>
    <UnitTest name="FieldConstructorTest1" storage="c:\gitrepository\csharp\glib\testprojectglib\bin\debug\testprojectglib.dll" id="f9fb7caa-10d0-d537-0bee-7128754a588f">
      <Execution id="9de6991b-23c2-4de3-9877-03ecc0fb7e15" />
      <TestMethod codeBase="C:/GITRepository/CSharp/Glib/TestProjectGlib/bin/Debug/TestProjectGlib.DLL" adapterTypeName="Microsoft.VisualStudio.TestTools.TestTypes.Unit.UnitTestAdapter, Microsoft.VisualStudio.QualityTools.Tips.UnitTest.Adapter, Version=10.0.0.0, Culture=neutral, PublicKeyToken=b03f5f7f11d50a3a" className="TestProjectGlib.FieldTest, TestProjectGlib, Version=1.0.0.0, Culture=neutral, PublicKeyToken=null" name="FieldConstructorTest1" />
    </UnitTest>
    <UnitTest name="SegmentTest1" storage="c:\gitrepository\csharp\glib\testprojectglib\bin\debug\testprojectglib.dll" id="657b03ae-c6ed-cf3b-d3fd-383cfaaed277">
      <Execution id="516cc106-3d04-4155-bf78-258c3a1c96bc" />
      <TestMethod codeBase="C:/GITRepository/CSharp/Glib/TestProjectGlib/bin/Debug/TestProjectGlib.DLL" adapterTypeName="Microsoft.VisualStudio.TestTools.TestTypes.Unit.UnitTestAdapter, Microsoft.VisualStudio.QualityTools.Tips.UnitTest.Adapter, Version=10.0.0.0, Culture=neutral, PublicKeyToken=b03f5f7f11d50a3a" className="TestProjectGlib.MessageTest, TestProjectGlib, Version=1.0.0.0, Culture=neutral, PublicKeyToken=null" name="SegmentTest1" />
    </UnitTest>
    <UnitTest name="MessageControlIDTest" storage="c:\gitrepository\csharp\glib\testprojectglib\bin\debug\testprojectglib.dll" id="cc555133-a437-76ab-0a74-82c55de705e8">
      <Execution id="b3413d7f-5c0e-4f32-b13f-c552f2b49a93" />
      <TestMethod codeBase="C:/GITRepository/CSharp/Glib/TestProjectGlib/bin/Debug/TestProjectGlib.DLL" adapterTypeName="Microsoft.VisualStudio.TestTools.TestTypes.Unit.UnitTestAdapter, Microsoft.VisualStudio.QualityTools.Tips.UnitTest.Adapter, Version=10.0.0.0, Culture=neutral, PublicKeyToken=b03f5f7f11d50a3a" className="TestProjectGlib.MessageTest, TestProjectGlib, Version=1.0.0.0, Culture=neutral, PublicKeyToken=null" name="MessageControlIDTest" />
    </UnitTest>
    <UnitTest name="ContentConstructorTest4" storage="c:\gitrepository\csharp\glib\testprojectglib\bin\debug\testprojectglib.dll" id="e74d6791-3965-d5cc-acd4-9d778742eb75">
      <Execution id="8e314ed9-6239-4697-99e9-7072d0799e4d" />
      <TestMethod codeBase="C:/GITRepository/CSharp/Glib/TestProjectGlib/bin/Debug/TestProjectGlib.DLL" adapterTypeName="Microsoft.VisualStudio.TestTools.TestTypes.Unit.UnitTestAdapter, Microsoft.VisualStudio.QualityTools.Tips.UnitTest.Adapter, Version=10.0.0.0, Culture=neutral, PublicKeyToken=b03f5f7f11d50a3a" className="TestProjectGlib.ContentTest, TestProjectGlib, Version=1.0.0.0, Culture=neutral, PublicKeyToken=null" name="ContentConstructorTest4" />
    </UnitTest>
    <UnitTest name="RemoveSubComponentAtTest" storage="c:\gitrepository\csharp\glib\testprojectglib\bin\debug\testprojectglib.dll" id="f68c8a02-1470-d08d-1c7b-4369d1481c87">
      <Execution id="1c07a539-06ff-40f4-aafa-7db5b55dadab" />
      <TestMethod codeBase="C:/GITRepository/CSharp/Glib/TestProjectGlib/bin/Debug/TestProjectGlib.DLL" adapterTypeName="Microsoft.VisualStudio.TestTools.TestTypes.Unit.UnitTestAdapter, Microsoft.VisualStudio.QualityTools.Tips.UnitTest.Adapter, Version=10.0.0.0, Culture=neutral, PublicKeyToken=b03f5f7f11d50a3a" className="TestProjectGlib.ComponentTest, TestProjectGlib, Version=1.0.0.0, Culture=neutral, PublicKeyToken=null" name="RemoveSubComponentAtTest" />
    </UnitTest>
    <UnitTest name="FieldConstructorTest2" storage="c:\gitrepository\csharp\glib\testprojectglib\bin\debug\testprojectglib.dll" id="5425a998-6ae1-bd4a-2828-b41e0f99ea29">
      <Execution id="02d27c07-8707-4bab-a048-2dc2bcefcff2" />
      <TestMethod codeBase="C:/GITRepository/CSharp/Glib/TestProjectGlib/bin/Debug/TestProjectGlib.DLL" adapterTypeName="Microsoft.VisualStudio.TestTools.TestTypes.Unit.UnitTestAdapter, Microsoft.VisualStudio.QualityTools.Tips.UnitTest.Adapter, Version=10.0.0.0, Culture=neutral, PublicKeyToken=b03f5f7f11d50a3a" className="TestProjectGlib.FieldTest, TestProjectGlib, Version=1.0.0.0, Culture=neutral, PublicKeyToken=null" name="FieldConstructorTest2" />
    </UnitTest>
    <UnitTest name="MessageConstructorTest" storage="c:\gitrepository\csharp\glib\testprojectglib\bin\debug\testprojectglib.dll" id="0f69c36b-493c-8fb0-e292-61a29a24b837">
      <Execution id="d82c22ff-c7cb-48ae-bd91-f79130eb8085" />
      <TestMethod codeBase="C:/GITRepository/CSharp/Glib/TestProjectGlib/bin/Debug/TestProjectGlib.DLL" adapterTypeName="Microsoft.VisualStudio.TestTools.TestTypes.Unit.UnitTestAdapter, Microsoft.VisualStudio.QualityTools.Tips.UnitTest.Adapter, Version=10.0.0.0, Culture=neutral, PublicKeyToken=b03f5f7f11d50a3a" className="TestProjectGlib.MessageTest, TestProjectGlib, Version=1.0.0.0, Culture=neutral, PublicKeyToken=null" name="MessageConstructorTest" />
    </UnitTest>
    <UnitTest name="ComponentConstructorTest3" storage="c:\gitrepository\csharp\glib\testprojectglib\bin\debug\testprojectglib.dll" id="185dc60c-75d6-b20a-81be-f0dc0aef7d75">
      <Execution id="c4de78f5-7672-4f49-b6d3-3b03577e300b" />
      <TestMethod codeBase="C:/GITRepository/CSharp/Glib/TestProjectGlib/bin/Debug/TestProjectGlib.DLL" adapterTypeName="Microsoft.VisualStudio.TestTools.TestTypes.Unit.UnitTestAdapter, Microsoft.VisualStudio.QualityTools.Tips.UnitTest.Adapter, Version=10.0.0.0, Culture=neutral, PublicKeyToken=b03f5f7f11d50a3a" className="TestProjectGlib.ComponentTest, TestProjectGlib, Version=1.0.0.0, Culture=neutral, PublicKeyToken=null" name="ComponentConstructorTest3" />
    </UnitTest>
    <UnitTest name="MainSeparatorTest" storage="c:\gitrepository\csharp\glib\testprojectglib\bin\debug\testprojectglib.dll" id="282e4e5e-978c-9145-a967-60e02e5af049">
      <Execution id="b5018ac8-11e7-4a95-aba4-8f85ec506716" />
      <TestMethod codeBase="C:/GITRepository/CSharp/Glib/TestProjectGlib/bin/Debug/TestProjectGlib.DLL" adapterTypeName="Microsoft.VisualStudio.TestTools.TestTypes.Unit.UnitTestAdapter, Microsoft.VisualStudio.QualityTools.Tips.UnitTest.Adapter, Version=10.0.0.0, Culture=neutral, PublicKeyToken=b03f5f7f11d50a3a" className="TestProjectGlib.MessageTest, TestProjectGlib, Version=1.0.0.0, Culture=neutral, PublicKeyToken=null" name="MainSeparatorTest" />
    </UnitTest>
    <UnitTest name="MessageConstructorTest1" storage="c:\gitrepository\csharp\glib\testprojectglib\bin\debug\testprojectglib.dll" id="2f654289-9617-b10b-e542-e8186ac6ae6d">
      <Execution id="a6f3ebe3-176a-43a1-ac44-1e5827324318" />
      <TestMethod codeBase="C:/GITRepository/CSharp/Glib/TestProjectGlib/bin/Debug/TestProjectGlib.DLL" adapterTypeName="Microsoft.VisualStudio.TestTools.TestTypes.Unit.UnitTestAdapter, Microsoft.VisualStudio.QualityTools.Tips.UnitTest.Adapter, Version=10.0.0.0, Culture=neutral, PublicKeyToken=b03f5f7f11d50a3a" className="TestProjectGlib.MessageTest, TestProjectGlib, Version=1.0.0.0, Culture=neutral, PublicKeyToken=null" name="MessageConstructorTest1" />
    </UnitTest>
    <UnitTest name="InsertTest1" storage="c:\gitrepository\csharp\glib\testprojectglib\bin\debug\testprojectglib.dll" id="e9992c95-3268-77fc-18a7-b02c1de4585f">
      <Execution id="7062827b-3050-400a-b132-40869e2a8f9c" />
      <TestMethod codeBase="C:/GITRepository/CSharp/Glib/TestProjectGlib/bin/Debug/TestProjectGlib.DLL" adapterTypeName="Microsoft.VisualStudio.TestTools.TestTypes.Unit.UnitTestAdapter, Microsoft.VisualStudio.QualityTools.Tips.UnitTest.Adapter, Version=10.0.0.0, Culture=neutral, PublicKeyToken=b03f5f7f11d50a3a" className="TestProjectGlib.SubComponentTest, TestProjectGlib, Version=1.0.0.0, Culture=neutral, PublicKeyToken=null" name="InsertTest1" />
    </UnitTest>
    <UnitTest name="AddTest" storage="c:\gitrepository\csharp\glib\testprojectglib\bin\debug\testprojectglib.dll" id="851ef1d3-a812-cf2f-2423-ef5e5794b37d">
      <Execution id="06f1ea2f-ee3a-4ca9-990b-25e3a15af158" />
      <TestMethod codeBase="C:/GITRepository/CSharp/Glib/TestProjectGlib/bin/Debug/TestProjectGlib.DLL" adapterTypeName="Microsoft.VisualStudio.TestTools.TestTypes.Unit.UnitTestAdapter, Microsoft.VisualStudio.QualityTools.Tips.UnitTest.Adapter, Version=10.0.0.0, Culture=neutral, PublicKeyToken=b03f5f7f11d50a3a" className="TestProjectGlib.ElementTest, TestProjectGlib, Version=1.0.0.0, Culture=neutral, PublicKeyToken=null" name="AddTest" />
    </UnitTest>
    <UnitTest name="DecoderTest" storage="c:\gitrepository\csharp\glib\testprojectglib\bin\debug\testprojectglib.dll" id="dc5c1174-a19a-b858-78d3-868e90f52906">
      <Execution id="9732a68d-a27f-4a4c-83d5-adc69570b567" />
      <TestMethod codeBase="C:/GITRepository/CSharp/Glib/TestProjectGlib/bin/Debug/TestProjectGlib.DLL" adapterTypeName="Microsoft.VisualStudio.TestTools.TestTypes.Unit.UnitTestAdapter, Microsoft.VisualStudio.QualityTools.Tips.UnitTest.Adapter, Version=10.0.0.0, Culture=neutral, PublicKeyToken=b03f5f7f11d50a3a" className="TestProjectGlib.Base64Test, TestProjectGlib, Version=1.0.0.0, Culture=neutral, PublicKeyToken=null" name="DecoderTest" />
    </UnitTest>
    <UnitTest name="AsStringRawTest" storage="c:\gitrepository\csharp\glib\testprojectglib\bin\debug\testprojectglib.dll" id="103ae38f-7bdb-fa7e-61ed-44691586c811">
      <Execution id="523750d1-b0d3-4325-940b-2cac70111168" />
      <TestMethod codeBase="C:/GITRepository/CSharp/Glib/TestProjectGlib/bin/Debug/TestProjectGlib.DLL" adapterTypeName="Microsoft.VisualStudio.TestTools.TestTypes.Unit.UnitTestAdapter, Microsoft.VisualStudio.QualityTools.Tips.UnitTest.Adapter, Version=10.0.0.0, Culture=neutral, PublicKeyToken=b03f5f7f11d50a3a" className="TestProjectGlib.ComponentTest, TestProjectGlib, Version=1.0.0.0, Culture=neutral, PublicKeyToken=null" name="AsStringRawTest" />
    </UnitTest>
    <UnitTest name="TestSubComponentAddingContent" storage="c:\gitrepository\csharp\glib\testprojectglib\bin\debug\testprojectglib.dll" id="81c8be9e-d70b-1223-942f-8fd68c01deff">
      <Execution id="1ac62dc1-ad98-4c5d-b06f-3f72cfa1cf9c" />
      <TestMethod codeBase="C:/GITRepository/CSharp/Glib/TestProjectGlib/bin/Debug/TestProjectGlib.DLL" adapterTypeName="Microsoft.VisualStudio.TestTools.TestTypes.Unit.UnitTestAdapter, Microsoft.VisualStudio.QualityTools.Tips.UnitTest.Adapter, Version=10.0.0.0, Culture=neutral, PublicKeyToken=b03f5f7f11d50a3a" className="TestProjectGlib.UnitTestSubComponentModel, TestProjectGlib, Version=1.0.0.0, Culture=neutral, PublicKeyToken=null" name="TestSubComponentAddingContent" />
    </UnitTest>
    <UnitTest name="RemoveRepeatAtTest" storage="c:\gitrepository\csharp\glib\testprojectglib\bin\debug\testprojectglib.dll" id="2bc46832-ff39-471c-cab0-e60265a8cf1a">
      <Execution id="bdb8e5d8-b59b-490c-a08b-415cc65c0edf" />
      <TestMethod codeBase="C:/GITRepository/CSharp/Glib/TestProjectGlib/bin/Debug/TestProjectGlib.DLL" adapterTypeName="Microsoft.VisualStudio.TestTools.TestTypes.Unit.UnitTestAdapter, Microsoft.VisualStudio.QualityTools.Tips.UnitTest.Adapter, Version=10.0.0.0, Culture=neutral, PublicKeyToken=b03f5f7f11d50a3a" className="TestProjectGlib.ElementTest, TestProjectGlib, Version=1.0.0.0, Culture=neutral, PublicKeyToken=null" name="RemoveRepeatAtTest" />
    </UnitTest>
    <UnitTest name="MessageVersionTest" storage="c:\gitrepository\csharp\glib\testprojectglib\bin\debug\testprojectglib.dll" id="ca074321-703a-c011-3524-71ae90f517d5">
      <Execution id="cff3457f-f8e3-49a5-b9d8-3a93d7ad0e82" />
      <TestMethod codeBase="C:/GITRepository/CSharp/Glib/TestProjectGlib/bin/Debug/TestProjectGlib.DLL" adapterTypeName="Microsoft.VisualStudio.TestTools.TestTypes.Unit.UnitTestAdapter, Microsoft.VisualStudio.QualityTools.Tips.UnitTest.Adapter, Version=10.0.0.0, Culture=neutral, PublicKeyToken=b03f5f7f11d50a3a" className="TestProjectGlib.MessageTest, TestProjectGlib, Version=1.0.0.0, Culture=neutral, PublicKeyToken=null" name="MessageVersionTest" />
    </UnitTest>
    <UnitTest name="SubComponentListTest" storage="c:\gitrepository\csharp\glib\testprojectglib\bin\debug\testprojectglib.dll" id="485fbc4e-b87e-c449-d941-c4ad880a6114">
      <Execution id="c85c7ed6-edd5-4429-968f-399186e032bf" />
      <TestMethod codeBase="C:/GITRepository/CSharp/Glib/TestProjectGlib/bin/Debug/TestProjectGlib.DLL" adapterTypeName="Microsoft.VisualStudio.TestTools.TestTypes.Unit.UnitTestAdapter, Microsoft.VisualStudio.QualityTools.Tips.UnitTest.Adapter, Version=10.0.0.0, Culture=neutral, PublicKeyToken=b03f5f7f11d50a3a" className="TestProjectGlib.ComponentTest, TestProjectGlib, Version=1.0.0.0, Culture=neutral, PublicKeyToken=null" name="SubComponentListTest" />
    </UnitTest>
    <UnitTest name="IsEmptyTest" storage="c:\gitrepository\csharp\glib\testprojectglib\bin\debug\testprojectglib.dll" id="07a45700-0b26-e484-c6c1-cc15104bb68b">
      <Execution id="4be452d0-f78d-4a7d-85f1-f6668bab5463" />
      <TestMethod codeBase="C:/GITRepository/CSharp/Glib/TestProjectGlib/bin/Debug/TestProjectGlib.DLL" adapterTypeName="Microsoft.VisualStudio.TestTools.TestTypes.Unit.UnitTestAdapter, Microsoft.VisualStudio.QualityTools.Tips.UnitTest.Adapter, Version=10.0.0.0, Culture=neutral, PublicKeyToken=b03f5f7f11d50a3a" className="TestProjectGlib.ComponentTest, TestProjectGlib, Version=1.0.0.0, Culture=neutral, PublicKeyToken=null" name="IsEmptyTest" />
    </UnitTest>
    <UnitTest name="CloneTest" storage="c:\gitrepository\csharp\glib\testprojectglib\bin\debug\testprojectglib.dll" id="faec3610-6546-8bf2-fdbe-dee7799c6609">
      <Execution id="81a4af16-50a8-4a10-9d8d-72470d9bee4f" />
      <TestMethod codeBase="C:/GITRepository/CSharp/Glib/TestProjectGlib/bin/Debug/TestProjectGlib.DLL" adapterTypeName="Microsoft.VisualStudio.TestTools.TestTypes.Unit.UnitTestAdapter, Microsoft.VisualStudio.QualityTools.Tips.UnitTest.Adapter, Version=10.0.0.0, Culture=neutral, PublicKeyToken=b03f5f7f11d50a3a" className="TestProjectGlib.MessageTest, TestProjectGlib, Version=1.0.0.0, Culture=neutral, PublicKeyToken=null" name="CloneTest" />
    </UnitTest>
    <UnitTest name="ContentCountTest" storage="c:\gitrepository\csharp\glib\testprojectglib\bin\debug\testprojectglib.dll" id="50d2563d-2a72-e20a-d402-ebae14660478">
      <Execution id="22b0127a-f764-40bb-b254-639457199016" />
      <TestMethod codeBase="C:/GITRepository/CSharp/Glib/TestProjectGlib/bin/Debug/TestProjectGlib.DLL" adapterTypeName="Microsoft.VisualStudio.TestTools.TestTypes.Unit.UnitTestAdapter, Microsoft.VisualStudio.QualityTools.Tips.UnitTest.Adapter, Version=10.0.0.0, Culture=neutral, PublicKeyToken=b03f5f7f11d50a3a" className="TestProjectGlib.FieldTest, TestProjectGlib, Version=1.0.0.0, Culture=neutral, PublicKeyToken=null" name="ContentCountTest" />
    </UnitTest>
    <UnitTest name="CodeTest" storage="c:\gitrepository\csharp\glib\testprojectglib\bin\debug\testprojectglib.dll" id="2c490933-23ca-68f4-cbd9-a962f93322ae">
      <Execution id="7ba8a3c9-b13c-4a95-a390-73992f56f653" />
      <TestMethod codeBase="C:/GITRepository/CSharp/Glib/TestProjectGlib/bin/Debug/TestProjectGlib.DLL" adapterTypeName="Microsoft.VisualStudio.TestTools.TestTypes.Unit.UnitTestAdapter, Microsoft.VisualStudio.QualityTools.Tips.UnitTest.Adapter, Version=10.0.0.0, Culture=neutral, PublicKeyToken=b03f5f7f11d50a3a" className="TestProjectGlib.SegmentTest, TestProjectGlib, Version=1.0.0.0, Culture=neutral, PublicKeyToken=null" name="CodeTest" />
    </UnitTest>
    <UnitTest name="SetTest1" storage="c:\gitrepository\csharp\glib\testprojectglib\bin\debug\testprojectglib.dll" id="e8981139-2ae8-16f1-196c-8bb762fef77c">
      <Execution id="363a03e2-2012-41a6-94bd-62c918b024de" />
      <TestMethod codeBase="C:/GITRepository/CSharp/Glib/TestProjectGlib/bin/Debug/TestProjectGlib.DLL" adapterTypeName="Microsoft.VisualStudio.TestTools.TestTypes.Unit.UnitTestAdapter, Microsoft.VisualStudio.QualityTools.Tips.UnitTest.Adapter, Version=10.0.0.0, Culture=neutral, PublicKeyToken=b03f5f7f11d50a3a" className="TestProjectGlib.FieldTest, TestProjectGlib, Version=1.0.0.0, Culture=neutral, PublicKeyToken=null" name="SetTest1" />
    </UnitTest>
    <UnitTest name="SegmentListTest1" storage="c:\gitrepository\csharp\glib\testprojectglib\bin\debug\testprojectglib.dll" id="beb508f7-d47b-8ea2-828f-479b5652e52a">
      <Execution id="e42b61af-1401-4ad3-a19f-9fef1e7b234b" />
      <TestMethod codeBase="C:/GITRepository/CSharp/Glib/TestProjectGlib/bin/Debug/TestProjectGlib.DLL" adapterTypeName="Microsoft.VisualStudio.TestTools.TestTypes.Unit.UnitTestAdapter, Microsoft.VisualStudio.QualityTools.Tips.UnitTest.Adapter, Version=10.0.0.0, Culture=neutral, PublicKeyToken=b03f5f7f11d50a3a" className="TestProjectGlib.MessageTest, TestProjectGlib, Version=1.0.0.0, Culture=neutral, PublicKeyToken=null" name="SegmentListTest1" />
    </UnitTest>
    <UnitTest name="ComponentCountTest" storage="c:\gitrepository\csharp\glib\testprojectglib\bin\debug\testprojectglib.dll" id="7f2316ab-329b-9b41-b4ce-ccb71981bb17">
      <Execution id="26c1b673-6688-49a7-bc36-3d9acad915dc" />
      <TestMethod codeBase="C:/GITRepository/CSharp/Glib/TestProjectGlib/bin/Debug/TestProjectGlib.DLL" adapterTypeName="Microsoft.VisualStudio.TestTools.TestTypes.Unit.UnitTestAdapter, Microsoft.VisualStudio.QualityTools.Tips.UnitTest.Adapter, Version=10.0.0.0, Culture=neutral, PublicKeyToken=b03f5f7f11d50a3a" className="TestProjectGlib.FieldTest, TestProjectGlib, Version=1.0.0.0, Culture=neutral, PublicKeyToken=null" name="ComponentCountTest" />
    </UnitTest>
    <UnitTest name="CloneTest" storage="c:\gitrepository\csharp\glib\testprojectglib\bin\debug\testprojectglib.dll" id="c3f602b3-e22c-03e3-9482-4e48793ee541">
      <Execution id="2246425b-04af-4fb8-8df4-41cf80ad9a34" />
      <TestMethod codeBase="C:/GITRepository/CSharp/Glib/TestProjectGlib/bin/Debug/TestProjectGlib.DLL" adapterTypeName="Microsoft.VisualStudio.TestTools.TestTypes.Unit.UnitTestAdapter, Microsoft.VisualStudio.QualityTools.Tips.UnitTest.Adapter, Version=10.0.0.0, Culture=neutral, PublicKeyToken=b03f5f7f11d50a3a" className="TestProjectGlib.SegmentTest, TestProjectGlib, Version=1.0.0.0, Culture=neutral, PublicKeyToken=null" name="CloneTest" />
    </UnitTest>
    <UnitTest name="TestFieldCreate" storage="c:\gitrepository\csharp\glib\testprojectglib\bin\debug\testprojectglib.dll" id="73fcddfd-0abf-4092-fa36-e303fa699e43">
      <Execution id="517eef00-eb96-42dc-8209-eac24c3a085f" />
      <TestMethod codeBase="C:/GITRepository/CSharp/Glib/TestProjectGlib/bin/Debug/TestProjectGlib.DLL" adapterTypeName="Microsoft.VisualStudio.TestTools.TestTypes.Unit.UnitTestAdapter, Microsoft.VisualStudio.QualityTools.Tips.UnitTest.Adapter, Version=10.0.0.0, Culture=neutral, PublicKeyToken=b03f5f7f11d50a3a" className="TestProjectGlib.UnitTestElementModel, TestProjectGlib, Version=1.0.0.0, Culture=neutral, PublicKeyToken=null" name="TestFieldCreate" />
    </UnitTest>
    <UnitTest name="IsHL7NullTest" storage="c:\gitrepository\csharp\glib\testprojectglib\bin\debug\testprojectglib.dll" id="42fa85c9-4d31-c930-f249-93b92ee77398">
      <Execution id="2882bdd1-4d17-49f4-8f35-590bf8a391d5" />
      <TestMethod codeBase="C:/GITRepository/CSharp/Glib/TestProjectGlib/bin/Debug/TestProjectGlib.DLL" adapterTypeName="Microsoft.VisualStudio.TestTools.TestTypes.Unit.UnitTestAdapter, Microsoft.VisualStudio.QualityTools.Tips.UnitTest.Adapter, Version=10.0.0.0, Culture=neutral, PublicKeyToken=b03f5f7f11d50a3a" className="TestProjectGlib.SubComponentTest, TestProjectGlib, Version=1.0.0.0, Culture=neutral, PublicKeyToken=null" name="IsHL7NullTest" />
    </UnitTest>
    <UnitTest name="ToStringTest" storage="c:\gitrepository\csharp\glib\testprojectglib\bin\debug\testprojectglib.dll" id="c812c44a-5c44-51b8-b655-5885aea417c4">
      <Execution id="05cc0259-5b73-4b20-866d-cb95c2bfeaa0" />
      <TestMethod codeBase="C:/GITRepository/CSharp/Glib/TestProjectGlib/bin/Debug/TestProjectGlib.DLL" adapterTypeName="Microsoft.VisualStudio.TestTools.TestTypes.Unit.UnitTestAdapter, Microsoft.VisualStudio.QualityTools.Tips.UnitTest.Adapter, Version=10.0.0.0, Culture=neutral, PublicKeyToken=b03f5f7f11d50a3a" className="TestProjectGlib.SubComponentTest, TestProjectGlib, Version=1.0.0.0, Culture=neutral, PublicKeyToken=null" name="ToStringTest" />
    </UnitTest>
    <UnitTest name="AsDateHourMinSecTest1" storage="c:\gitrepository\csharp\glib\testprojectglib\bin\debug\testprojectglib.dll" id="93964659-b15c-c098-848e-862a0968f755">
      <Execution id="4e1e81a9-cfa2-49b9-8eef-2fd38d7895bb" />
      <TestMethod codeBase="C:/GITRepository/CSharp/Glib/TestProjectGlib/bin/Debug/TestProjectGlib.DLL" adapterTypeName="Microsoft.VisualStudio.TestTools.TestTypes.Unit.UnitTestAdapter, Microsoft.VisualStudio.QualityTools.Tips.UnitTest.Adapter, Version=10.0.0.0, Culture=neutral, PublicKeyToken=b03f5f7f11d50a3a" className="TestProjectGlib.DateTimeTools_ConvertDateTimeToStringTest, TestProjectGlib, Version=1.0.0.0, Culture=neutral, PublicKeyToken=null" name="AsDateHourMinSecTest1" />
    </UnitTest>
    <UnitTest name="SetTest" storage="c:\gitrepository\csharp\glib\testprojectglib\bin\debug\testprojectglib.dll" id="3bbb9637-de42-44c8-d031-1764421810d0">
      <Execution id="2a1c578d-7919-4f67-b1d3-8c41c9b06329" />
      <TestMethod codeBase="C:/GITRepository/CSharp/Glib/TestProjectGlib/bin/Debug/TestProjectGlib.DLL" adapterTypeName="Microsoft.VisualStudio.TestTools.TestTypes.Unit.UnitTestAdapter, Microsoft.VisualStudio.QualityTools.Tips.UnitTest.Adapter, Version=10.0.0.0, Culture=neutral, PublicKeyToken=b03f5f7f11d50a3a" className="TestProjectGlib.ComponentTest, TestProjectGlib, Version=1.0.0.0, Culture=neutral, PublicKeyToken=null" name="SetTest" />
    </UnitTest>
    <UnitTest name="IsHL7NullTest" storage="c:\gitrepository\csharp\glib\testprojectglib\bin\debug\testprojectglib.dll" id="50d49a3d-17d9-5e0e-5cbe-1c50f8116688">
      <Execution id="a0ee122b-b2bb-42e9-b4e1-cc1db8ccb447" />
      <TestMethod codeBase="C:/GITRepository/CSharp/Glib/TestProjectGlib/bin/Debug/TestProjectGlib.DLL" adapterTypeName="Microsoft.VisualStudio.TestTools.TestTypes.Unit.UnitTestAdapter, Microsoft.VisualStudio.QualityTools.Tips.UnitTest.Adapter, Version=10.0.0.0, Culture=neutral, PublicKeyToken=b03f5f7f11d50a3a" className="TestProjectGlib.FieldTest, TestProjectGlib, Version=1.0.0.0, Culture=neutral, PublicKeyToken=null" name="IsHL7NullTest" />
    </UnitTest>
    <UnitTest name="ElementConstructorTest2" storage="c:\gitrepository\csharp\glib\testprojectglib\bin\debug\testprojectglib.dll" id="b2d02903-6680-8875-02e1-f43f070be79a">
      <Execution id="d953a38b-a1f9-488e-bbc8-8e9eb5aa814f" />
      <TestMethod codeBase="C:/GITRepository/CSharp/Glib/TestProjectGlib/bin/Debug/TestProjectGlib.DLL" adapterTypeName="Microsoft.VisualStudio.TestTools.TestTypes.Unit.UnitTestAdapter, Microsoft.VisualStudio.QualityTools.Tips.UnitTest.Adapter, Version=10.0.0.0, Culture=neutral, PublicKeyToken=b03f5f7f11d50a3a" className="TestProjectGlib.ElementTest, TestProjectGlib, Version=1.0.0.0, Culture=neutral, PublicKeyToken=null" name="ElementConstructorTest2" />
    </UnitTest>
    <UnitTest name="PathInformationTest" storage="c:\gitrepository\csharp\glib\testprojectglib\bin\debug\testprojectglib.dll" id="13544595-507e-d695-622a-6081f0d95c5b">
      <Execution id="b305073b-6356-490b-b5ef-60df0e3ed058" />
      <TestMethod codeBase="C:/GITRepository/CSharp/Glib/TestProjectGlib/bin/Debug/TestProjectGlib.DLL" adapterTypeName="Microsoft.VisualStudio.TestTools.TestTypes.Unit.UnitTestAdapter, Microsoft.VisualStudio.QualityTools.Tips.UnitTest.Adapter, Version=10.0.0.0, Culture=neutral, PublicKeyToken=b03f5f7f11d50a3a" className="TestProjectGlib.ContentTest, TestProjectGlib, Version=1.0.0.0, Culture=neutral, PublicKeyToken=null" name="PathInformationTest" />
    </UnitTest>
    <UnitTest name="RepeatTest" storage="c:\gitrepository\csharp\glib\testprojectglib\bin\debug\testprojectglib.dll" id="54d22d6e-b1e8-99d3-007a-f749383ad8ab">
      <Execution id="bb23da86-2fa4-41aa-aa92-5649f7641b13" />
      <TestMethod codeBase="C:/GITRepository/CSharp/Glib/TestProjectGlib/bin/Debug/TestProjectGlib.DLL" adapterTypeName="Microsoft.VisualStudio.TestTools.TestTypes.Unit.UnitTestAdapter, Microsoft.VisualStudio.QualityTools.Tips.UnitTest.Adapter, Version=10.0.0.0, Culture=neutral, PublicKeyToken=b03f5f7f11d50a3a" className="TestProjectGlib.ElementTest, TestProjectGlib, Version=1.0.0.0, Culture=neutral, PublicKeyToken=null" name="RepeatTest" />
    </UnitTest>
    <UnitTest name="HasNoMillisecondsOrTimeZoneTest" storage="c:\gitrepository\csharp\glib\testprojectglib\bin\debug\testprojectglib.dll" id="4b69f646-3fd7-1906-dc9c-283732d9870f">
      <DeploymentItems>
        <DeploymentItem filename="Glib.dll" />
      </DeploymentItems>
      <Execution id="5c0a99b7-e399-4f4c-9342-4e956b40ac22" />
      <TestMethod codeBase="C:/GITRepository/CSharp/Glib/TestProjectGlib/bin/Debug/TestProjectGlib.DLL" adapterTypeName="Microsoft.VisualStudio.TestTools.TestTypes.Unit.UnitTestAdapter, Microsoft.VisualStudio.QualityTools.Tips.UnitTest.Adapter, Version=10.0.0.0, Culture=neutral, PublicKeyToken=b03f5f7f11d50a3a" className="TestProjectGlib.DateTimeTools_ConvertStringToDateTimeTest, TestProjectGlib, Version=1.0.0.0, Culture=neutral, PublicKeyToken=null" name="HasNoMillisecondsOrTimeZoneTest" />
    </UnitTest>
    <UnitTest name="PathInformationTest" storage="c:\gitrepository\csharp\glib\testprojectglib\bin\debug\testprojectglib.dll" id="648e5a6a-2e35-f5f3-d102-39cad7148c87">
      <Execution id="eee87537-9977-4c02-af29-f1d729f40875" />
      <TestMethod codeBase="C:/GITRepository/CSharp/Glib/TestProjectGlib/bin/Debug/TestProjectGlib.DLL" adapterTypeName="Microsoft.VisualStudio.TestTools.TestTypes.Unit.UnitTestAdapter, Microsoft.VisualStudio.QualityTools.Tips.UnitTest.Adapter, Version=10.0.0.0, Culture=neutral, PublicKeyToken=b03f5f7f11d50a3a" className="TestProjectGlib.SubComponentTest, TestProjectGlib, Version=1.0.0.0, Culture=neutral, PublicKeyToken=null" name="PathInformationTest" />
    </UnitTest>
    <UnitTest name="AddTest" storage="c:\gitrepository\csharp\glib\testprojectglib\bin\debug\testprojectglib.dll" id="321aa608-7a9b-7841-b54e-f15e58034604">
      <Execution id="5a0bf781-243b-4bb2-9f14-7545ca7b25d1" />
      <TestMethod codeBase="C:/GITRepository/CSharp/Glib/TestProjectGlib/bin/Debug/TestProjectGlib.DLL" adapterTypeName="Microsoft.VisualStudio.TestTools.TestTypes.Unit.UnitTestAdapter, Microsoft.VisualStudio.QualityTools.Tips.UnitTest.Adapter, Version=10.0.0.0, Culture=neutral, PublicKeyToken=b03f5f7f11d50a3a" className="TestProjectGlib.FieldTest, TestProjectGlib, Version=1.0.0.0, Culture=neutral, PublicKeyToken=null" name="AddTest" />
    </UnitTest>
    <UnitTest name="ElementConstructorTest3" storage="c:\gitrepository\csharp\glib\testprojectglib\bin\debug\testprojectglib.dll" id="5554022a-d932-fcb6-1c69-d229745140fe">
      <Execution id="a98398d2-5f68-41bc-91c8-1ffc0264d2fd" />
      <TestMethod codeBase="C:/GITRepository/CSharp/Glib/TestProjectGlib/bin/Debug/TestProjectGlib.DLL" adapterTypeName="Microsoft.VisualStudio.TestTools.TestTypes.Unit.UnitTestAdapter, Microsoft.VisualStudio.QualityTools.Tips.UnitTest.Adapter, Version=10.0.0.0, Culture=neutral, PublicKeyToken=b03f5f7f11d50a3a" className="TestProjectGlib.ElementTest, TestProjectGlib, Version=1.0.0.0, Culture=neutral, PublicKeyToken=null" name="ElementConstructorTest3" />
    </UnitTest>
    <UnitTest name="AsStringTest" storage="c:\gitrepository\csharp\glib\testprojectglib\bin\debug\testprojectglib.dll" id="cdf5132f-c1f2-db0a-dfd5-cf7b67696beb">
      <Execution id="04579e85-f03d-4e4a-acbe-8793a3353b5c" />
      <TestMethod codeBase="C:/GITRepository/CSharp/Glib/TestProjectGlib/bin/Debug/TestProjectGlib.DLL" adapterTypeName="Microsoft.VisualStudio.TestTools.TestTypes.Unit.UnitTestAdapter, Microsoft.VisualStudio.QualityTools.Tips.UnitTest.Adapter, Version=10.0.0.0, Culture=neutral, PublicKeyToken=b03f5f7f11d50a3a" className="TestProjectGlib.ContentTest, TestProjectGlib, Version=1.0.0.0, Culture=neutral, PublicKeyToken=null" name="AsStringTest" />
    </UnitTest>
    <UnitTest name="TestSubComponentContentCount" storage="c:\gitrepository\csharp\glib\testprojectglib\bin\debug\testprojectglib.dll" id="0fd8a5b0-4bab-92d7-9503-d011125db49e">
      <Execution id="68fea7e7-f90f-4c85-9d17-95be311bf455" />
      <TestMethod codeBase="C:/GITRepository/CSharp/Glib/TestProjectGlib/bin/Debug/TestProjectGlib.DLL" adapterTypeName="Microsoft.VisualStudio.TestTools.TestTypes.Unit.UnitTestAdapter, Microsoft.VisualStudio.QualityTools.Tips.UnitTest.Adapter, Version=10.0.0.0, Culture=neutral, PublicKeyToken=b03f5f7f11d50a3a" className="TestProjectGlib.UnitTestSubComponentModel, TestProjectGlib, Version=1.0.0.0, Culture=neutral, PublicKeyToken=null" name="TestSubComponentContentCount" />
    </UnitTest>
    <UnitTest name="ElementListTest" storage="c:\gitrepository\csharp\glib\testprojectglib\bin\debug\testprojectglib.dll" id="a377d093-f83b-e7bd-a0ac-c17a19edb172">
      <Execution id="bb422af0-d506-4200-9c2a-d8039cb190e2" />
      <TestMethod codeBase="C:/GITRepository/CSharp/Glib/TestProjectGlib/bin/Debug/TestProjectGlib.DLL" adapterTypeName="Microsoft.VisualStudio.TestTools.TestTypes.Unit.UnitTestAdapter, Microsoft.VisualStudio.QualityTools.Tips.UnitTest.Adapter, Version=10.0.0.0, Culture=neutral, PublicKeyToken=b03f5f7f11d50a3a" className="TestProjectGlib.SegmentTest, TestProjectGlib, Version=1.0.0.0, Culture=neutral, PublicKeyToken=null" name="ElementListTest" />
    </UnitTest>
    <UnitTest name="ComponentListTest" storage="c:\gitrepository\csharp\glib\testprojectglib\bin\debug\testprojectglib.dll" id="63e4b650-5ea8-ac21-8786-3238a13ec018">
      <Execution id="438978d6-b8fe-4646-81e9-e172bf635f08" />
      <TestMethod codeBase="C:/GITRepository/CSharp/Glib/TestProjectGlib/bin/Debug/TestProjectGlib.DLL" adapterTypeName="Microsoft.VisualStudio.TestTools.TestTypes.Unit.UnitTestAdapter, Microsoft.VisualStudio.QualityTools.Tips.UnitTest.Adapter, Version=10.0.0.0, Culture=neutral, PublicKeyToken=b03f5f7f11d50a3a" className="TestProjectGlib.FieldTest, TestProjectGlib, Version=1.0.0.0, Culture=neutral, PublicKeyToken=null" name="ComponentListTest" />
    </UnitTest>
    <UnitTest name="SubComponentCountTest" storage="c:\gitrepository\csharp\glib\testprojectglib\bin\debug\testprojectglib.dll" id="76556cc0-de36-73f1-566c-5319b2859489">
      <Execution id="b4a87c76-2a68-40b6-b7a3-a20ce77e21aa" />
      <TestMethod codeBase="C:/GITRepository/CSharp/Glib/TestProjectGlib/bin/Debug/TestProjectGlib.DLL" adapterTypeName="Microsoft.VisualStudio.TestTools.TestTypes.Unit.UnitTestAdapter, Microsoft.VisualStudio.QualityTools.Tips.UnitTest.Adapter, Version=10.0.0.0, Culture=neutral, PublicKeyToken=b03f5f7f11d50a3a" className="TestProjectGlib.FieldTest, TestProjectGlib, Version=1.0.0.0, Culture=neutral, PublicKeyToken=null" name="SubComponentCountTest" />
    </UnitTest>
    <UnitTest name="AddTest2" storage="c:\gitrepository\csharp\glib\testprojectglib\bin\debug\testprojectglib.dll" id="e5714616-1e44-1e54-e2e4-663133e56676">
      <Execution id="ed5f5ed4-bd1e-479e-bd13-dd5fe7a7ff1f" />
      <TestMethod codeBase="C:/GITRepository/CSharp/Glib/TestProjectGlib/bin/Debug/TestProjectGlib.DLL" adapterTypeName="Microsoft.VisualStudio.TestTools.TestTypes.Unit.UnitTestAdapter, Microsoft.VisualStudio.QualityTools.Tips.UnitTest.Adapter, Version=10.0.0.0, Culture=neutral, PublicKeyToken=b03f5f7f11d50a3a" className="TestProjectGlib.FieldTest, TestProjectGlib, Version=1.0.0.0, Culture=neutral, PublicKeyToken=null" name="AddTest2" />
    </UnitTest>
    <UnitTest name="AddTest2" storage="c:\gitrepository\csharp\glib\testprojectglib\bin\debug\testprojectglib.dll" id="0ea72b90-d965-177f-3b59-b23d18e2180f">
      <Execution id="43ddd31b-a26a-43e3-b81d-6f4fb20510d8" />
      <TestMethod codeBase="C:/GITRepository/CSharp/Glib/TestProjectGlib/bin/Debug/TestProjectGlib.DLL" adapterTypeName="Microsoft.VisualStudio.TestTools.TestTypes.Unit.UnitTestAdapter, Microsoft.VisualStudio.QualityTools.Tips.UnitTest.Adapter, Version=10.0.0.0, Culture=neutral, PublicKeyToken=b03f5f7f11d50a3a" className="TestProjectGlib.SegmentTest, TestProjectGlib, Version=1.0.0.0, Culture=neutral, PublicKeyToken=null" name="AddTest2" />
    </UnitTest>
    <UnitTest name="ContentConstructorTest9" storage="c:\gitrepository\csharp\glib\testprojectglib\bin\debug\testprojectglib.dll" id="9cafc2d5-2a5b-c544-f728-205945656c33">
      <Execution id="4afbf993-3ccc-40fb-b5ce-327dac383fdc" />
      <TestMethod codeBase="C:/GITRepository/CSharp/Glib/TestProjectGlib/bin/Debug/TestProjectGlib.DLL" adapterTypeName="Microsoft.VisualStudio.TestTools.TestTypes.Unit.UnitTestAdapter, Microsoft.VisualStudio.QualityTools.Tips.UnitTest.Adapter, Version=10.0.0.0, Culture=neutral, PublicKeyToken=b03f5f7f11d50a3a" className="TestProjectGlib.ContentTest, TestProjectGlib, Version=1.0.0.0, Culture=neutral, PublicKeyToken=null" name="ContentConstructorTest9" />
    </UnitTest>
    <UnitTest name="InsertTest" storage="c:\gitrepository\csharp\glib\testprojectglib\bin\debug\testprojectglib.dll" id="cdedd3c0-bda1-235c-e0f5-4f5e8fe72a55">
      <Execution id="ec221b57-0110-4a28-9525-a5cd14e3d0d6" />
      <TestMethod codeBase="C:/GITRepository/CSharp/Glib/TestProjectGlib/bin/Debug/TestProjectGlib.DLL" adapterTypeName="Microsoft.VisualStudio.TestTools.TestTypes.Unit.UnitTestAdapter, Microsoft.VisualStudio.QualityTools.Tips.UnitTest.Adapter, Version=10.0.0.0, Culture=neutral, PublicKeyToken=b03f5f7f11d50a3a" className="TestProjectGlib.ElementTest, TestProjectGlib, Version=1.0.0.0, Culture=neutral, PublicKeyToken=null" name="InsertTest" />
    </UnitTest>
    <UnitTest name="SetDataToEncodingCharactersTest" storage="c:\gitrepository\csharp\glib\testprojectglib\bin\debug\testprojectglib.dll" id="18b8880e-d414-f397-2932-f5be2dbae673">
      <DeploymentItems>
        <DeploymentItem filename="Glib.dll" />
      </DeploymentItems>
      <Execution id="eac275e3-3566-4964-bc5b-fde33e612b49" />
      <TestMethod codeBase="C:/GITRepository/CSharp/Glib/TestProjectGlib/bin/Debug/TestProjectGlib.DLL" adapterTypeName="Microsoft.VisualStudio.TestTools.TestTypes.Unit.UnitTestAdapter, Microsoft.VisualStudio.QualityTools.Tips.UnitTest.Adapter, Version=10.0.0.0, Culture=neutral, PublicKeyToken=b03f5f7f11d50a3a" className="TestProjectGlib.ContentTest, TestProjectGlib, Version=1.0.0.0, Culture=neutral, PublicKeyToken=null" name="SetDataToEncodingCharactersTest" />
    </UnitTest>
    <UnitTest name="RemoveSegmentAtTest" storage="c:\gitrepository\csharp\glib\testprojectglib\bin\debug\testprojectglib.dll" id="64d2a0a5-d6a5-16ae-7d91-b88c49d33cb5">
      <Execution id="df8698c1-edff-432a-99a1-bbd24d41d557" />
      <TestMethod codeBase="C:/GITRepository/CSharp/Glib/TestProjectGlib/bin/Debug/TestProjectGlib.DLL" adapterTypeName="Microsoft.VisualStudio.TestTools.TestTypes.Unit.UnitTestAdapter, Microsoft.VisualStudio.QualityTools.Tips.UnitTest.Adapter, Version=10.0.0.0, Culture=neutral, PublicKeyToken=b03f5f7f11d50a3a" className="TestProjectGlib.MessageTest, TestProjectGlib, Version=1.0.0.0, Culture=neutral, PublicKeyToken=null" name="RemoveSegmentAtTest" />
    </UnitTest>
    <UnitTest name="InsertTest1" storage="c:\gitrepository\csharp\glib\testprojectglib\bin\debug\testprojectglib.dll" id="02d2aff2-ce9d-fe06-68b5-f219adb05152">
      <Execution id="30a10e3a-48df-48bb-ba9d-762b68581dfa" />
      <TestMethod codeBase="C:/GITRepository/CSharp/Glib/TestProjectGlib/bin/Debug/TestProjectGlib.DLL" adapterTypeName="Microsoft.VisualStudio.TestTools.TestTypes.Unit.UnitTestAdapter, Microsoft.VisualStudio.QualityTools.Tips.UnitTest.Adapter, Version=10.0.0.0, Culture=neutral, PublicKeyToken=b03f5f7f11d50a3a" className="TestProjectGlib.ElementTest, TestProjectGlib, Version=1.0.0.0, Culture=neutral, PublicKeyToken=null" name="InsertTest1" />
    </UnitTest>
    <UnitTest name="SubComponentTest" storage="c:\gitrepository\csharp\glib\testprojectglib\bin\debug\testprojectglib.dll" id="8dddbeb0-c173-6d10-e733-8b21ad046454">
      <Execution id="4e560089-0cc3-4cdf-bbc3-14d536c09eea" />
      <TestMethod codeBase="C:/GITRepository/CSharp/Glib/TestProjectGlib/bin/Debug/TestProjectGlib.DLL" adapterTypeName="Microsoft.VisualStudio.TestTools.TestTypes.Unit.UnitTestAdapter, Microsoft.VisualStudio.QualityTools.Tips.UnitTest.Adapter, Version=10.0.0.0, Culture=neutral, PublicKeyToken=b03f5f7f11d50a3a" className="TestProjectGlib.ElementTest, TestProjectGlib, Version=1.0.0.0, Culture=neutral, PublicKeyToken=null" name="SubComponentTest" />
    </UnitTest>
    <UnitTest name="InsertTest1" storage="c:\gitrepository\csharp\glib\testprojectglib\bin\debug\testprojectglib.dll" id="6dbc6246-dac8-b085-dab5-ae377dd35ff4">
      <Execution id="a3e1b4bf-5785-4180-b0e8-9230c90c46c4" />
      <TestMethod codeBase="C:/GITRepository/CSharp/Glib/TestProjectGlib/bin/Debug/TestProjectGlib.DLL" adapterTypeName="Microsoft.VisualStudio.TestTools.TestTypes.Unit.UnitTestAdapter, Microsoft.VisualStudio.QualityTools.Tips.UnitTest.Adapter, Version=10.0.0.0, Culture=neutral, PublicKeyToken=b03f5f7f11d50a3a" className="TestProjectGlib.SegmentTest, TestProjectGlib, Version=1.0.0.0, Culture=neutral, PublicKeyToken=null" name="InsertTest1" />
    </UnitTest>
    <UnitTest name="ClearAllTest" storage="c:\gitrepository\csharp\glib\testprojectglib\bin\debug\testprojectglib.dll" id="90fdd12e-0421-b4a1-ef81-0bb83465e065">
      <Execution id="2819a8bd-8833-410a-b8a3-69ec2a50b3f1" />
      <TestMethod codeBase="C:/GITRepository/CSharp/Glib/TestProjectGlib/bin/Debug/TestProjectGlib.DLL" adapterTypeName="Microsoft.VisualStudio.TestTools.TestTypes.Unit.UnitTestAdapter, Microsoft.VisualStudio.QualityTools.Tips.UnitTest.Adapter, Version=10.0.0.0, Culture=neutral, PublicKeyToken=b03f5f7f11d50a3a" className="TestProjectGlib.MessageTest, TestProjectGlib, Version=1.0.0.0, Culture=neutral, PublicKeyToken=null" name="ClearAllTest" />
    </UnitTest>
    <UnitTest name="SubComponentConstructorTest3" storage="c:\gitrepository\csharp\glib\testprojectglib\bin\debug\testprojectglib.dll" id="ab3c72e7-916d-9271-7490-63c98d311b23">
      <Execution id="674e5753-d215-4f58-80d5-fd6b77c89c90" />
      <TestMethod codeBase="C:/GITRepository/CSharp/Glib/TestProjectGlib/bin/Debug/TestProjectGlib.DLL" adapterTypeName="Microsoft.VisualStudio.TestTools.TestTypes.Unit.UnitTestAdapter, Microsoft.VisualStudio.QualityTools.Tips.UnitTest.Adapter, Version=10.0.0.0, Culture=neutral, PublicKeyToken=b03f5f7f11d50a3a" className="TestProjectGlib.SubComponentTest, TestProjectGlib, Version=1.0.0.0, Culture=neutral, PublicKeyToken=null" name="SubComponentConstructorTest3" />
    </UnitTest>
    <UnitTest name="ContentConstructorTest2" storage="c:\gitrepository\csharp\glib\testprojectglib\bin\debug\testprojectglib.dll" id="23e5c416-83c2-b89c-6451-ae249e7194e2">
      <Execution id="b7f0b1c8-ef38-4fe8-adf6-2543d0bca043" />
      <TestMethod codeBase="C:/GITRepository/CSharp/Glib/TestProjectGlib/bin/Debug/TestProjectGlib.DLL" adapterTypeName="Microsoft.VisualStudio.TestTools.TestTypes.Unit.UnitTestAdapter, Microsoft.VisualStudio.QualityTools.Tips.UnitTest.Adapter, Version=10.0.0.0, Culture=neutral, PublicKeyToken=b03f5f7f11d50a3a" className="TestProjectGlib.ContentTest, TestProjectGlib, Version=1.0.0.0, Culture=neutral, PublicKeyToken=null" name="ContentConstructorTest2" />
    </UnitTest>
    <UnitTest name="IsHL7NullTest" storage="c:\gitrepository\csharp\glib\testprojectglib\bin\debug\testprojectglib.dll" id="3296d32a-d554-a5a0-56b4-4587df1a76bd">
      <Execution id="f2548fd8-72d6-465e-8d5b-17bd21404da1" />
      <TestMethod codeBase="C:/GITRepository/CSharp/Glib/TestProjectGlib/bin/Debug/TestProjectGlib.DLL" adapterTypeName="Microsoft.VisualStudio.TestTools.TestTypes.Unit.UnitTestAdapter, Microsoft.VisualStudio.QualityTools.Tips.UnitTest.Adapter, Version=10.0.0.0, Culture=neutral, PublicKeyToken=b03f5f7f11d50a3a" className="TestProjectGlib.ComponentTest, TestProjectGlib, Version=1.0.0.0, Culture=neutral, PublicKeyToken=null" name="IsHL7NullTest" />
    </UnitTest>
    <UnitTest name="ContentCountTest" storage="c:\gitrepository\csharp\glib\testprojectglib\bin\debug\testprojectglib.dll" id="ff6bcfba-0ee9-cdf0-d001-087d61640fd4">
      <Execution id="4494fab2-f50e-4f9b-af1d-b98b1dd38187" />
      <TestMethod codeBase="C:/GITRepository/CSharp/Glib/TestProjectGlib/bin/Debug/TestProjectGlib.DLL" adapterTypeName="Microsoft.VisualStudio.TestTools.TestTypes.Unit.UnitTestAdapter, Microsoft.VisualStudio.QualityTools.Tips.UnitTest.Adapter, Version=10.0.0.0, Culture=neutral, PublicKeyToken=b03f5f7f11d50a3a" className="TestProjectGlib.SubComponentTest, TestProjectGlib, Version=1.0.0.0, Culture=neutral, PublicKeyToken=null" name="ContentCountTest" />
    </UnitTest>
    <UnitTest name="InsertTest" storage="c:\gitrepository\csharp\glib\testprojectglib\bin\debug\testprojectglib.dll" id="b66803f3-d1c3-75df-448f-f4647b60ee70">
      <Execution id="4a56e6be-1a1a-49db-9e06-016ffd5dc904" />
      <TestMethod codeBase="C:/GITRepository/CSharp/Glib/TestProjectGlib/bin/Debug/TestProjectGlib.DLL" adapterTypeName="Microsoft.VisualStudio.TestTools.TestTypes.Unit.UnitTestAdapter, Microsoft.VisualStudio.QualityTools.Tips.UnitTest.Adapter, Version=10.0.0.0, Culture=neutral, PublicKeyToken=b03f5f7f11d50a3a" className="TestProjectGlib.SegmentTest, TestProjectGlib, Version=1.0.0.0, Culture=neutral, PublicKeyToken=null" name="InsertTest" />
    </UnitTest>
    <UnitTest name="ContentConstructorTest1" storage="c:\gitrepository\csharp\glib\testprojectglib\bin\debug\testprojectglib.dll" id="4de93258-7862-c912-9fdf-2b137104121a">
      <Execution id="c2f34952-82fe-4c60-89b4-1d9230397158" />
      <TestMethod codeBase="C:/GITRepository/CSharp/Glib/TestProjectGlib/bin/Debug/TestProjectGlib.DLL" adapterTypeName="Microsoft.VisualStudio.TestTools.TestTypes.Unit.UnitTestAdapter, Microsoft.VisualStudio.QualityTools.Tips.UnitTest.Adapter, Version=10.0.0.0, Culture=neutral, PublicKeyToken=b03f5f7f11d50a3a" className="TestProjectGlib.ContentTest, TestProjectGlib, Version=1.0.0.0, Culture=neutral, PublicKeyToken=null" name="ContentConstructorTest1" />
    </UnitTest>
    <UnitTest name="AsStringTest" storage="c:\gitrepository\csharp\glib\testprojectglib\bin\debug\testprojectglib.dll" id="5e302a5a-64aa-d67b-fb8f-15049ebc8f93">
      <Execution id="8d440314-ab70-4d8f-bad7-dc5828adcf9d" />
      <TestMethod codeBase="C:/GITRepository/CSharp/Glib/TestProjectGlib/bin/Debug/TestProjectGlib.DLL" adapterTypeName="Microsoft.VisualStudio.TestTools.TestTypes.Unit.UnitTestAdapter, Microsoft.VisualStudio.QualityTools.Tips.UnitTest.Adapter, Version=10.0.0.0, Culture=neutral, PublicKeyToken=b03f5f7f11d50a3a" className="TestProjectGlib.MessageTest, TestProjectGlib, Version=1.0.0.0, Culture=neutral, PublicKeyToken=null" name="AsStringTest" />
    </UnitTest>
    <UnitTest name="RemoveSubComponentAtTest" storage="c:\gitrepository\csharp\glib\testprojectglib\bin\debug\testprojectglib.dll" id="99583d31-1c36-6097-f41d-addc2fc02480">
      <Execution id="6d22f4f9-bb18-49f6-9dc9-f7bac0bd72f7" />
      <TestMethod codeBase="C:/GITRepository/CSharp/Glib/TestProjectGlib/bin/Debug/TestProjectGlib.DLL" adapterTypeName="Microsoft.VisualStudio.TestTools.TestTypes.Unit.UnitTestAdapter, Microsoft.VisualStudio.QualityTools.Tips.UnitTest.Adapter, Version=10.0.0.0, Culture=neutral, PublicKeyToken=b03f5f7f11d50a3a" className="TestProjectGlib.FieldTest, TestProjectGlib, Version=1.0.0.0, Culture=neutral, PublicKeyToken=null" name="RemoveSubComponentAtTest" />
    </UnitTest>
    <UnitTest name="RemoveComponentAtTest" storage="c:\gitrepository\csharp\glib\testprojectglib\bin\debug\testprojectglib.dll" id="f0c57047-78c8-1e43-ef78-f12b7472219d">
      <Execution id="3a08b4b7-7df3-4008-ad04-4c9f18d34052" />
      <TestMethod codeBase="C:/GITRepository/CSharp/Glib/TestProjectGlib/bin/Debug/TestProjectGlib.DLL" adapterTypeName="Microsoft.VisualStudio.TestTools.TestTypes.Unit.UnitTestAdapter, Microsoft.VisualStudio.QualityTools.Tips.UnitTest.Adapter, Version=10.0.0.0, Culture=neutral, PublicKeyToken=b03f5f7f11d50a3a" className="TestProjectGlib.ElementTest, TestProjectGlib, Version=1.0.0.0, Culture=neutral, PublicKeyToken=null" name="RemoveComponentAtTest" />
    </UnitTest>
    <UnitTest name="ElementConstructorTest" storage="c:\gitrepository\csharp\glib\testprojectglib\bin\debug\testprojectglib.dll" id="f00783f7-5de7-c5be-765a-7ed93a96a4fd">
      <Execution id="6a97dd8d-ea5f-4567-8188-de0d5293e6f9" />
      <TestMethod codeBase="C:/GITRepository/CSharp/Glib/TestProjectGlib/bin/Debug/TestProjectGlib.DLL" adapterTypeName="Microsoft.VisualStudio.TestTools.TestTypes.Unit.UnitTestAdapter, Microsoft.VisualStudio.QualityTools.Tips.UnitTest.Adapter, Version=10.0.0.0, Culture=neutral, PublicKeyToken=b03f5f7f11d50a3a" className="TestProjectGlib.ElementTest, TestProjectGlib, Version=1.0.0.0, Culture=neutral, PublicKeyToken=null" name="ElementConstructorTest" />
    </UnitTest>
    <UnitTest name="ComponentConstructorTest1" storage="c:\gitrepository\csharp\glib\testprojectglib\bin\debug\testprojectglib.dll" id="a6eb57c4-f127-befd-4cff-cd6450458a49">
      <Execution id="016e3f24-1b8c-47f1-af21-c8b5aa2303cd" />
      <TestMethod codeBase="C:/GITRepository/CSharp/Glib/TestProjectGlib/bin/Debug/TestProjectGlib.DLL" adapterTypeName="Microsoft.VisualStudio.TestTools.TestTypes.Unit.UnitTestAdapter, Microsoft.VisualStudio.QualityTools.Tips.UnitTest.Adapter, Version=10.0.0.0, Culture=neutral, PublicKeyToken=b03f5f7f11d50a3a" className="TestProjectGlib.ComponentTest, TestProjectGlib, Version=1.0.0.0, Culture=neutral, PublicKeyToken=null" name="ComponentConstructorTest1" />
    </UnitTest>
    <UnitTest name="AsStringTest" storage="c:\gitrepository\csharp\glib\testprojectglib\bin\debug\testprojectglib.dll" id="53408e81-9390-b885-d3ba-48cc087e6fa9">
      <Execution id="17a9b66f-f425-4664-8ee1-cec4f8ec087f" />
      <TestMethod codeBase="C:/GITRepository/CSharp/Glib/TestProjectGlib/bin/Debug/TestProjectGlib.DLL" adapterTypeName="Microsoft.VisualStudio.TestTools.TestTypes.Unit.UnitTestAdapter, Microsoft.VisualStudio.QualityTools.Tips.UnitTest.Adapter, Version=10.0.0.0, Culture=neutral, PublicKeyToken=b03f5f7f11d50a3a" className="TestProjectGlib.SubComponentTest, TestProjectGlib, Version=1.0.0.0, Culture=neutral, PublicKeyToken=null" name="AsStringTest" />
    </UnitTest>
    <UnitTest name="SetTest1" storage="c:\gitrepository\csharp\glib\testprojectglib\bin\debug\testprojectglib.dll" id="b3d350c4-b091-6fe0-74e1-34517bbb2e68">
      <Execution id="50f369d0-51b8-477a-bffe-7683277fa33f" />
      <TestMethod codeBase="C:/GITRepository/CSharp/Glib/TestProjectGlib/bin/Debug/TestProjectGlib.DLL" adapterTypeName="Microsoft.VisualStudio.TestTools.TestTypes.Unit.UnitTestAdapter, Microsoft.VisualStudio.QualityTools.Tips.UnitTest.Adapter, Version=10.0.0.0, Culture=neutral, PublicKeyToken=b03f5f7f11d50a3a" className="TestProjectGlib.ComponentTest, TestProjectGlib, Version=1.0.0.0, Culture=neutral, PublicKeyToken=null" name="SetTest1" />
    </UnitTest>
    <UnitTest name="ElementConstructorTest1" storage="c:\gitrepository\csharp\glib\testprojectglib\bin\debug\testprojectglib.dll" id="5a1cbec0-3ed5-0725-94d8-13b5e4a631b1">
      <Execution id="7afc2a34-a7c0-458d-84d4-98286b048088" />
      <TestMethod codeBase="C:/GITRepository/CSharp/Glib/TestProjectGlib/bin/Debug/TestProjectGlib.DLL" adapterTypeName="Microsoft.VisualStudio.TestTools.TestTypes.Unit.UnitTestAdapter, Microsoft.VisualStudio.QualityTools.Tips.UnitTest.Adapter, Version=10.0.0.0, Culture=neutral, PublicKeyToken=b03f5f7f11d50a3a" className="TestProjectGlib.ElementTest, TestProjectGlib, Version=1.0.0.0, Culture=neutral, PublicKeyToken=null" name="ElementConstructorTest1" />
    </UnitTest>
    <UnitTest name="ContentCountTest" storage="c:\gitrepository\csharp\glib\testprojectglib\bin\debug\testprojectglib.dll" id="f3b5fa79-f57f-0b76-e80c-298750ed9763">
      <Execution id="c1c15bab-60ec-4131-9e6c-ff1a463a33a8" />
      <TestMethod codeBase="C:/GITRepository/CSharp/Glib/TestProjectGlib/bin/Debug/TestProjectGlib.DLL" adapterTypeName="Microsoft.VisualStudio.TestTools.TestTypes.Unit.UnitTestAdapter, Microsoft.VisualStudio.QualityTools.Tips.UnitTest.Adapter, Version=10.0.0.0, Culture=neutral, PublicKeyToken=b03f5f7f11d50a3a" className="TestProjectGlib.ElementTest, TestProjectGlib, Version=1.0.0.0, Culture=neutral, PublicKeyToken=null" name="ContentCountTest" />
    </UnitTest>
    <UnitTest name="ElementCountTest" storage="c:\gitrepository\csharp\glib\testprojectglib\bin\debug\testprojectglib.dll" id="ec189549-039f-45e1-76a6-e98207878bbb">
      <Execution id="d1588ffb-8371-42e9-bead-ba328f11f556" />
      <TestMethod codeBase="C:/GITRepository/CSharp/Glib/TestProjectGlib/bin/Debug/TestProjectGlib.DLL" adapterTypeName="Microsoft.VisualStudio.TestTools.TestTypes.Unit.UnitTestAdapter, Microsoft.VisualStudio.QualityTools.Tips.UnitTest.Adapter, Version=10.0.0.0, Culture=neutral, PublicKeyToken=b03f5f7f11d50a3a" className="TestProjectGlib.SegmentTest, TestProjectGlib, Version=1.0.0.0, Culture=neutral, PublicKeyToken=null" name="ElementCountTest" />
    </UnitTest>
    <UnitTest name="IsEmptyTest" storage="c:\gitrepository\csharp\glib\testprojectglib\bin\debug\testprojectglib.dll" id="cf4312db-1cfd-c36c-6be2-11038648e5ab">
      <Execution id="f8c6c78f-5748-417c-a3b4-4b3d153dba7e" />
      <TestMethod codeBase="C:/GITRepository/CSharp/Glib/TestProjectGlib/bin/Debug/TestProjectGlib.DLL" adapterTypeName="Microsoft.VisualStudio.TestTools.TestTypes.Unit.UnitTestAdapter, Microsoft.VisualStudio.QualityTools.Tips.UnitTest.Adapter, Version=10.0.0.0, Culture=neutral, PublicKeyToken=b03f5f7f11d50a3a" className="TestProjectGlib.SegmentTest, TestProjectGlib, Version=1.0.0.0, Culture=neutral, PublicKeyToken=null" name="IsEmptyTest" />
    </UnitTest>
    <UnitTest name="AsDateHourMinSecMilliTest1" storage="c:\gitrepository\csharp\glib\testprojectglib\bin\debug\testprojectglib.dll" id="638b813b-f5f3-3cde-3911-0c6b74e7e82c">
      <Execution id="3c44bdc6-e028-4157-baf5-5279c7b6e70d" />
      <TestMethod codeBase="C:/GITRepository/CSharp/Glib/TestProjectGlib/bin/Debug/TestProjectGlib.DLL" adapterTypeName="Microsoft.VisualStudio.TestTools.TestTypes.Unit.UnitTestAdapter, Microsoft.VisualStudio.QualityTools.Tips.UnitTest.Adapter, Version=10.0.0.0, Culture=neutral, PublicKeyToken=b03f5f7f11d50a3a" className="TestProjectGlib.DateTimeTools_ConvertDateTimeToStringTest, TestProjectGlib, Version=1.0.0.0, Culture=neutral, PublicKeyToken=null" name="AsDateHourMinSecMilliTest1" />
    </UnitTest>
    <UnitTest name="EscapeSequenceTest" storage="c:\gitrepository\csharp\glib\testprojectglib\bin\debug\testprojectglib.dll" id="5768ccdc-d49c-7975-171c-f0931bc421e3">
      <Execution id="e83c3fa1-27fa-4b94-9cd7-c31d256c6731" />
      <TestMethod codeBase="C:/GITRepository/CSharp/Glib/TestProjectGlib/bin/Debug/TestProjectGlib.DLL" adapterTypeName="Microsoft.VisualStudio.TestTools.TestTypes.Unit.UnitTestAdapter, Microsoft.VisualStudio.QualityTools.Tips.UnitTest.Adapter, Version=10.0.0.0, Culture=neutral, PublicKeyToken=b03f5f7f11d50a3a" className="TestProjectGlib.MessageTest, TestProjectGlib, Version=1.0.0.0, Culture=neutral, PublicKeyToken=null" name="EscapeSequenceTest" />
    </UnitTest>
    <UnitTest name="InsertTest" storage="c:\gitrepository\csharp\glib\testprojectglib\bin\debug\testprojectglib.dll" id="21308188-2899-03f3-f5ad-a4d7b165cda3">
      <Execution id="69282a31-d723-40c3-9aff-446e0807d450" />
      <TestMethod codeBase="C:/GITRepository/CSharp/Glib/TestProjectGlib/bin/Debug/TestProjectGlib.DLL" adapterTypeName="Microsoft.VisualStudio.TestTools.TestTypes.Unit.UnitTestAdapter, Microsoft.VisualStudio.QualityTools.Tips.UnitTest.Adapter, Version=10.0.0.0, Culture=neutral, PublicKeyToken=b03f5f7f11d50a3a" className="TestProjectGlib.FieldTest, TestProjectGlib, Version=1.0.0.0, Culture=neutral, PublicKeyToken=null" name="InsertTest" />
    </UnitTest>
    <UnitTest name="AddTest2" storage="c:\gitrepository\csharp\glib\testprojectglib\bin\debug\testprojectglib.dll" id="23c4aeb9-f4c9-04a2-5c17-b8e061238b00">
      <Execution id="82d62dde-cb48-4ce6-9d6b-a82c0df9fef0" />
      <TestMethod codeBase="C:/GITRepository/CSharp/Glib/TestProjectGlib/bin/Debug/TestProjectGlib.DLL" adapterTypeName="Microsoft.VisualStudio.TestTools.TestTypes.Unit.UnitTestAdapter, Microsoft.VisualStudio.QualityTools.Tips.UnitTest.Adapter, Version=10.0.0.0, Culture=neutral, PublicKeyToken=b03f5f7f11d50a3a" className="TestProjectGlib.ElementTest, TestProjectGlib, Version=1.0.0.0, Culture=neutral, PublicKeyToken=null" name="AddTest2" />
    </UnitTest>
    <UnitTest name="ContentConstructorTest" storage="c:\gitrepository\csharp\glib\testprojectglib\bin\debug\testprojectglib.dll" id="f7eb110f-bd56-2839-cb99-ced5d14e4f61">
      <Execution id="4212fe0c-5c75-4bfc-944a-46d43d575984" />
      <TestMethod codeBase="C:/GITRepository/CSharp/Glib/TestProjectGlib/bin/Debug/TestProjectGlib.DLL" adapterTypeName="Microsoft.VisualStudio.TestTools.TestTypes.Unit.UnitTestAdapter, Microsoft.VisualStudio.QualityTools.Tips.UnitTest.Adapter, Version=10.0.0.0, Culture=neutral, PublicKeyToken=b03f5f7f11d50a3a" className="TestProjectGlib.ContentTest, TestProjectGlib, Version=1.0.0.0, Culture=neutral, PublicKeyToken=null" name="ContentConstructorTest" />
    </UnitTest>
    <UnitTest name="AsStringRawTest" storage="c:\gitrepository\csharp\glib\testprojectglib\bin\debug\testprojectglib.dll" id="a13c16dd-eb35-6dc4-e44a-3c831bb7b60e">
      <Execution id="885358db-cd87-489a-8882-c038bdae4640" />
      <TestMethod codeBase="C:/GITRepository/CSharp/Glib/TestProjectGlib/bin/Debug/TestProjectGlib.DLL" adapterTypeName="Microsoft.VisualStudio.TestTools.TestTypes.Unit.UnitTestAdapter, Microsoft.VisualStudio.QualityTools.Tips.UnitTest.Adapter, Version=10.0.0.0, Culture=neutral, PublicKeyToken=b03f5f7f11d50a3a" className="TestProjectGlib.SubComponentTest, TestProjectGlib, Version=1.0.0.0, Culture=neutral, PublicKeyToken=null" name="AsStringRawTest" />
    </UnitTest>
    <UnitTest name="AsDateHourMinTest1" storage="c:\gitrepository\csharp\glib\testprojectglib\bin\debug\testprojectglib.dll" id="97412ae8-eeb8-6cdb-0444-db75e31093fd">
      <Execution id="fb8cf964-6af4-42fa-aa5f-c8899736d51a" />
      <TestMethod codeBase="C:/GITRepository/CSharp/Glib/TestProjectGlib/bin/Debug/TestProjectGlib.DLL" adapterTypeName="Microsoft.VisualStudio.TestTools.TestTypes.Unit.UnitTestAdapter, Microsoft.VisualStudio.QualityTools.Tips.UnitTest.Adapter, Version=10.0.0.0, Culture=neutral, PublicKeyToken=b03f5f7f11d50a3a" className="TestProjectGlib.DateTimeTools_ConvertDateTimeToStringTest, TestProjectGlib, Version=1.0.0.0, Culture=neutral, PublicKeyToken=null" name="AsDateHourMinTest1" />
    </UnitTest>
    <UnitTest name="ContentTest" storage="c:\gitrepository\csharp\glib\testprojectglib\bin\debug\testprojectglib.dll" id="469b4d55-6f41-2a07-a79f-1311a5b57e9f">
      <Execution id="4299289b-19f2-4d06-a40a-9d4ea526af1a" />
      <TestMethod codeBase="C:/GITRepository/CSharp/Glib/TestProjectGlib/bin/Debug/TestProjectGlib.DLL" adapterTypeName="Microsoft.VisualStudio.TestTools.TestTypes.Unit.UnitTestAdapter, Microsoft.VisualStudio.QualityTools.Tips.UnitTest.Adapter, Version=10.0.0.0, Culture=neutral, PublicKeyToken=b03f5f7f11d50a3a" className="TestProjectGlib.SubComponentTest, TestProjectGlib, Version=1.0.0.0, Culture=neutral, PublicKeyToken=null" name="ContentTest" />
    </UnitTest>
    <UnitTest name="SetTest" storage="c:\gitrepository\csharp\glib\testprojectglib\bin\debug\testprojectglib.dll" id="1e73b624-71f1-d2fd-5336-60d44d8232e1">
      <Execution id="0e68e20b-4183-42ca-b4f2-27aed96412ab" />
      <TestMethod codeBase="C:/GITRepository/CSharp/Glib/TestProjectGlib/bin/Debug/TestProjectGlib.DLL" adapterTypeName="Microsoft.VisualStudio.TestTools.TestTypes.Unit.UnitTestAdapter, Microsoft.VisualStudio.QualityTools.Tips.UnitTest.Adapter, Version=10.0.0.0, Culture=neutral, PublicKeyToken=b03f5f7f11d50a3a" className="TestProjectGlib.FieldTest, TestProjectGlib, Version=1.0.0.0, Culture=neutral, PublicKeyToken=null" name="SetTest" />
    </UnitTest>
    <UnitTest name="TestContentTypeCreate" storage="c:\gitrepository\csharp\glib\testprojectglib\bin\debug\testprojectglib.dll" id="36f5ba8b-e83d-21a6-6b46-234c7d076dfc">
      <Execution id="d59ab365-e64f-4fab-9026-fad60eaedf9b" />
      <TestMethod codeBase="C:/GITRepository/CSharp/Glib/TestProjectGlib/bin/Debug/TestProjectGlib.DLL" adapterTypeName="Microsoft.VisualStudio.TestTools.TestTypes.Unit.UnitTestAdapter, Microsoft.VisualStudio.QualityTools.Tips.UnitTest.Adapter, Version=10.0.0.0, Culture=neutral, PublicKeyToken=b03f5f7f11d50a3a" className="TestProjectGlib.UnitTestContentModel, TestProjectGlib, Version=1.0.0.0, Culture=neutral, PublicKeyToken=null" name="TestContentTypeCreate" />
    </UnitTest>
    <UnitTest name="MessageStructureTest" storage="c:\gitrepository\csharp\glib\testprojectglib\bin\debug\testprojectglib.dll" id="9eda4ff3-53a4-53d4-9c19-a43129d94713">
      <Execution id="9b0d0180-9259-4b3d-a40a-c95248676244" />
      <TestMethod codeBase="C:/GITRepository/CSharp/Glib/TestProjectGlib/bin/Debug/TestProjectGlib.DLL" adapterTypeName="Microsoft.VisualStudio.TestTools.TestTypes.Unit.UnitTestAdapter, Microsoft.VisualStudio.QualityTools.Tips.UnitTest.Adapter, Version=10.0.0.0, Culture=neutral, PublicKeyToken=b03f5f7f11d50a3a" className="TestProjectGlib.MessageTest, TestProjectGlib, Version=1.0.0.0, Culture=neutral, PublicKeyToken=null" name="MessageStructureTest" />
    </UnitTest>
    <UnitTest name="Hl7ReaderConstructorTest1" storage="c:\gitrepository\csharp\glib\testprojectglib\bin\debug\testprojectglib.dll" id="1fdf3423-5057-166d-6cc4-43ee4b0483a3">
      <Execution id="ee6c10ad-b518-4ed4-a775-f493f7f0678c" />
      <TestMethod codeBase="C:/GITRepository/CSharp/Glib/TestProjectGlib/bin/Debug/TestProjectGlib.DLL" adapterTypeName="Microsoft.VisualStudio.TestTools.TestTypes.Unit.UnitTestAdapter, Microsoft.VisualStudio.QualityTools.Tips.UnitTest.Adapter, Version=10.0.0.0, Culture=neutral, PublicKeyToken=b03f5f7f11d50a3a" className="TestProjectGlib.Hl7ReaderTest, TestProjectGlib, Version=1.0.0.0, Culture=neutral, PublicKeyToken=null" name="Hl7ReaderConstructorTest1" />
    </UnitTest>
    <UnitTest name="FieldTest" storage="c:\gitrepository\csharp\glib\testprojectglib\bin\debug\testprojectglib.dll" id="37d7cf32-7d6e-fd8d-c748-95a5f9978a3b">
      <Execution id="3b713bb7-dd72-4faf-a842-bd79dffdce69" />
      <TestMethod codeBase="C:/GITRepository/CSharp/Glib/TestProjectGlib/bin/Debug/TestProjectGlib.DLL" adapterTypeName="Microsoft.VisualStudio.TestTools.TestTypes.Unit.UnitTestAdapter, Microsoft.VisualStudio.QualityTools.Tips.UnitTest.Adapter, Version=10.0.0.0, Culture=neutral, PublicKeyToken=b03f5f7f11d50a3a" className="TestProjectGlib.SegmentTest, TestProjectGlib, Version=1.0.0.0, Culture=neutral, PublicKeyToken=null" name="FieldTest" />
    </UnitTest>
    <UnitTest name="InsertTest1" storage="c:\gitrepository\csharp\glib\testprojectglib\bin\debug\testprojectglib.dll" id="93c7dcb2-08f2-6cf2-908a-95f88cd0e48b">
      <Execution id="f6b98ebe-89f2-4538-8078-24f032b016f0" />
      <TestMethod codeBase="C:/GITRepository/CSharp/Glib/TestProjectGlib/bin/Debug/TestProjectGlib.DLL" adapterTypeName="Microsoft.VisualStudio.TestTools.TestTypes.Unit.UnitTestAdapter, Microsoft.VisualStudio.QualityTools.Tips.UnitTest.Adapter, Version=10.0.0.0, Culture=neutral, PublicKeyToken=b03f5f7f11d50a3a" className="TestProjectGlib.FieldTest, TestProjectGlib, Version=1.0.0.0, Culture=neutral, PublicKeyToken=null" name="InsertTest1" />
    </UnitTest>
    <UnitTest name="AddTest1" storage="c:\gitrepository\csharp\glib\testprojectglib\bin\debug\testprojectglib.dll" id="41a40ccb-4f8b-eaf2-a926-d8737431f0a1">
      <Execution id="1d06ec49-cc08-469d-87f8-bb8c5bcbedff" />
      <TestMethod codeBase="C:/GITRepository/CSharp/Glib/TestProjectGlib/bin/Debug/TestProjectGlib.DLL" adapterTypeName="Microsoft.VisualStudio.TestTools.TestTypes.Unit.UnitTestAdapter, Microsoft.VisualStudio.QualityTools.Tips.UnitTest.Adapter, Version=10.0.0.0, Culture=neutral, PublicKeyToken=b03f5f7f11d50a3a" className="TestProjectGlib.SegmentTest, TestProjectGlib, Version=1.0.0.0, Culture=neutral, PublicKeyToken=null" name="AddTest1" />
    </UnitTest>
    <UnitTest name="IsEmptyTest" storage="c:\gitrepository\csharp\glib\testprojectglib\bin\debug\testprojectglib.dll" id="41a93314-d5e8-4dd8-ced8-9e20cd240813">
      <Execution id="95371301-921d-43f9-bbc5-f86de31e10e6" />
      <TestMethod codeBase="C:/GITRepository/CSharp/Glib/TestProjectGlib/bin/Debug/TestProjectGlib.DLL" adapterTypeName="Microsoft.VisualStudio.TestTools.TestTypes.Unit.UnitTestAdapter, Microsoft.VisualStudio.QualityTools.Tips.UnitTest.Adapter, Version=10.0.0.0, Culture=neutral, PublicKeyToken=b03f5f7f11d50a3a" className="TestProjectGlib.ElementTest, TestProjectGlib, Version=1.0.0.0, Culture=neutral, PublicKeyToken=null" name="IsEmptyTest" />
    </UnitTest>
    <UnitTest name="AsStringTest" storage="c:\gitrepository\csharp\glib\testprojectglib\bin\debug\testprojectglib.dll" id="4ee5a15f-21cf-08a1-ea1f-d52493ca2cfc">
      <Execution id="780aeed5-3187-4990-a4f0-f6dbf7197f23" />
      <TestMethod codeBase="C:/GITRepository/CSharp/Glib/TestProjectGlib/bin/Debug/TestProjectGlib.DLL" adapterTypeName="Microsoft.VisualStudio.TestTools.TestTypes.Unit.UnitTestAdapter, Microsoft.VisualStudio.QualityTools.Tips.UnitTest.Adapter, Version=10.0.0.0, Culture=neutral, PublicKeyToken=b03f5f7f11d50a3a" className="TestProjectGlib.ElementTest, TestProjectGlib, Version=1.0.0.0, Culture=neutral, PublicKeyToken=null" name="AsStringTest" />
    </UnitTest>
    <UnitTest name="ValidateDataTest" storage="c:\gitrepository\csharp\glib\testprojectglib\bin\debug\testprojectglib.dll" id="f1b88517-e382-5d2f-f17a-00c6d0bdd696">
      <DeploymentItems>
        <DeploymentItem filename="Glib.dll" />
      </DeploymentItems>
      <Execution id="47c52596-73ab-48db-bb90-205a82be0aa8" />
      <TestMethod codeBase="C:/GITRepository/CSharp/Glib/TestProjectGlib/bin/Debug/TestProjectGlib.DLL" adapterTypeName="Microsoft.VisualStudio.TestTools.TestTypes.Unit.UnitTestAdapter, Microsoft.VisualStudio.QualityTools.Tips.UnitTest.Adapter, Version=10.0.0.0, Culture=neutral, PublicKeyToken=b03f5f7f11d50a3a" className="TestProjectGlib.ContentTest, TestProjectGlib, Version=1.0.0.0, Culture=neutral, PublicKeyToken=null" name="ValidateDataTest" />
    </UnitTest>
    <UnitTest name="ReadTest" storage="c:\gitrepository\csharp\glib\testprojectglib\bin\debug\testprojectglib.dll" id="d63f8a04-ccde-1680-a6f1-a61a292c418d">
      <Execution id="a106b0ad-1283-40ca-8681-af7c1c732b67" />
      <TestMethod codeBase="C:/GITRepository/CSharp/Glib/TestProjectGlib/bin/Debug/TestProjectGlib.DLL" adapterTypeName="Microsoft.VisualStudio.TestTools.TestTypes.Unit.UnitTestAdapter, Microsoft.VisualStudio.QualityTools.Tips.UnitTest.Adapter, Version=10.0.0.0, Culture=neutral, PublicKeyToken=b03f5f7f11d50a3a" className="TestProjectGlib.Hl7ReaderTest, TestProjectGlib, Version=1.0.0.0, Culture=neutral, PublicKeyToken=null" name="ReadTest" />
    </UnitTest>
    <UnitTest name="TestContentTypeExceptions" storage="c:\gitrepository\csharp\glib\testprojectglib\bin\debug\testprojectglib.dll" id="3653eb47-0ee9-b8ab-b11b-85c637b1195f">
      <Execution id="8986916e-8db4-4363-ad33-c36ae9e4ca45" />
      <TestMethod codeBase="C:/GITRepository/CSharp/Glib/TestProjectGlib/bin/Debug/TestProjectGlib.DLL" adapterTypeName="Microsoft.VisualStudio.TestTools.TestTypes.Unit.UnitTestAdapter, Microsoft.VisualStudio.QualityTools.Tips.UnitTest.Adapter, Version=10.0.0.0, Culture=neutral, PublicKeyToken=b03f5f7f11d50a3a" className="TestProjectGlib.UnitTestContentModel, TestProjectGlib, Version=1.0.0.0, Culture=neutral, PublicKeyToken=null" name="TestContentTypeExceptions" />
    </UnitTest>
    <UnitTest name="SegmentConstructorTest1" storage="c:\gitrepository\csharp\glib\testprojectglib\bin\debug\testprojectglib.dll" id="cf0331c5-2fa8-bf12-d782-16ed1b688031">
      <Execution id="802e77b7-d5db-4527-9350-84599faa5e1b" />
      <TestMethod codeBase="C:/GITRepository/CSharp/Glib/TestProjectGlib/bin/Debug/TestProjectGlib.DLL" adapterTypeName="Microsoft.VisualStudio.TestTools.TestTypes.Unit.UnitTestAdapter, Microsoft.VisualStudio.QualityTools.Tips.UnitTest.Adapter, Version=10.0.0.0, Culture=neutral, PublicKeyToken=b03f5f7f11d50a3a" className="TestProjectGlib.SegmentTest, TestProjectGlib, Version=1.0.0.0, Culture=neutral, PublicKeyToken=null" name="SegmentConstructorTest1" />
    </UnitTest>
    <UnitTest name="SubComponentTest" storage="c:\gitrepository\csharp\glib\testprojectglib\bin\debug\testprojectglib.dll" id="c3d2d8ae-14f9-c6cb-f090-b1bbcb1098e1">
      <Execution id="be5d2c24-d0ec-439b-a84e-5fe1d72b46b6" />
      <TestMethod codeBase="C:/GITRepository/CSharp/Glib/TestProjectGlib/bin/Debug/TestProjectGlib.DLL" adapterTypeName="Microsoft.VisualStudio.TestTools.TestTypes.Unit.UnitTestAdapter, Microsoft.VisualStudio.QualityTools.Tips.UnitTest.Adapter, Version=10.0.0.0, Culture=neutral, PublicKeyToken=b03f5f7f11d50a3a" className="TestProjectGlib.ComponentTest, TestProjectGlib, Version=1.0.0.0, Culture=neutral, PublicKeyToken=null" name="SubComponentTest" />
    </UnitTest>
    <UnitTest name="AddTest1" storage="c:\gitrepository\csharp\glib\testprojectglib\bin\debug\testprojectglib.dll" id="9d575baf-4a71-ba25-05e3-403d9f9e7372">
      <Execution id="b085f134-c11f-43b9-90d2-919ff2744c19" />
      <TestMethod codeBase="C:/GITRepository/CSharp/Glib/TestProjectGlib/bin/Debug/TestProjectGlib.DLL" adapterTypeName="Microsoft.VisualStudio.TestTools.TestTypes.Unit.UnitTestAdapter, Microsoft.VisualStudio.QualityTools.Tips.UnitTest.Adapter, Version=10.0.0.0, Culture=neutral, PublicKeyToken=b03f5f7f11d50a3a" className="TestProjectGlib.MessageTest, TestProjectGlib, Version=1.0.0.0, Culture=neutral, PublicKeyToken=null" name="AddTest1" />
    </UnitTest>
    <UnitTest name="SubComponentConstructorTest2" storage="c:\gitrepository\csharp\glib\testprojectglib\bin\debug\testprojectglib.dll" id="2c6c7854-ef7a-d4b6-6939-43da5173b8d2">
      <Execution id="669343ec-df60-4955-b0f5-fd02a707927a" />
      <TestMethod codeBase="C:/GITRepository/CSharp/Glib/TestProjectGlib/bin/Debug/TestProjectGlib.DLL" adapterTypeName="Microsoft.VisualStudio.TestTools.TestTypes.Unit.UnitTestAdapter, Microsoft.VisualStudio.QualityTools.Tips.UnitTest.Adapter, Version=10.0.0.0, Culture=neutral, PublicKeyToken=b03f5f7f11d50a3a" className="TestProjectGlib.SubComponentTest, TestProjectGlib, Version=1.0.0.0, Culture=neutral, PublicKeyToken=null" name="SubComponentConstructorTest2" />
    </UnitTest>
    <UnitTest name="AddTest" storage="c:\gitrepository\csharp\glib\testprojectglib\bin\debug\testprojectglib.dll" id="02778758-cc49-b70f-4d9e-207bdf0cd24c">
      <Execution id="2be2bf50-71a9-43b9-b55c-61ce75d76ac2" />
      <TestMethod codeBase="C:/GITRepository/CSharp/Glib/TestProjectGlib/bin/Debug/TestProjectGlib.DLL" adapterTypeName="Microsoft.VisualStudio.TestTools.TestTypes.Unit.UnitTestAdapter, Microsoft.VisualStudio.QualityTools.Tips.UnitTest.Adapter, Version=10.0.0.0, Culture=neutral, PublicKeyToken=b03f5f7f11d50a3a" className="TestProjectGlib.SubComponentTest, TestProjectGlib, Version=1.0.0.0, Culture=neutral, PublicKeyToken=null" name="AddTest" />
    </UnitTest>
    <UnitTest name="SetTest" storage="c:\gitrepository\csharp\glib\testprojectglib\bin\debug\testprojectglib.dll" id="fb7784f1-99b0-c059-267d-2499f2992897">
      <Execution id="180648e2-8717-43f8-ba61-b318175e9b98" />
      <TestMethod codeBase="C:/GITRepository/CSharp/Glib/TestProjectGlib/bin/Debug/TestProjectGlib.DLL" adapterTypeName="Microsoft.VisualStudio.TestTools.TestTypes.Unit.UnitTestAdapter, Microsoft.VisualStudio.QualityTools.Tips.UnitTest.Adapter, Version=10.0.0.0, Culture=neutral, PublicKeyToken=b03f5f7f11d50a3a" className="TestProjectGlib.SubComponentTest, TestProjectGlib, Version=1.0.0.0, Culture=neutral, PublicKeyToken=null" name="SetTest" />
    </UnitTest>
    <UnitTest name="AsStringRawTest" storage="c:\gitrepository\csharp\glib\testprojectglib\bin\debug\testprojectglib.dll" id="58b07de1-f862-1419-af55-ea8965b5801d">
      <Execution id="ca2fb921-6469-416c-a1b2-89488607f692" />
      <TestMethod codeBase="C:/GITRepository/CSharp/Glib/TestProjectGlib/bin/Debug/TestProjectGlib.DLL" adapterTypeName="Microsoft.VisualStudio.TestTools.TestTypes.Unit.UnitTestAdapter, Microsoft.VisualStudio.QualityTools.Tips.UnitTest.Adapter, Version=10.0.0.0, Culture=neutral, PublicKeyToken=b03f5f7f11d50a3a" className="TestProjectGlib.ElementTest, TestProjectGlib, Version=1.0.0.0, Culture=neutral, PublicKeyToken=null" name="AsStringRawTest" />
    </UnitTest>
    <UnitTest name="HasTimeZoneTest" storage="c:\gitrepository\csharp\glib\testprojectglib\bin\debug\testprojectglib.dll" id="d10f3995-53c1-d99d-5076-8ce0ff32fead">
      <DeploymentItems>
        <DeploymentItem filename="Glib.dll" />
      </DeploymentItems>
      <Execution id="f204e3a0-91c0-45dc-ae12-a251f5700f0b" />
      <TestMethod codeBase="C:/GITRepository/CSharp/Glib/TestProjectGlib/bin/Debug/TestProjectGlib.DLL" adapterTypeName="Microsoft.VisualStudio.TestTools.TestTypes.Unit.UnitTestAdapter, Microsoft.VisualStudio.QualityTools.Tips.UnitTest.Adapter, Version=10.0.0.0, Culture=neutral, PublicKeyToken=b03f5f7f11d50a3a" className="TestProjectGlib.DateTimeTools_ConvertStringToDateTimeTest, TestProjectGlib, Version=1.0.0.0, Culture=neutral, PublicKeyToken=null" name="HasTimeZoneTest" />
    </UnitTest>
    <UnitTest name="PathInformationTest" storage="c:\gitrepository\csharp\glib\testprojectglib\bin\debug\testprojectglib.dll" id="2a867a65-2f84-ff26-c105-0f078d77b06c">
      <Execution id="f8f29a2b-c0dc-4d32-a815-f1f8ccb87bf1" />
[...]
    </UnitTestResult>
    <UnitTestResult executionId="93218c8b-18cf-4aa6-9380-a0995f44ff62" testId="1ea9597c-d096-2afc-66c5-dd9341a18801" testName="AsDateTest" computerName="ANGUS-LAPTOP" duration="00:00:00.0014450" startTime="2015-03-15T23:55:36.9598514+10:00" endTime="2015-03-15T23:55:36.9718603+10:00" testType="13cdc9d9-ddb5-4fa4-a97d-d965ccfc6d4b" outcome="Passed" testListId="8c84fa94-04c1-424b-9868-57a2d4851a1d" relativeResultsDirectory="93218c8b-18cf-4aa6-9380-a0995f44ff62">
    </UnitTestResult>
    <UnitTestResult executionId="17bbef48-102e-427d-8df9-2cf8096512bc" testId="f9673aa5-17be-58f4-0a16-6981b295f410" testName="AsDateTest1" computerName="ANGUS-LAPTOP" duration="00:00:00.0008766" startTime="2015-03-15T23:55:36.9828673+10:00" endTime="2015-03-15T23:55:36.9908730+10:00" testType="13cdc9d9-ddb5-4fa4-a97d-d965ccfc6d4b" outcome="Passed" testListId="8c84fa94-04c1-424b-9868-57a2d4851a1d" relativeResultsDirectory="17bbef48-102e-427d-8df9-2cf8096512bc">
    </UnitTestResult>
    <UnitTestResult executionId="4bbede37-86fa-4486-ad5b-acbfe4ffcba8" testId="c37cc704-6571-4c7f-5e90-86db92e43e93" testName="AsDateHourMinTest" computerName="ANGUS-LAPTOP" duration="00:00:00.0006320" startTime="2015-03-15T23:55:37.0028819+10:00" endTime="2015-03-15T23:55:37.0108872+10:00" testType="13cdc9d9-ddb5-4fa4-a97d-d965ccfc6d4b" outcome="Passed" testListId="8c84fa94-04c1-424b-9868-57a2d4851a1d" relativeResultsDirectory="4bbede37-86fa-4486-ad5b-acbfe4ffcba8">
    </UnitTestResult>
    <UnitTestResult executionId="fb8cf964-6af4-42fa-aa5f-c8899736d51a" testId="97412ae8-eeb8-6cdb-0444-db75e31093fd" testName="AsDateHourMinTest1" computerName="ANGUS-LAPTOP" duration="00:00:00.0007950" startTime="2015-03-15T23:55:37.0228957+10:00" endTime="2015-03-15T23:55:37.0299007+10:00" testType="13cdc9d9-ddb5-4fa4-a97d-d965ccfc6d4b" outcome="Passed" testListId="8c84fa94-04c1-424b-9868-57a2d4851a1d" relativeResultsDirectory="fb8cf964-6af4-42fa-aa5f-c8899736d51a">
    </UnitTestResult>
    <UnitTestResult executionId="5307323e-26a6-4550-aebb-4c4d76bb7f30" testId="b81e40bb-9e67-676f-d4eb-65f20abf3117" testName="AsDateHourMinSecTest" computerName="ANGUS-LAPTOP" duration="00:00:00.0009186" startTime="2015-03-15T23:55:37.0419096+10:00" endTime="2015-03-15T23:55:37.0509165+10:00" testType="13cdc9d9-ddb5-4fa4-a97d-d965ccfc6d4b" outcome="Passed" testListId="8c84fa94-04c1-424b-9868-57a2d4851a1d" relativeResultsDirectory="5307323e-26a6-4550-aebb-4c4d76bb7f30">
    </UnitTestResult>
    <UnitTestResult executionId="4e1e81a9-cfa2-49b9-8eef-2fd38d7895bb" testId="93964659-b15c-c098-848e-862a0968f755" testName="AsDateHourMinSecTest1" computerName="ANGUS-LAPTOP" duration="00:00:00.0007920" startTime="2015-03-15T23:55:37.0629276+10:00" endTime="2015-03-15T23:55:37.0709315+10:00" testType="13cdc9d9-ddb5-4fa4-a97d-d965ccfc6d4b" outcome="Passed" testListId="8c84fa94-04c1-424b-9868-57a2d4851a1d" relativeResultsDirectory="4e1e81a9-cfa2-49b9-8eef-2fd38d7895bb">
    </UnitTestResult>
    <UnitTestResult executionId="2e742e8e-180e-4710-831d-78507224fd12" testId="1e4a7732-fdaf-ca78-bc58-8b24e73cf4bb" testName="AsDateHourMinSecMilliTest" computerName="ANGUS-LAPTOP" duration="00:00:00.0004135" startTime="2015-03-15T23:55:37.0819381+10:00" endTime="2015-03-15T23:55:37.0899484+10:00" testType="13cdc9d9-ddb5-4fa4-a97d-d965ccfc6d4b" outcome="Passed" testListId="8c84fa94-04c1-424b-9868-57a2d4851a1d" relativeResultsDirectory="2e742e8e-180e-4710-831d-78507224fd12">
    </UnitTestResult>
    <UnitTestResult executionId="3c44bdc6-e028-4157-baf5-5279c7b6e70d" testId="638b813b-f5f3-3cde-3911-0c6b74e7e82c" testName="AsDateHourMinSecMilliTest1" computerName="ANGUS-LAPTOP" duration="00:00:00.0008360" startTime="2015-03-15T23:55:37.1009511+10:00" endTime="2015-03-15T23:55:37.1089572+10:00" testType="13cdc9d9-ddb5-4fa4-a97d-d965ccfc6d4b" outcome="Passed" testListId="8c84fa94-04c1-424b-9868-57a2d4851a1d" relativeResultsDirectory="3c44bdc6-e028-4157-baf5-5279c7b6e70d">
    </UnitTestResult>
    <UnitTestResult executionId="7d2f1895-1b16-4a0d-86c7-0f8796eaf8cd" testId="11268daa-86b0-d173-199b-25bae719712c" testName="SubComponentConstructorTest" computerName="ANGUS-LAPTOP" duration="00:00:00.0012910" startTime="2015-03-15T23:55:37.1189639+10:00" endTime="2015-03-15T23:55:37.1269747+10:00" testType="13cdc9d9-ddb5-4fa4-a97d-d965ccfc6d4b" outcome="Passed" testListId="8c84fa94-04c1-424b-9868-57a2d4851a1d" relativeResultsDirectory="7d2f1895-1b16-4a0d-86c7-0f8796eaf8cd">
    </UnitTestResult>
    <UnitTestResult executionId="6c8acf30-58b1-4cdb-a20f-bb5559e7a7d6" testId="d3943c0f-ce5d-ed19-da04-4c5b640e1ebe" testName="SubComponentConstructorTest1" computerName="ANGUS-LAPTOP" duration="00:00:00.0006876" startTime="2015-03-15T23:55:37.1379778+10:00" endTime="2015-03-15T23:55:37.1459848+10:00" testType="13cdc9d9-ddb5-4fa4-a97d-d965ccfc6d4b" outcome="Passed" testListId="8c84fa94-04c1-424b-9868-57a2d4851a1d" relativeResultsDirectory="6c8acf30-58b1-4cdb-a20f-bb5559e7a7d6">
    </UnitTestResult>
    <UnitTestResult executionId="669343ec-df60-4955-b0f5-fd02a707927a" testId="2c6c7854-ef7a-d4b6-6939-43da5173b8d2" testName="SubComponentConstructorTest2" computerName="ANGUS-LAPTOP" duration="00:00:00.0010195" startTime="2015-03-15T23:55:37.1569913+10:00" endTime="2015-03-15T23:55:37.1669984+10:00" testType="13cdc9d9-ddb5-4fa4-a97d-d965ccfc6d4b" outcome="Passed" testListId="8c84fa94-04c1-424b-9868-57a2d4851a1d" relativeResultsDirectory="669343ec-df60-4955-b0f5-fd02a707927a">
    </UnitTestResult>
    <UnitTestResult executionId="674e5753-d215-4f58-80d5-fd6b77c89c90" testId="ab3c72e7-916d-9271-7490-63c98d311b23" testName="SubComponentConstructorTest3" computerName="ANGUS-LAPTOP" duration="00:00:00.0007847" startTime="2015-03-15T23:55:37.1780092+10:00" endTime="2015-03-15T23:55:37.1860115+10:00" testType="13cdc9d9-ddb5-4fa4-a97d-d965ccfc6d4b" outcome="Passed" testListId="8c84fa94-04c1-424b-9868-57a2d4851a1d" relativeResultsDirectory="674e5753-d215-4f58-80d5-fd6b77c89c90">
    </UnitTestResult>
    <UnitTestResult executionId="2be2bf50-71a9-43b9-b55c-61ce75d76ac2" testId="02778758-cc49-b70f-4d9e-207bdf0cd24c" testName="AddTest" computerName="ANGUS-LAPTOP" duration="00:00:00.0007595" startTime="2015-03-15T23:55:37.1960186+10:00" endTime="2015-03-15T23:55:37.2030287+10:00" testType="13cdc9d9-ddb5-4fa4-a97d-d965ccfc6d4b" outcome="Passed" testListId="8c84fa94-04c1-424b-9868-57a2d4851a1d" relativeResultsDirectory="2be2bf50-71a9-43b9-b55c-61ce75d76ac2">
    </UnitTestResult>
    <UnitTestResult executionId="92bc61d0-9441-4e9a-a58e-b06242abec3b" testId="e3bd59e2-736a-a74c-a5b4-2b8060fad9ac" testName="ClearAllTest" computerName="ANGUS-LAPTOP" duration="00:00:00.0009925" startTime="2015-03-15T23:55:37.2140318+10:00" endTime="2015-03-15T23:55:37.2240432+10:00" testType="13cdc9d9-ddb5-4fa4-a97d-d965ccfc6d4b" outcome="Passed" testListId="8c84fa94-04c1-424b-9868-57a2d4851a1d" relativeResultsDirectory="92bc61d0-9441-4e9a-a58e-b06242abec3b">
    </UnitTestResult>
    <UnitTestResult executionId="d1d60fa4-a508-4770-ac0d-8e9d76ba1c03" testId="39e3a354-d606-9be4-bb97-f5bfd0567f79" testName="CloneTest" computerName="ANGUS-LAPTOP" duration="00:00:00.0004982" startTime="2015-03-15T23:55:37.2320438+10:00" endTime="2015-03-15T23:55:37.2360479+10:00" testType="13cdc9d9-ddb5-4fa4-a97d-d965ccfc6d4b" outcome="Passed" testListId="8c84fa94-04c1-424b-9868-57a2d4851a1d" relativeResultsDirectory="d1d60fa4-a508-4770-ac0d-8e9d76ba1c03">
    </UnitTestResult>
    <UnitTestResult executionId="4299289b-19f2-4d06-a40a-9d4ea526af1a" testId="469b4d55-6f41-2a07-a79f-1311a5b57e9f" testName="ContentTest" computerName="ANGUS-LAPTOP" duration="00:00:00.0003382" startTime="2015-03-15T23:55:37.2450530+10:00" endTime="2015-03-15T23:55:37.2500565+10:00" testType="13cdc9d9-ddb5-4fa4-a97d-d965ccfc6d4b" outcome="Passed" testListId="8c84fa94-04c1-424b-9868-57a2d4851a1d" relativeResultsDirectory="4299289b-19f2-4d06-a40a-9d4ea526af1a">
    </UnitTestResult>
    <UnitTestResult executionId="7062827b-3050-400a-b132-40869e2a8f9c" testId="e9992c95-3268-77fc-18a7-b02c1de4585f" testName="InsertTest1" computerName="ANGUS-LAPTOP" duration="00:00:00.0004588" startTime="2015-03-15T23:55:37.2580622+10:00" endTime="2015-03-15T23:55:37.2630692+10:00" testType="13cdc9d9-ddb5-4fa4-a97d-d965ccfc6d4b" outcome="Passed" testListId="8c84fa94-04c1-424b-9868-57a2d4851a1d" relativeResultsDirectory="7062827b-3050-400a-b132-40869e2a8f9c">
    </UnitTestResult>
    <UnitTestResult executionId="61fe71c2-14d9-4b18-a69b-86799a539c7a" testId="4bff0ad5-e896-1b4d-1081-a1490afafa42" testName="RemoveContentAtTest" computerName="ANGUS-LAPTOP" duration="00:00:00.0004169" startTime="2015-03-15T23:55:37.2700737+10:00" endTime="2015-03-15T23:55:37.2750752+10:00" testType="13cdc9d9-ddb5-4fa4-a97d-d965ccfc6d4b" outcome="Passed" testListId="8c84fa94-04c1-424b-9868-57a2d4851a1d" relativeResultsDirectory="61fe71c2-14d9-4b18-a69b-86799a539c7a">
    </UnitTestResult>
    <UnitTestResult executionId="180648e2-8717-43f8-ba61-b318175e9b98" testId="fb7784f1-99b0-c059-267d-2499f2992897" testName="SetTest" computerName="ANGUS-LAPTOP" duration="00:00:00.0004913" startTime="2015-03-15T23:55:37.2820810+10:00" endTime="2015-03-15T23:55:37.2870828+10:00" testType="13cdc9d9-ddb5-4fa4-a97d-d965ccfc6d4b" outcome="Passed" testListId="8c84fa94-04c1-424b-9868-57a2d4851a1d" relativeResultsDirectory="180648e2-8717-43f8-ba61-b318175e9b98">
    </UnitTestResult>
    <UnitTestResult executionId="05cc0259-5b73-4b20-866d-cb95c2bfeaa0" testId="c812c44a-5c44-51b8-b655-5885aea417c4" testName="ToStringTest" computerName="ANGUS-LAPTOP" duration="00:00:00.0004460" startTime="2015-03-15T23:55:37.2960892+10:00" endTime="2015-03-15T23:55:37.3010928+10:00" testType="13cdc9d9-ddb5-4fa4-a97d-d965ccfc6d4b" outcome="Passed" testListId="8c84fa94-04c1-424b-9868-57a2d4851a1d" relativeResultsDirectory="05cc0259-5b73-4b20-866d-cb95c2bfeaa0">
    </UnitTestResult>
    <UnitTestResult executionId="17a9b66f-f425-4664-8ee1-cec4f8ec087f" testId="53408e81-9390-b885-d3ba-48cc087e6fa9" testName="AsStringTest" computerName="ANGUS-LAPTOP" duration="00:00:00.0003254" startTime="2015-03-15T23:55:37.3272293+10:00" endTime="2015-03-15T23:55:37.3332335+10:00" testType="13cdc9d9-ddb5-4fa4-a97d-d965ccfc6d4b" outcome="Passed" testListId="8c84fa94-04c1-424b-9868-57a2d4851a1d" relativeResultsDirectory="17a9b66f-f425-4664-8ee1-cec4f8ec087f">
    </UnitTestResult>
    <UnitTestResult executionId="885358db-cd87-489a-8882-c038bdae4640" testId="a13c16dd-eb35-6dc4-e44a-3c831bb7b60e" testName="AsStringRawTest" computerName="ANGUS-LAPTOP" duration="00:00:00.0005076" startTime="2015-03-15T23:55:37.3422399+10:00" endTime="2015-03-15T23:55:37.3472435+10:00" testType="13cdc9d9-ddb5-4fa4-a97d-d965ccfc6d4b" outcome="Passed" testListId="8c84fa94-04c1-424b-9868-57a2d4851a1d" relativeResultsDirectory="885358db-cd87-489a-8882-c038bdae4640">
    </UnitTestResult>
    <UnitTestResult executionId="4494fab2-f50e-4f9b-af1d-b98b1dd38187" testId="ff6bcfba-0ee9-cdf0-d001-087d61640fd4" testName="ContentCountTest" computerName="ANGUS-LAPTOP" duration="00:00:00.0004071" startTime="2015-03-15T23:55:37.3542549+10:00" endTime="2015-03-15T23:55:37.3592554+10:00" testType="13cdc9d9-ddb5-4fa4-a97d-d965ccfc6d4b" outcome="Passed" testListId="8c84fa94-04c1-424b-9868-57a2d4851a1d" relativeResultsDirectory="4494fab2-f50e-4f9b-af1d-b98b1dd38187">
    </UnitTestResult>
    <UnitTestResult executionId="8bccf06e-1a23-47c6-9a64-ac05ae356a43" testId="095f8059-d018-ce3b-36fe-2dc31b1660f3" testName="ContentListTest" computerName="ANGUS-LAPTOP" duration="00:00:00.0020245" startTime="2015-03-15T23:55:37.3682584+10:00" endTime="2015-03-15T23:55:37.3742627+10:00" testType="13cdc9d9-ddb5-4fa4-a97d-d965ccfc6d4b" outcome="Passed" testListId="8c84fa94-04c1-424b-9868-57a2d4851a1d" relativeResultsDirectory="8bccf06e-1a23-47c6-9a64-ac05ae356a43">
    </UnitTestResult>
    <UnitTestResult executionId="78c38b6a-b862-4668-ae09-778a62104b1f" testId="192175a3-4aa5-7081-0062-e07d677a3e35" testName="IsEmptyTest" computerName="ANGUS-LAPTOP" duration="00:00:00.0003062" startTime="2015-03-15T23:55:37.3822683+10:00" endTime="2015-03-15T23:55:37.3872753+10:00" testType="13cdc9d9-ddb5-4fa4-a97d-d965ccfc6d4b" outcome="Passed" testListId="8c84fa94-04c1-424b-9868-57a2d4851a1d" relativeResultsDirectory="78c38b6a-b862-4668-ae09-778a62104b1f">
    </UnitTestResult>
    <UnitTestResult executionId="2882bdd1-4d17-49f4-8f35-590bf8a391d5" testId="42fa85c9-4d31-c930-f249-93b92ee77398" testName="IsHL7NullTest" computerName="ANGUS-LAPTOP" duration="00:00:00.0003241" startTime="2015-03-15T23:55:37.3952810+10:00" endTime="2015-03-15T23:55:37.4002987+10:00" testType="13cdc9d9-ddb5-4fa4-a97d-d965ccfc6d4b" outcome="Passed" testListId="8c84fa94-04c1-424b-9868-57a2d4851a1d" relativeResultsDirectory="2882bdd1-4d17-49f4-8f35-590bf8a391d5">
    </UnitTestResult>
    <UnitTestResult executionId="eee87537-9977-4c02-af29-f1d729f40875" testId="648e5a6a-2e35-f5f3-d102-39cad7148c87" testName="PathInformationTest" computerName="ANGUS-LAPTOP" duration="00:00:00.0005007" startTime="2015-03-15T23:55:37.4082872+10:00" endTime="2015-03-15T23:55:37.4132899+10:00" testType="13cdc9d9-ddb5-4fa4-a97d-d965ccfc6d4b" outcome="Passed" testListId="8c84fa94-04c1-424b-9868-57a2d4851a1d" relativeResultsDirectory="eee87537-9977-4c02-af29-f1d729f40875">
    </UnitTestResult>
    <UnitTestResult executionId="44796468-c928-4b43-be5b-12358110da49" testId="b477f252-4b79-f949-3b9c-3d4c20a0c9c3" testName="AcknowledgementConstructorTest" computerName="ANGUS-LAPTOP" duration="00:00:00.0006115" startTime="2015-03-15T23:55:37.4212973+10:00" endTime="2015-03-15T23:55:37.4273183+10:00" testType="13cdc9d9-ddb5-4fa4-a97d-d965ccfc6d4b" outcome="Passed" testListId="8c84fa94-04c1-424b-9868-57a2d4851a1d" relativeResultsDirectory="44796468-c928-4b43-be5b-12358110da49">
    </UnitTestResult>
    <UnitTestResult executionId="ccf352bf-8f16-4c91-9d02-4326a9693663" testId="a2c198f3-307a-8289-8d73-7794fd4a6088" testName="GenerateAcknowledgementMessageTest" computerName="ANGUS-LAPTOP" duration="00:00:00.0058785" startTime="2015-03-15T23:55:37.4343083+10:00" endTime="2015-03-15T23:55:37.4453161+10:00" testType="13cdc9d9-ddb5-4fa4-a97d-d965ccfc6d4b" outcome="Passed" testListId="8c84fa94-04c1-424b-9868-57a2d4851a1d" relativeResultsDirectory="ccf352bf-8f16-4c91-9d02-4326a9693663">
    </UnitTestResult>
    <UnitTestResult executionId="d59ab365-e64f-4fab-9026-fad60eaedf9b" testId="36f5ba8b-e83d-21a6-6b46-234c7d076dfc" testName="TestContentTypeCreate" computerName="ANGUS-LAPTOP" duration="00:00:00.0004259" startTime="2015-03-15T23:55:37.4543216+10:00" endTime="2015-03-15T23:55:37.4593265+10:00" testType="13cdc9d9-ddb5-4fa4-a97d-d965ccfc6d4b" outcome="Passed" testListId="8c84fa94-04c1-424b-9868-57a2d4851a1d" relativeResultsDirectory="d59ab365-e64f-4fab-9026-fad60eaedf9b">
    </UnitTestResult>
    <UnitTestResult executionId="8986916e-8db4-4363-ad33-c36ae9e4ca45" testId="3653eb47-0ee9-b8ab-b11b-85c637b1195f" testName="TestContentTypeExceptions" computerName="ANGUS-LAPTOP" duration="00:00:00.0884991" startTime="2015-03-15T23:55:37.4663319+10:00" endTime="2015-03-15T23:55:37.5604452+10:00" testType="13cdc9d9-ddb5-4fa4-a97d-d965ccfc6d4b" outcome="Passed" testListId="8c84fa94-04c1-424b-9868-57a2d4851a1d" relativeResultsDirectory="8986916e-8db4-4363-ad33-c36ae9e4ca45">
    </UnitTestResult>
    <UnitTestResult executionId="4128aee2-bd34-4e30-8ff0-2b0625eed132" testId="012d2315-4e42-4667-a443-62fef4ef445f" testName="TestSubComponentCreate" computerName="ANGUS-LAPTOP" duration="00:00:00.0003904" startTime="2015-03-15T23:55:37.5684488+10:00" endTime="2015-03-15T23:55:37.5734519+10:00" testType="13cdc9d9-ddb5-4fa4-a97d-d965ccfc6d4b" outcome="Passed" testListId="8c84fa94-04c1-424b-9868-57a2d4851a1d" relativeResultsDirectory="4128aee2-bd34-4e30-8ff0-2b0625eed132">
    </UnitTestResult>
    <UnitTestResult executionId="1ac62dc1-ad98-4c5d-b06f-3f72cfa1cf9c" testId="81c8be9e-d70b-1223-942f-8fd68c01deff" testName="TestSubComponentAddingContent" computerName="ANGUS-LAPTOP" duration="00:00:00.0014745" startTime="2015-03-15T23:55:37.5814683+10:00" endTime="2015-03-15T23:55:37.5874653+10:00" testType="13cdc9d9-ddb5-4fa4-a97d-d965ccfc6d4b" outcome="Passed" testListId="8c84fa94-04c1-424b-9868-57a2d4851a1d" relativeResultsDirectory="1ac62dc1-ad98-4c5d-b06f-3f72cfa1cf9c">
    </UnitTestResult>
    <UnitTestResult executionId="24de629d-1288-4dd2-abf8-55e45328292a" testId="bddb2672-714c-c0cc-af8d-4f49c9398348" testName="TestSubComponentSettingContent" computerName="ANGUS-LAPTOP" duration="00:00:00.0017893" startTime="2015-03-15T23:55:37.5944694+10:00" endTime="2015-03-15T23:55:37.6004745+10:00" testType="13cdc9d9-ddb5-4fa4-a97d-d965ccfc6d4b" outcome="Passed" testListId="8c84fa94-04c1-424b-9868-57a2d4851a1d" relativeResultsDirectory="24de629d-1288-4dd2-abf8-55e45328292a">
    </UnitTestResult>
    <UnitTestResult executionId="68fea7e7-f90f-4c85-9d17-95be311bf455" testId="0fd8a5b0-4bab-92d7-9503-d011125db49e" testName="TestSubComponentContentCount" computerName="ANGUS-LAPTOP" duration="00:00:00.0009036" startTime="2015-03-15T23:55:37.6074761+10:00" endTime="2015-03-15T23:55:37.6144810+10:00" testType="13cdc9d9-ddb5-4fa4-a97d-d965ccfc6d4b" outcome="Passed" testListId="8c84fa94-04c1-424b-9868-57a2d4851a1d" relativeResultsDirectory="68fea7e7-f90f-4c85-9d17-95be311bf455">
    </UnitTestResult>
    <UnitTestResult executionId="07ab5160-2ae0-48a6-b530-3a6b77d18f3f" testId="ca96ed79-94d8-04a6-bf7b-d63d87b091a4" testName="TestComponentCreate" computerName="ANGUS-LAPTOP" duration="00:00:00.0180337" startTime="2015-03-15T23:55:37.6234874+10:00" endTime="2015-03-15T23:55:37.6475079+10:00" testType="13cdc9d9-ddb5-4fa4-a97d-d965ccfc6d4b" outcome="Passed" testListId="8c84fa94-04c1-424b-9868-57a2d4851a1d" relativeResultsDirectory="07ab5160-2ae0-48a6-b530-3a6b77d18f3f">
    </UnitTestResult>
    <UnitTestResult executionId="868f909f-1869-4b5b-8358-9189ce1f8bff" testId="32b9b9f5-4397-465f-7bd1-b23ce1b18f86" testName="TestFieldCreate" computerName="ANGUS-LAPTOP" duration="00:00:00.0183531" startTime="2015-03-15T23:55:37.6555140+10:00" endTime="2015-03-15T23:55:37.6785295+10:00" testType="13cdc9d9-ddb5-4fa4-a97d-d965ccfc6d4b" outcome="Passed" testListId="8c84fa94-04c1-424b-9868-57a2d4851a1d" relativeResultsDirectory="868f909f-1869-4b5b-8358-9189ce1f8bff">
    </UnitTestResult>
    <UnitTestResult executionId="517eef00-eb96-42dc-8209-eac24c3a085f" testId="73fcddfd-0abf-4092-fa36-e303fa699e43" testName="TestFieldCreate" computerName="ANGUS-LAPTOP" duration="00:00:00.0192893" startTime="2015-03-15T23:55:37.6865326+10:00" endTime="2015-03-15T23:55:37.7105492+10:00" testType="13cdc9d9-ddb5-4fa4-a97d-d965ccfc6d4b" outcome="Passed" testListId="8c84fa94-04c1-424b-9868-57a2d4851a1d" relativeResultsDirectory="517eef00-eb96-42dc-8209-eac24c3a085f">
    </UnitTestResult>
    <UnitTestResult executionId="fac0667a-cf76-464c-8799-ef3c85b947d4" testId="261a082e-e443-898e-1e84-d8529ce1f285" testName="TestFieldCreate" computerName="ANGUS-LAPTOP" duration="00:00:00.0234050" startTime="2015-03-15T23:55:37.7185562+10:00" endTime="2015-03-15T23:55:37.7466052+10:00" testType="13cdc9d9-ddb5-4fa4-a97d-d965ccfc6d4b" outcome="Passed" testListId="8c84fa94-04c1-424b-9868-57a2d4851a1d" relativeResultsDirectory="fac0667a-cf76-464c-8799-ef3c85b947d4">
    </UnitTestResult>
    <UnitTestResult executionId="0a069fb0-39e7-4b76-954d-d7893e0e071d" testId="f772f6d6-23ef-6c93-47fe-814b8ff01373" testName="TestMessageCreate" computerName="ANGUS-LAPTOP" duration="00:00:00.2550712" startTime="2015-03-15T23:55:37.7545942+10:00" endTime="2015-03-15T23:55:38.0158480+10:00" testType="13cdc9d9-ddb5-4fa4-a97d-d965ccfc6d4b" outcome="Passed" testListId="8c84fa94-04c1-424b-9868-57a2d4851a1d" relativeResultsDirectory="0a069fb0-39e7-4b76-954d-d7893e0e071d">
    </UnitTestResult>
  </Results>
</TestRun>